[0.104s] Invoking command in '/home/thieulong/ROS2-WorkSpace/build/my_cpp_pkg': CMAKE_PREFIX_PATH=/home/thieulong/ROS2-WorkSpace/install/my_py_pkg:/opt/ros/humble /usr/bin/cmake --build /home/thieulong/ROS2-WorkSpace/build/my_cpp_pkg -- -j8 -l8
[0.147s] [35m[1mConsolidate compiler generated dependencies of target cpp_node[0m
[0.167s] [100%] Built target cpp_node
[0.179s] Invoked command in '/home/thieulong/ROS2-WorkSpace/build/my_cpp_pkg' returned '0': CMAKE_PREFIX_PATH=/home/thieulong/ROS2-WorkSpace/install/my_py_pkg:/opt/ros/humble /usr/bin/cmake --build /home/thieulong/ROS2-WorkSpace/build/my_cpp_pkg -- -j8 -l8
[0.209s] Invoking command in '/home/thieulong/ROS2-WorkSpace/build/my_cpp_pkg': CMAKE_PREFIX_PATH=/home/thieulong/ROS2-WorkSpace/install/my_py_pkg:/opt/ros/humble /usr/bin/cmake --install /home/thieulong/ROS2-WorkSpace/build/my_cpp_pkg
[0.217s] -- Install configuration: ""
[0.217s] -- Up-to-date: /home/thieulong/ROS2-WorkSpace/install/my_cpp_pkg/lib/my_cpp_pkg/cpp_node
[0.217s] -- Up-to-date: /home/thieulong/ROS2-WorkSpace/install/my_cpp_pkg/share/ament_index/resource_index/package_run_dependencies/my_cpp_pkg
[0.218s] -- Up-to-date: /home/thieulong/ROS2-WorkSpace/install/my_cpp_pkg/share/ament_index/resource_index/parent_prefix_path/my_cpp_pkg
[0.218s] -- Up-to-date: /home/thieulong/ROS2-WorkSpace/install/my_cpp_pkg/share/my_cpp_pkg/environment/ament_prefix_path.sh
[0.218s] -- Up-to-date: /home/thieulong/ROS2-WorkSpace/install/my_cpp_pkg/share/my_cpp_pkg/environment/ament_prefix_path.dsv
[0.218s] -- Up-to-date: /home/thieulong/ROS2-WorkSpace/install/my_cpp_pkg/share/my_cpp_pkg/environment/path.sh
[0.218s] -- Up-to-date: /home/thieulong/ROS2-WorkSpace/install/my_cpp_pkg/share/my_cpp_pkg/environment/path.dsv
[0.218s] -- Up-to-date: /home/thieulong/ROS2-WorkSpace/install/my_cpp_pkg/share/my_cpp_pkg/local_setup.bash
[0.218s] -- Up-to-date: /home/thieulong/ROS2-WorkSpace/install/my_cpp_pkg/share/my_cpp_pkg/local_setup.sh
[0.218s] -- Up-to-date: /home/thieulong/ROS2-WorkSpace/install/my_cpp_pkg/share/my_cpp_pkg/local_setup.zsh
[0.218s] -- Up-to-date: /home/thieulong/ROS2-WorkSpace/install/my_cpp_pkg/share/my_cpp_pkg/local_setup.dsv
[0.218s] -- Installing: /home/thieulong/ROS2-WorkSpace/install/my_cpp_pkg/share/my_cpp_pkg/package.dsv
[0.218s] -- Up-to-date: /home/thieulong/ROS2-WorkSpace/install/my_cpp_pkg/share/ament_index/resource_index/packages/my_cpp_pkg
[0.219s] -- Up-to-date: /home/thieulong/ROS2-WorkSpace/install/my_cpp_pkg/share/my_cpp_pkg/cmake/my_cpp_pkgConfig.cmake
[0.219s] -- Up-to-date: /home/thieulong/ROS2-WorkSpace/install/my_cpp_pkg/share/my_cpp_pkg/cmake/my_cpp_pkgConfig-version.cmake
[0.219s] -- Up-to-date: /home/thieulong/ROS2-WorkSpace/install/my_cpp_pkg/share/my_cpp_pkg/package.xml
[0.221s] Invoked command in '/home/thieulong/ROS2-WorkSpace/build/my_cpp_pkg' returned '0': CMAKE_PREFIX_PATH=/home/thieulong/ROS2-WorkSpace/install/my_py_pkg:/opt/ros/humble /usr/bin/cmake --install /home/thieulong/ROS2-WorkSpace/build/my_cpp_pkg
