[1.540s] DEBUG:colcon:Command line arguments: ['/usr/bin/colcon', 'build', '--packages-select', 'my_py_pkg', '--symlink-install']
[1.540s] DEBUG:colcon:Parsed command line arguments: Namespace(log_base=None, log_level=None, verb_name='build', build_base='build', install_base='install', merge_install=False, symlink_install=True, test_result_base=None, continue_on_error=False, executor='parallel', parallel_workers=8, event_handlers=None, ignore_user_meta=False, metas=['./colcon.meta'], base_paths=['.'], packages_ignore=None, packages_ignore_regex=None, paths=None, packages_up_to=None, packages_up_to_regex=None, packages_above=None, packages_above_and_dependencies=None, packages_above_depth=None, packages_select_by_dep=None, packages_skip_by_dep=None, packages_skip_up_to=None, packages_select_build_failed=False, packages_skip_build_finished=False, packages_select_test_failures=False, packages_skip_test_passed=False, packages_select=['my_py_pkg'], packages_skip=None, packages_select_regex=None, packages_skip_regex=None, packages_start=None, packages_end=None, allow_overriding=[], cmake_args=None, cmake_target=None, cmake_target_skip_unavailable=False, cmake_clean_cache=False, cmake_clean_first=False, cmake_force_configure=False, ament_cmake_args=None, catkin_cmake_args=None, catkin_skip_building_tests=False, verb_parser=<colcon_defaults.argument_parser.defaults.DefaultArgumentsDecorator object at 0x7f80db491420>, verb_extension=<colcon_core.verb.build.BuildVerb object at 0x7f80db441ea0>, main=<bound method BuildVerb.main of <colcon_core.verb.build.BuildVerb object at 0x7f80db441ea0>>)
[1.604s] Level 1:colcon.colcon_core.package_discovery:discover_packages(colcon_meta) check parameters
[1.604s] Level 1:colcon.colcon_core.package_discovery:discover_packages(recursive) check parameters
[1.604s] Level 1:colcon.colcon_core.package_discovery:discover_packages(ignore) check parameters
[1.604s] Level 1:colcon.colcon_core.package_discovery:discover_packages(path) check parameters
[1.604s] Level 1:colcon.colcon_core.package_discovery:discover_packages(colcon_meta) discover
[1.604s] Level 1:colcon.colcon_core.package_discovery:discover_packages(recursive) discover
[1.604s] INFO:colcon.colcon_core.package_discovery:Crawling recursively for packages in '/home/thieulong/ROS2-WorkSpace'
[1.604s] Level 1:colcon.colcon_core.package_identification:_identify(.) by extensions ['ignore', 'ignore_ament_install']
[1.604s] Level 1:colcon.colcon_core.package_identification:_identify(.) by extension 'ignore'
[1.604s] Level 1:colcon.colcon_core.package_identification:_identify(.) by extension 'ignore_ament_install'
[1.604s] Level 1:colcon.colcon_core.package_identification:_identify(.) by extensions ['colcon_pkg']
[1.604s] Level 1:colcon.colcon_core.package_identification:_identify(.) by extension 'colcon_pkg'
[1.604s] Level 1:colcon.colcon_core.package_identification:_identify(.) by extensions ['colcon_meta']
[1.604s] Level 1:colcon.colcon_core.package_identification:_identify(.) by extension 'colcon_meta'
[1.604s] Level 1:colcon.colcon_core.package_identification:_identify(.) by extensions ['ros']
[1.604s] Level 1:colcon.colcon_core.package_identification:_identify(.) by extension 'ros'
[1.616s] Level 1:colcon.colcon_core.package_identification:_identify(.) by extensions ['cmake', 'python']
[1.616s] Level 1:colcon.colcon_core.package_identification:_identify(.) by extension 'cmake'
[1.616s] Level 1:colcon.colcon_core.package_identification:_identify(.) by extension 'python'
[1.616s] Level 1:colcon.colcon_core.package_identification:_identify(.) by extensions ['python_setup_py']
[1.616s] Level 1:colcon.colcon_core.package_identification:_identify(.) by extension 'python_setup_py'
[1.616s] Level 1:colcon.colcon_core.package_identification:_identify(build) by extensions ['ignore', 'ignore_ament_install']
[1.616s] Level 1:colcon.colcon_core.package_identification:_identify(build) by extension 'ignore'
[1.616s] Level 1:colcon.colcon_core.package_identification:_identify(build) ignored
[1.616s] Level 1:colcon.colcon_core.package_identification:_identify(install) by extensions ['ignore', 'ignore_ament_install']
[1.617s] Level 1:colcon.colcon_core.package_identification:_identify(install) by extension 'ignore'
[1.617s] Level 1:colcon.colcon_core.package_identification:_identify(install) ignored
[1.617s] Level 1:colcon.colcon_core.package_identification:_identify(log) by extensions ['ignore', 'ignore_ament_install']
[1.617s] Level 1:colcon.colcon_core.package_identification:_identify(log) by extension 'ignore'
[1.617s] Level 1:colcon.colcon_core.package_identification:_identify(log) ignored
[1.617s] Level 1:colcon.colcon_core.package_identification:_identify(src) by extensions ['ignore', 'ignore_ament_install']
[1.617s] Level 1:colcon.colcon_core.package_identification:_identify(src) by extension 'ignore'
[1.617s] Level 1:colcon.colcon_core.package_identification:_identify(src) by extension 'ignore_ament_install'
[1.617s] Level 1:colcon.colcon_core.package_identification:_identify(src) by extensions ['colcon_pkg']
[1.617s] Level 1:colcon.colcon_core.package_identification:_identify(src) by extension 'colcon_pkg'
[1.617s] Level 1:colcon.colcon_core.package_identification:_identify(src) by extensions ['colcon_meta']
[1.617s] Level 1:colcon.colcon_core.package_identification:_identify(src) by extension 'colcon_meta'
[1.617s] Level 1:colcon.colcon_core.package_identification:_identify(src) by extensions ['ros']
[1.617s] Level 1:colcon.colcon_core.package_identification:_identify(src) by extension 'ros'
[1.617s] Level 1:colcon.colcon_core.package_identification:_identify(src) by extensions ['cmake', 'python']
[1.618s] Level 1:colcon.colcon_core.package_identification:_identify(src) by extension 'cmake'
[1.618s] Level 1:colcon.colcon_core.package_identification:_identify(src) by extension 'python'
[1.618s] Level 1:colcon.colcon_core.package_identification:_identify(src) by extensions ['python_setup_py']
[1.618s] Level 1:colcon.colcon_core.package_identification:_identify(src) by extension 'python_setup_py'
[1.618s] Level 1:colcon.colcon_core.package_identification:_identify(src/build) by extensions ['ignore', 'ignore_ament_install']
[1.618s] Level 1:colcon.colcon_core.package_identification:_identify(src/build) by extension 'ignore'
[1.618s] Level 1:colcon.colcon_core.package_identification:_identify(src/build) ignored
[1.618s] Level 1:colcon.colcon_core.package_identification:_identify(src/install) by extensions ['ignore', 'ignore_ament_install']
[1.618s] Level 1:colcon.colcon_core.package_identification:_identify(src/install) by extension 'ignore'
[1.618s] Level 1:colcon.colcon_core.package_identification:_identify(src/install) ignored
[1.618s] Level 1:colcon.colcon_core.package_identification:_identify(src/log) by extensions ['ignore', 'ignore_ament_install']
[1.618s] Level 1:colcon.colcon_core.package_identification:_identify(src/log) by extension 'ignore'
[1.618s] Level 1:colcon.colcon_core.package_identification:_identify(src/log) ignored
[1.618s] Level 1:colcon.colcon_core.package_identification:_identify(src/my_cpp_pkg) by extensions ['ignore', 'ignore_ament_install']
[1.618s] Level 1:colcon.colcon_core.package_identification:_identify(src/my_cpp_pkg) by extension 'ignore'
[1.619s] Level 1:colcon.colcon_core.package_identification:_identify(src/my_cpp_pkg) by extension 'ignore_ament_install'
[1.619s] Level 1:colcon.colcon_core.package_identification:_identify(src/my_cpp_pkg) by extensions ['colcon_pkg']
[1.619s] Level 1:colcon.colcon_core.package_identification:_identify(src/my_cpp_pkg) by extension 'colcon_pkg'
[1.619s] Level 1:colcon.colcon_core.package_identification:_identify(src/my_cpp_pkg) by extensions ['colcon_meta']
[1.619s] Level 1:colcon.colcon_core.package_identification:_identify(src/my_cpp_pkg) by extension 'colcon_meta'
[1.619s] Level 1:colcon.colcon_core.package_identification:_identify(src/my_cpp_pkg) by extensions ['ros']
[1.619s] Level 1:colcon.colcon_core.package_identification:_identify(src/my_cpp_pkg) by extension 'ros'
[1.623s] DEBUG:colcon.colcon_core.package_identification:Package 'src/my_cpp_pkg' with type 'ros.ament_cmake' and name 'my_cpp_pkg'
[1.623s] Level 1:colcon.colcon_core.package_identification:_identify(src/my_py_pkg) by extensions ['ignore', 'ignore_ament_install']
[1.623s] Level 1:colcon.colcon_core.package_identification:_identify(src/my_py_pkg) by extension 'ignore'
[1.623s] Level 1:colcon.colcon_core.package_identification:_identify(src/my_py_pkg) by extension 'ignore_ament_install'
[1.623s] Level 1:colcon.colcon_core.package_identification:_identify(src/my_py_pkg) by extensions ['colcon_pkg']
[1.623s] Level 1:colcon.colcon_core.package_identification:_identify(src/my_py_pkg) by extension 'colcon_pkg'
[1.623s] Level 1:colcon.colcon_core.package_identification:_identify(src/my_py_pkg) by extensions ['colcon_meta']
[1.623s] Level 1:colcon.colcon_core.package_identification:_identify(src/my_py_pkg) by extension 'colcon_meta'
[1.624s] Level 1:colcon.colcon_core.package_identification:_identify(src/my_py_pkg) by extensions ['ros']
[1.624s] Level 1:colcon.colcon_core.package_identification:_identify(src/my_py_pkg) by extension 'ros'
[1.624s] DEBUG:colcon.colcon_core.package_identification:Package 'src/my_py_pkg' with type 'ros.ament_python' and name 'my_py_pkg'
[1.625s] Level 1:colcon.colcon_core.package_discovery:discover_packages(recursive) using defaults
[1.625s] Level 1:colcon.colcon_core.package_discovery:discover_packages(ignore) discover
[1.625s] Level 1:colcon.colcon_core.package_discovery:discover_packages(ignore) using defaults
[1.625s] Level 1:colcon.colcon_core.package_discovery:discover_packages(path) discover
[1.625s] Level 1:colcon.colcon_core.package_discovery:discover_packages(path) using defaults
[1.715s] INFO:colcon.colcon_core.package_selection:Skipping not selected package 'my_cpp_pkg' in 'src/my_cpp_pkg'
[1.776s] Level 1:colcon.colcon_core.package_discovery:discover_packages(prefix_path) check parameters
[1.776s] Level 1:colcon.colcon_core.package_discovery:discover_packages(prefix_path) discover
[1.824s] DEBUG:colcon.colcon_installed_package_information.package_discovery:Found 2 installed packages in /home/thieulong/ROS2-WorkSpace/install
[1.850s] DEBUG:colcon.colcon_installed_package_information.package_discovery:Found 270 installed packages in /opt/ros/humble
[1.851s] Level 1:colcon.colcon_core.package_discovery:discover_packages(prefix_path) using defaults
[1.961s] Level 5:colcon.colcon_core.verb:set package 'my_py_pkg' build argument 'cmake_args' from command line to 'None'
[1.961s] Level 5:colcon.colcon_core.verb:set package 'my_py_pkg' build argument 'cmake_target' from command line to 'None'
[1.961s] Level 5:colcon.colcon_core.verb:set package 'my_py_pkg' build argument 'cmake_target_skip_unavailable' from command line to 'False'
[1.961s] Level 5:colcon.colcon_core.verb:set package 'my_py_pkg' build argument 'cmake_clean_cache' from command line to 'False'
[1.961s] Level 5:colcon.colcon_core.verb:set package 'my_py_pkg' build argument 'cmake_clean_first' from command line to 'False'
[1.961s] Level 5:colcon.colcon_core.verb:set package 'my_py_pkg' build argument 'cmake_force_configure' from command line to 'False'
[1.961s] Level 5:colcon.colcon_core.verb:set package 'my_py_pkg' build argument 'ament_cmake_args' from command line to 'None'
[1.961s] Level 5:colcon.colcon_core.verb:set package 'my_py_pkg' build argument 'catkin_cmake_args' from command line to 'None'
[1.961s] Level 5:colcon.colcon_core.verb:set package 'my_py_pkg' build argument 'catkin_skip_building_tests' from command line to 'False'
[1.961s] DEBUG:colcon.colcon_core.verb:Building package 'my_py_pkg' with the following arguments: {'ament_cmake_args': None, 'build_base': '/home/thieulong/ROS2-WorkSpace/build/my_py_pkg', 'catkin_cmake_args': None, 'catkin_skip_building_tests': False, 'cmake_args': None, 'cmake_clean_cache': False, 'cmake_clean_first': False, 'cmake_force_configure': False, 'cmake_target': None, 'cmake_target_skip_unavailable': False, 'install_base': '/home/thieulong/ROS2-WorkSpace/install/my_py_pkg', 'merge_install': False, 'path': '/home/thieulong/ROS2-WorkSpace/src/my_py_pkg', 'symlink_install': True, 'test_result_base': None}
[1.984s] INFO:colcon.colcon_core.executor:Executing jobs using 'parallel' executor
[2.008s] DEBUG:colcon.colcon_parallel_executor.executor.parallel:run_until_complete
[2.009s] INFO:colcon.colcon_ros.task.ament_python.build:Building ROS package in '/home/thieulong/ROS2-WorkSpace/src/my_py_pkg' with build type 'ament_python'
[2.009s] Level 1:colcon.colcon_core.shell:create_environment_hook('my_py_pkg', 'ament_prefix_path')
[2.034s] INFO:colcon.colcon_core.plugin_system:Skipping extension 'colcon_core.shell.bat': Not used on non-Windows systems
[2.034s] INFO:colcon.colcon_core.shell:Creating environment hook '/home/thieulong/ROS2-WorkSpace/install/my_py_pkg/share/my_py_pkg/hook/ament_prefix_path.ps1'
[2.035s] INFO:colcon.colcon_core.shell:Creating environment descriptor '/home/thieulong/ROS2-WorkSpace/install/my_py_pkg/share/my_py_pkg/hook/ament_prefix_path.dsv'
[2.035s] INFO:colcon.colcon_core.shell:Creating environment hook '/home/thieulong/ROS2-WorkSpace/install/my_py_pkg/share/my_py_pkg/hook/ament_prefix_path.sh'
[2.059s] INFO:colcon.colcon_core.shell:Skip shell extension 'powershell' for command environment: Not usable outside of PowerShell
[2.060s] DEBUG:colcon.colcon_core.shell:Skip shell extension 'dsv' for command environment
[2.494s] INFO:colcon.colcon_core.task.python.build:Building Python package in '/home/thieulong/ROS2-WorkSpace/src/my_py_pkg'
[2.519s] INFO:colcon.colcon_core.shell:Skip shell extension 'powershell' for command environment: Not usable outside of PowerShell
[2.519s] DEBUG:colcon.colcon_core.shell:Skip shell extension 'dsv' for command environment
[3.045s] DEBUG:colcon.colcon_core.task.python.build:While undoing a previous installation files outside the Python library path are being ignored: /home/thieulong/ROS2-WorkSpace/install/my_py_pkg/share/ament_index/resource_index/packages/my_py_pkg
[3.045s] DEBUG:colcon.colcon_core.task.python.build:While undoing a previous installation files outside the Python library path are being ignored: /home/thieulong/ROS2-WorkSpace/install/my_py_pkg/share/my_py_pkg/package.xml
[3.045s] DEBUG:colcon.colcon_core.task.python.build:While undoing a previous installation files outside the Python library path are being ignored: /home/thieulong/ROS2-WorkSpace/install/my_py_pkg/lib/my_py_pkg/py_node
[3.049s] DEBUG:colcon.colcon_core.event_handler.log_command:Invoking command in '/home/thieulong/ROS2-WorkSpace/build/my_py_pkg': PYTHONPATH=/home/thieulong/ROS2-WorkSpace/build/my_py_pkg/prefix_override:/home/thieulong/ROS2-WorkSpace/install/my_py_pkg/lib/python3.10/site-packages:${PYTHONPATH} /usr/bin/python3 setup.py develop --editable --build-directory /home/thieulong/ROS2-WorkSpace/build/my_py_pkg/build --no-deps install_data
[3.745s] Level 1:colcon.colcon_core.shell:create_environment_hook('my_py_pkg', 'pythonpath_develop')
[3.746s] DEBUG:colcon.colcon_core.event_handler.log_command:Invoked command in '/home/thieulong/ROS2-WorkSpace/build/my_py_pkg' returned '0': PYTHONPATH=/home/thieulong/ROS2-WorkSpace/build/my_py_pkg/prefix_override:/home/thieulong/ROS2-WorkSpace/install/my_py_pkg/lib/python3.10/site-packages:${PYTHONPATH} /usr/bin/python3 setup.py develop --editable --build-directory /home/thieulong/ROS2-WorkSpace/build/my_py_pkg/build --no-deps install_data
[3.771s] INFO:colcon.colcon_core.shell:Creating environment hook '/home/thieulong/ROS2-WorkSpace/build/my_py_pkg/share/my_py_pkg/hook/pythonpath_develop.ps1'
[3.772s] INFO:colcon.colcon_core.shell:Creating environment descriptor '/home/thieulong/ROS2-WorkSpace/build/my_py_pkg/share/my_py_pkg/hook/pythonpath_develop.dsv'
[3.772s] INFO:colcon.colcon_core.shell:Creating environment hook '/home/thieulong/ROS2-WorkSpace/build/my_py_pkg/share/my_py_pkg/hook/pythonpath_develop.sh'
[3.800s] Level 1:colcon.colcon_core.environment:checking '/home/thieulong/ROS2-WorkSpace/install/my_py_pkg' for CMake module files
[3.800s] Level 1:colcon.colcon_core.environment:checking '/home/thieulong/ROS2-WorkSpace/install/my_py_pkg' for CMake config files
[3.801s] Level 1:colcon.colcon_core.environment:checking '/home/thieulong/ROS2-WorkSpace/install/my_py_pkg/lib'
[3.801s] Level 1:colcon.colcon_core.environment:checking '/home/thieulong/ROS2-WorkSpace/install/my_py_pkg/bin'
[3.801s] Level 1:colcon.colcon_core.environment:checking '/home/thieulong/ROS2-WorkSpace/install/my_py_pkg/lib/pkgconfig/my_py_pkg.pc'
[3.801s] Level 1:colcon.colcon_core.environment:checking '/home/thieulong/ROS2-WorkSpace/install/my_py_pkg/lib/python3.10/site-packages'
[3.802s] Level 1:colcon.colcon_core.shell:create_environment_hook('my_py_pkg', 'pythonpath')
[3.827s] INFO:colcon.colcon_core.shell:Creating environment hook '/home/thieulong/ROS2-WorkSpace/install/my_py_pkg/share/my_py_pkg/hook/pythonpath.ps1'
[3.827s] INFO:colcon.colcon_core.shell:Creating environment descriptor '/home/thieulong/ROS2-WorkSpace/install/my_py_pkg/share/my_py_pkg/hook/pythonpath.dsv'
[3.828s] INFO:colcon.colcon_core.shell:Creating environment hook '/home/thieulong/ROS2-WorkSpace/install/my_py_pkg/share/my_py_pkg/hook/pythonpath.sh'
[3.828s] Level 1:colcon.colcon_core.environment:checking '/home/thieulong/ROS2-WorkSpace/install/my_py_pkg/bin'
[3.828s] Level 1:colcon.colcon_core.environment:create_environment_scripts_only(my_py_pkg)
[3.853s] INFO:colcon.colcon_core.shell:Creating package script '/home/thieulong/ROS2-WorkSpace/install/my_py_pkg/share/my_py_pkg/package.ps1'
[3.854s] INFO:colcon.colcon_core.shell:Creating package descriptor '/home/thieulong/ROS2-WorkSpace/install/my_py_pkg/share/my_py_pkg/package.dsv'
[3.854s] INFO:colcon.colcon_core.shell:Creating package script '/home/thieulong/ROS2-WorkSpace/install/my_py_pkg/share/my_py_pkg/package.sh'
[3.855s] INFO:colcon.colcon_core.shell:Creating package script '/home/thieulong/ROS2-WorkSpace/install/my_py_pkg/share/my_py_pkg/package.bash'
[3.856s] INFO:colcon.colcon_core.shell:Creating package script '/home/thieulong/ROS2-WorkSpace/install/my_py_pkg/share/my_py_pkg/package.zsh'
[3.856s] Level 1:colcon.colcon_core.environment:create_file_with_runtime_dependencies(/home/thieulong/ROS2-WorkSpace/install/my_py_pkg/share/colcon-core/packages/my_py_pkg)
[3.857s] DEBUG:colcon.colcon_parallel_executor.executor.parallel:closing loop
[3.857s] DEBUG:colcon.colcon_parallel_executor.executor.parallel:loop closed
[3.857s] DEBUG:colcon.colcon_parallel_executor.executor.parallel:run_until_complete finished with '0'
[3.857s] DEBUG:colcon.colcon_core.event_reactor:joining thread
[3.885s] INFO:colcon.colcon_core.plugin_system:Skipping extension 'colcon_notification.desktop_notification.terminal_notifier': Not used on non-Darwin systems
[3.886s] INFO:colcon.colcon_core.plugin_system:Skipping extension 'colcon_notification.desktop_notification.win32': Not used on non-Windows systems
[3.886s] INFO:colcon.colcon_notification.desktop_notification:Sending desktop notification using 'notify2'
[3.897s] DEBUG:colcon.colcon_core.event_reactor:joined thread
[3.922s] INFO:colcon.colcon_core.shell:Creating prefix script '/home/thieulong/ROS2-WorkSpace/install/local_setup.ps1'
[3.923s] INFO:colcon.colcon_core.shell:Creating prefix util module '/home/thieulong/ROS2-WorkSpace/install/_local_setup_util_ps1.py'
[3.925s] INFO:colcon.colcon_core.shell:Creating prefix chain script '/home/thieulong/ROS2-WorkSpace/install/setup.ps1'
[3.949s] INFO:colcon.colcon_core.shell:Creating prefix script '/home/thieulong/ROS2-WorkSpace/install/local_setup.sh'
[3.950s] INFO:colcon.colcon_core.shell:Creating prefix util module '/home/thieulong/ROS2-WorkSpace/install/_local_setup_util_sh.py'
[3.950s] INFO:colcon.colcon_core.shell:Creating prefix chain script '/home/thieulong/ROS2-WorkSpace/install/setup.sh'
[3.974s] INFO:colcon.colcon_core.shell:Creating prefix script '/home/thieulong/ROS2-WorkSpace/install/local_setup.bash'
[3.975s] INFO:colcon.colcon_core.shell:Creating prefix chain script '/home/thieulong/ROS2-WorkSpace/install/setup.bash'
[4.000s] INFO:colcon.colcon_core.shell:Creating prefix script '/home/thieulong/ROS2-WorkSpace/install/local_setup.zsh'
[4.000s] INFO:colcon.colcon_core.shell:Creating prefix chain script '/home/thieulong/ROS2-WorkSpace/install/setup.zsh'
