[0.226s] Invoking command in '/home/thieulong/ROS2-WorkSpace/src/build/my_cpp_pkg': CMAKE_PREFIX_PATH=/opt/ros/humble /usr/bin/cmake /home/thieulong/ROS2-WorkSpace/src/my_cpp_pkg -DCMAKE_INSTALL_PREFIX=/home/thieulong/ROS2-WorkSpace/src/install/my_cpp_pkg
[0.322s] -- The C compiler identification is GNU 11.4.0
[0.416s] -- The CXX compiler identification is GNU 11.4.0
[0.429s] -- Detecting C compiler ABI info
[0.498s] -- Detecting C compiler ABI info - done
[0.506s] -- Check for working C compiler: /usr/bin/cc - skipped
[0.507s] -- Detecting C compile features
[0.507s] -- Detecting C compile features - done
[0.511s] -- Detecting CXX compiler ABI info
[0.587s] -- Detecting CXX compiler ABI info - done
[0.596s] -- Check for working CXX compiler: /usr/bin/c++ - skipped
[0.596s] -- Detecting CXX compile features
[0.597s] -- Detecting CXX compile features - done
[0.599s] -- Found ament_cmake: 1.3.5 (/opt/ros/humble/share/ament_cmake/cmake)
[0.780s] -- Found Python3: /usr/bin/python3.10 (found version "3.10.12") found components: Interpreter 
[0.874s] -- Found rclcpp: 16.0.6 (/opt/ros/humble/share/rclcpp/cmake)
[0.913s] -- Found rosidl_generator_c: 3.1.5 (/opt/ros/humble/share/rosidl_generator_c/cmake)
[0.917s] -- Found rosidl_adapter: 3.1.5 (/opt/ros/humble/share/rosidl_adapter/cmake)
[0.925s] -- Found rosidl_generator_cpp: 3.1.5 (/opt/ros/humble/share/rosidl_generator_cpp/cmake)
[0.938s] -- Using all available rosidl_typesupport_c: rosidl_typesupport_fastrtps_c;rosidl_typesupport_introspection_c
[0.958s] -- Using all available rosidl_typesupport_cpp: rosidl_typesupport_fastrtps_cpp;rosidl_typesupport_introspection_cpp
[1.030s] -- Found rmw_implementation_cmake: 6.1.1 (/opt/ros/humble/share/rmw_implementation_cmake/cmake)
[1.032s] -- Found rmw_fastrtps_cpp: 6.2.4 (/opt/ros/humble/share/rmw_fastrtps_cpp/cmake)
[1.128s] -- Found OpenSSL: /usr/lib/x86_64-linux-gnu/libcrypto.so (found version "3.0.2")  
[1.159s] -- Found FastRTPS: /opt/ros/humble/include  
[1.206s] -- Using RMW implementation 'rmw_fastrtps_cpp' as default
[1.216s] -- Looking for pthread.h
[1.292s] -- Looking for pthread.h - found
[1.293s] -- Performing Test CMAKE_HAVE_LIBC_PTHREAD
[1.362s] -- Performing Test CMAKE_HAVE_LIBC_PTHREAD - Success
[1.363s] -- Found Threads: TRUE  
[1.554s] -- Found ament_lint_auto: 0.12.8 (/opt/ros/humble/share/ament_lint_auto/cmake)
[1.630s] -- Added test 'lint_cmake' to check CMake code style
[1.631s] -- Added test 'xmllint' to check XML markup files
[1.632s] -- Configuring done
[1.636s] -- Generating done
[1.637s] -- Build files have been written to: /home/thieulong/ROS2-WorkSpace/src/build/my_cpp_pkg
[1.649s] Invoked command in '/home/thieulong/ROS2-WorkSpace/src/build/my_cpp_pkg' returned '0': CMAKE_PREFIX_PATH=/opt/ros/humble /usr/bin/cmake /home/thieulong/ROS2-WorkSpace/src/my_cpp_pkg -DCMAKE_INSTALL_PREFIX=/home/thieulong/ROS2-WorkSpace/src/install/my_cpp_pkg
[1.650s] Invoking command in '/home/thieulong/ROS2-WorkSpace/src/build/my_cpp_pkg': CMAKE_PREFIX_PATH=/opt/ros/humble /usr/bin/cmake --build /home/thieulong/ROS2-WorkSpace/src/build/my_cpp_pkg -- -j8 -l8
[1.687s] Invoked command in '/home/thieulong/ROS2-WorkSpace/src/build/my_cpp_pkg' returned '0': CMAKE_PREFIX_PATH=/opt/ros/humble /usr/bin/cmake --build /home/thieulong/ROS2-WorkSpace/src/build/my_cpp_pkg -- -j8 -l8
[1.715s] Invoking command in '/home/thieulong/ROS2-WorkSpace/src/build/my_cpp_pkg': CMAKE_PREFIX_PATH=/opt/ros/humble /usr/bin/cmake --install /home/thieulong/ROS2-WorkSpace/src/build/my_cpp_pkg
[1.723s] -- Install configuration: ""
[1.723s] -- Installing: /home/thieulong/ROS2-WorkSpace/src/install/my_cpp_pkg/share/ament_index/resource_index/package_run_dependencies/my_cpp_pkg
[1.723s] -- Installing: /home/thieulong/ROS2-WorkSpace/src/install/my_cpp_pkg/share/ament_index/resource_index/parent_prefix_path/my_cpp_pkg
[1.723s] -- Installing: /home/thieulong/ROS2-WorkSpace/src/install/my_cpp_pkg/share/my_cpp_pkg/environment/ament_prefix_path.sh
[1.724s] -- Installing: /home/thieulong/ROS2-WorkSpace/src/install/my_cpp_pkg/share/my_cpp_pkg/environment/ament_prefix_path.dsv
[1.724s] -- Installing: /home/thieulong/ROS2-WorkSpace/src/install/my_cpp_pkg/share/my_cpp_pkg/environment/path.sh
[1.724s] -- Installing: /home/thieulong/ROS2-WorkSpace/src/install/my_cpp_pkg/share/my_cpp_pkg/environment/path.dsv
[1.724s] -- Installing: /home/thieulong/ROS2-WorkSpace/src/install/my_cpp_pkg/share/my_cpp_pkg/local_setup.bash
[1.724s] -- Installing: /home/thieulong/ROS2-WorkSpace/src/install/my_cpp_pkg/share/my_cpp_pkg/local_setup.sh
[1.724s] -- Installing: /home/thieulong/ROS2-WorkSpace/src/install/my_cpp_pkg/share/my_cpp_pkg/local_setup.zsh
[1.725s] -- Installing: /home/thieulong/ROS2-WorkSpace/src/install/my_cpp_pkg/share/my_cpp_pkg/local_setup.dsv
[1.725s] -- Installing: /home/thieulong/ROS2-WorkSpace/src/install/my_cpp_pkg/share/my_cpp_pkg/package.dsv
[1.725s] -- Installing: /home/thieulong/ROS2-WorkSpace/src/install/my_cpp_pkg/share/ament_index/resource_index/packages/my_cpp_pkg
[1.725s] -- Installing: /home/thieulong/ROS2-WorkSpace/src/install/my_cpp_pkg/share/my_cpp_pkg/cmake/my_cpp_pkgConfig.cmake
[1.725s] -- Installing: /home/thieulong/ROS2-WorkSpace/src/install/my_cpp_pkg/share/my_cpp_pkg/cmake/my_cpp_pkgConfig-version.cmake
[1.725s] -- Installing: /home/thieulong/ROS2-WorkSpace/src/install/my_cpp_pkg/share/my_cpp_pkg/package.xml
[1.727s] Invoked command in '/home/thieulong/ROS2-WorkSpace/src/build/my_cpp_pkg' returned '0': CMAKE_PREFIX_PATH=/opt/ros/humble /usr/bin/cmake --install /home/thieulong/ROS2-WorkSpace/src/build/my_cpp_pkg
