[0.100s] Invoking command in '/home/thieulong/ROS2-WorkSpace/build/my_cpp_pkg': CMAKE_PREFIX_PATH=${CMAKE_PREFIX_PATH}:/home/thieulong/ROS2-WorkSpace/install/my_py_pkg:/opt/ros/humble /usr/bin/cmake /home/thieulong/ROS2-WorkSpace/src/my_cpp_pkg -DCMAKE_INSTALL_PREFIX=/home/thieulong/ROS2-WorkSpace/install/my_cpp_pkg
[0.113s] -- Found ament_cmake: 1.3.5 (/opt/ros/humble/share/ament_cmake/cmake)
[0.272s] -- Override CMake install command with custom implementation using symlinks instead of copying resources
[0.283s] -- Found rclcpp: 16.0.6 (/opt/ros/humble/share/rclcpp/cmake)
[0.314s] -- Found rosidl_generator_c: 3.1.5 (/opt/ros/humble/share/rosidl_generator_c/cmake)
[0.317s] -- Found rosidl_adapter: 3.1.5 (/opt/ros/humble/share/rosidl_adapter/cmake)
[0.324s] -- Found rosidl_generator_cpp: 3.1.5 (/opt/ros/humble/share/rosidl_generator_cpp/cmake)
[0.337s] -- Using all available rosidl_typesupport_c: rosidl_typesupport_fastrtps_c;rosidl_typesupport_introspection_c
[0.354s] -- Using all available rosidl_typesupport_cpp: rosidl_typesupport_fastrtps_cpp;rosidl_typesupport_introspection_cpp
[0.417s] -- Found rmw_implementation_cmake: 6.1.1 (/opt/ros/humble/share/rmw_implementation_cmake/cmake)
[0.418s] -- Found rmw_fastrtps_cpp: 6.2.4 (/opt/ros/humble/share/rmw_fastrtps_cpp/cmake)
[0.540s] -- Using RMW implementation 'rmw_fastrtps_cpp' as default
[0.714s] -- Found example_interfaces: 0.9.3 (/opt/ros/humble/share/example_interfaces/cmake)
[0.892s] -- Found ament_lint_auto: 0.12.8 (/opt/ros/humble/share/ament_lint_auto/cmake)
[0.969s] -- Added test 'cppcheck' to perform static code analysis on C / C++ code
[0.969s] -- Configured cppcheck include dirs: 
[0.969s] -- Configured cppcheck exclude dirs and/or files: 
[0.970s] -- Added test 'flake8' to check Python code syntax and style conventions
[0.970s] -- Added test 'lint_cmake' to check CMake code style
[0.971s] -- Added test 'pep257' to check Python code against some of the docstring style conventions in PEP 257
[0.972s] -- Added test 'uncrustify' to check C / C++ code style
[0.972s] -- Configured uncrustify additional arguments: 
[0.973s] -- Added test 'xmllint' to check XML markup files
[0.974s] -- Configuring done
[0.986s] -- Generating done
[0.988s] -- Build files have been written to: /home/thieulong/ROS2-WorkSpace/build/my_cpp_pkg
[0.996s] Invoked command in '/home/thieulong/ROS2-WorkSpace/build/my_cpp_pkg' returned '0': CMAKE_PREFIX_PATH=${CMAKE_PREFIX_PATH}:/home/thieulong/ROS2-WorkSpace/install/my_py_pkg:/opt/ros/humble /usr/bin/cmake /home/thieulong/ROS2-WorkSpace/src/my_cpp_pkg -DCMAKE_INSTALL_PREFIX=/home/thieulong/ROS2-WorkSpace/install/my_cpp_pkg
[0.997s] Invoking command in '/home/thieulong/ROS2-WorkSpace/build/my_cpp_pkg': CMAKE_PREFIX_PATH=${CMAKE_PREFIX_PATH}:/home/thieulong/ROS2-WorkSpace/install/my_py_pkg:/opt/ros/humble /usr/bin/cmake --build /home/thieulong/ROS2-WorkSpace/build/my_cpp_pkg -- -j8 -l8
[1.035s] [35m[1mConsolidate compiler generated dependencies of target cpp_node[0m
[1.043s] [ 25%] [32mBuilding CXX object CMakeFiles/robot_news_station.dir/src/robot_news_station.cpp.o[0m
[1.051s] [ 75%] Built target cpp_node
[5.607s] [100%] [32m[1mLinking CXX executable robot_news_station[0m
[5.836s] [100%] Built target robot_news_station
[5.847s] Invoked command in '/home/thieulong/ROS2-WorkSpace/build/my_cpp_pkg' returned '0': CMAKE_PREFIX_PATH=${CMAKE_PREFIX_PATH}:/home/thieulong/ROS2-WorkSpace/install/my_py_pkg:/opt/ros/humble /usr/bin/cmake --build /home/thieulong/ROS2-WorkSpace/build/my_cpp_pkg -- -j8 -l8
[5.883s] Invoking command in '/home/thieulong/ROS2-WorkSpace/build/my_cpp_pkg': CMAKE_PREFIX_PATH=${CMAKE_PREFIX_PATH}:/home/thieulong/ROS2-WorkSpace/install/my_py_pkg:/opt/ros/humble /usr/bin/cmake --install /home/thieulong/ROS2-WorkSpace/build/my_cpp_pkg
[5.889s] -- Install configuration: ""
[5.890s] -- Execute custom install script
[5.890s] -- Up-to-date symlink: /home/thieulong/ROS2-WorkSpace/install/my_cpp_pkg/lib/my_cpp_pkg/cpp_node
[5.890s] -- Up-to-date symlink: /home/thieulong/ROS2-WorkSpace/install/my_cpp_pkg/share/ament_index/resource_index/package_run_dependencies/my_cpp_pkg
[5.890s] -- Up-to-date symlink: /home/thieulong/ROS2-WorkSpace/install/my_cpp_pkg/share/ament_index/resource_index/parent_prefix_path/my_cpp_pkg
[5.890s] -- Up-to-date symlink: /home/thieulong/ROS2-WorkSpace/install/my_cpp_pkg/share/my_cpp_pkg/environment/ament_prefix_path.sh
[5.891s] -- Up-to-date symlink: /home/thieulong/ROS2-WorkSpace/install/my_cpp_pkg/share/my_cpp_pkg/environment/ament_prefix_path.dsv
[5.891s] -- Up-to-date symlink: /home/thieulong/ROS2-WorkSpace/install/my_cpp_pkg/share/my_cpp_pkg/environment/path.sh
[5.891s] -- Up-to-date symlink: /home/thieulong/ROS2-WorkSpace/install/my_cpp_pkg/share/my_cpp_pkg/environment/path.dsv
[5.891s] -- Up-to-date symlink: /home/thieulong/ROS2-WorkSpace/install/my_cpp_pkg/share/my_cpp_pkg/local_setup.bash
[5.891s] -- Up-to-date symlink: /home/thieulong/ROS2-WorkSpace/install/my_cpp_pkg/share/my_cpp_pkg/local_setup.sh
[5.891s] -- Up-to-date symlink: /home/thieulong/ROS2-WorkSpace/install/my_cpp_pkg/share/my_cpp_pkg/local_setup.zsh
[5.891s] -- Up-to-date symlink: /home/thieulong/ROS2-WorkSpace/install/my_cpp_pkg/share/my_cpp_pkg/local_setup.dsv
[5.892s] -- Symlinking: /home/thieulong/ROS2-WorkSpace/install/my_cpp_pkg/share/my_cpp_pkg/package.dsv
[5.902s] -- Up-to-date symlink: /home/thieulong/ROS2-WorkSpace/install/my_cpp_pkg/share/ament_index/resource_index/packages/my_cpp_pkg
[5.902s] -- Up-to-date symlink: /home/thieulong/ROS2-WorkSpace/install/my_cpp_pkg/share/my_cpp_pkg/cmake/my_cpp_pkgConfig.cmake
[5.902s] -- Up-to-date symlink: /home/thieulong/ROS2-WorkSpace/install/my_cpp_pkg/share/my_cpp_pkg/cmake/my_cpp_pkgConfig-version.cmake
[5.902s] -- Up-to-date symlink: /home/thieulong/ROS2-WorkSpace/install/my_cpp_pkg/share/my_cpp_pkg/package.xml
[5.904s] Invoked command in '/home/thieulong/ROS2-WorkSpace/build/my_cpp_pkg' returned '0': CMAKE_PREFIX_PATH=${CMAKE_PREFIX_PATH}:/home/thieulong/ROS2-WorkSpace/install/my_py_pkg:/opt/ros/humble /usr/bin/cmake --install /home/thieulong/ROS2-WorkSpace/build/my_cpp_pkg
