[0.082s] Invoking command in '/home/thieulong/ROS2-WorkSpace/build/my_robot_interfaces': CMAKE_PREFIX_PATH=${CMAKE_PREFIX_PATH}:/home/thieulong/ROS2-WorkSpace/install/my_py_pkg:/opt/ros/humble /usr/bin/cmake --build /home/thieulong/ROS2-WorkSpace/build/my_robot_interfaces -- -j8 -l8
[0.100s] -- Found ament_cmake: 1.3.5 (/opt/ros/humble/share/ament_cmake/cmake)
[0.237s] -- Found rosidl_default_generators: 1.2.0 (/opt/ros/humble/share/rosidl_default_generators/cmake)
[0.238s] -- Using all available rosidl_typesupport_c: rosidl_typesupport_fastrtps_c;rosidl_typesupport_introspection_c
[0.241s] -- Found rosidl_adapter: 3.1.5 (/opt/ros/humble/share/rosidl_adapter/cmake)
[0.277s] -- Using all available rosidl_typesupport_cpp: rosidl_typesupport_fastrtps_cpp;rosidl_typesupport_introspection_cpp
[0.546s] -- Found ament_cmake_ros: 0.10.0 (/opt/ros/humble/share/ament_cmake_ros/cmake)
[0.706s] -- Using all available rosidl_typesupport_c: rosidl_typesupport_fastrtps_c;rosidl_typesupport_introspection_c
[0.916s] -- Using all available rosidl_typesupport_cpp: rosidl_typesupport_fastrtps_cpp;rosidl_typesupport_introspection_cpp
[0.937s] -- Found python_cmake_module: 0.10.0 (/opt/ros/humble/share/python_cmake_module/cmake)
[0.959s] -- Using PYTHON_EXECUTABLE: /usr/bin/python3
[0.959s] -- Using PYTHON_INCLUDE_DIRS: /usr/include/python3.10
[0.959s] -- Using PYTHON_LIBRARIES: /usr/lib/x86_64-linux-gnu/libpython3.10.so
[0.974s] -- Configuring done
[1.002s] -- Generating done
[1.004s] -- Build files have been written to: /home/thieulong/ROS2-WorkSpace/build/my_robot_interfaces
[1.022s] [  2%] [34m[1mGenerating C code for ROS interfaces[0m
[1.030s] [  5%] [34m[1mGenerating C++ code for ROS interfaces[0m
[1.039s] [  5%] Built target ament_cmake_python_copy_my_robot_interfaces
[1.335s] [35m[1mConsolidate compiler generated dependencies of target my_robot_interfaces__rosidl_generator_c[0m
[1.343s] [  5%] Built target my_robot_interfaces__cpp
[1.344s] [ 10%] [32mBuilding C object CMakeFiles/my_robot_interfaces__rosidl_generator_c.dir/rosidl_generator_c/my_robot_interfaces/msg/detail/hardware_status__functions.c.o[0m
[1.344s] [ 10%] [32mBuilding C object CMakeFiles/my_robot_interfaces__rosidl_generator_c.dir/rosidl_generator_c/my_robot_interfaces/srv/detail/compute_rectangle_area__functions.c.o[0m
[1.353s] [ 12%] [34m[1mGenerating C++ type support dispatch for ROS interfaces[0m
[1.355s] [ 17%] [34m[1mGenerating C++ introspection for ROS interfaces[0m
[1.355s] [ 17%] [34m[1mGenerating C++ type support for eProsima Fast-RTPS[0m
[1.360s] running egg_info
[1.361s] writing my_robot_interfaces.egg-info/PKG-INFO
[1.361s] writing dependency_links to my_robot_interfaces.egg-info/dependency_links.txt
[1.361s] writing top-level names to my_robot_interfaces.egg-info/top_level.txt
[1.364s] reading manifest file 'my_robot_interfaces.egg-info/SOURCES.txt'
[1.365s] writing manifest file 'my_robot_interfaces.egg-info/SOURCES.txt'
[1.398s] [ 17%] Built target ament_cmake_python_build_my_robot_interfaces_egg
[1.423s] [ 20%] [32m[1mLinking C shared library libmy_robot_interfaces__rosidl_generator_c.so[0m
[1.460s] [ 20%] Built target my_robot_interfaces__rosidl_generator_c
[1.469s] [ 23%] [34m[1mGenerating C introspection for ROS interfaces[0m
[1.471s] [ 25%] [34m[1mGenerating C type support for eProsima Fast-RTPS[0m
[1.472s] [ 28%] [34m[1mGenerating C type support dispatch for ROS interfaces[0m
[1.666s] [35m[1mConsolidate compiler generated dependencies of target my_robot_interfaces__rosidl_typesupport_introspection_cpp[0m
[1.681s] [ 33%] [32mBuilding CXX object CMakeFiles/my_robot_interfaces__rosidl_typesupport_introspection_cpp.dir/rosidl_typesupport_introspection_cpp/my_robot_interfaces/srv/detail/compute_rectangle_area__type_support.cpp.o[0m
[1.682s] [ 33%] [32mBuilding CXX object CMakeFiles/my_robot_interfaces__rosidl_typesupport_introspection_cpp.dir/rosidl_typesupport_introspection_cpp/my_robot_interfaces/msg/detail/hardware_status__type_support.cpp.o[0m
[1.773s] [35m[1mConsolidate compiler generated dependencies of target my_robot_interfaces__rosidl_typesupport_cpp[0m
[1.790s] [ 35%] [32mBuilding CXX object CMakeFiles/my_robot_interfaces__rosidl_typesupport_cpp.dir/rosidl_typesupport_cpp/my_robot_interfaces/srv/compute_rectangle_area__type_support.cpp.o[0m
[1.791s] [ 38%] [32mBuilding CXX object CMakeFiles/my_robot_interfaces__rosidl_typesupport_cpp.dir/rosidl_typesupport_cpp/my_robot_interfaces/msg/hardware_status__type_support.cpp.o[0m
[1.826s] [35m[1mConsolidate compiler generated dependencies of target my_robot_interfaces__rosidl_typesupport_fastrtps_c[0m
[1.856s] [ 41%] [32mBuilding CXX object CMakeFiles/my_robot_interfaces__rosidl_typesupport_fastrtps_c.dir/rosidl_typesupport_fastrtps_c/my_robot_interfaces/msg/detail/hardware_status__type_support_c.cpp.o[0m
[1.887s] [35m[1mConsolidate compiler generated dependencies of target my_robot_interfaces__rosidl_typesupport_fastrtps_cpp[0m
[1.893s] [35m[1mConsolidate compiler generated dependencies of target my_robot_interfaces__rosidl_typesupport_c[0m
[1.918s] [ 46%] [32mBuilding CXX object CMakeFiles/my_robot_interfaces__rosidl_typesupport_fastrtps_cpp.dir/rosidl_typesupport_fastrtps_cpp/my_robot_interfaces/msg/detail/dds_fastrtps/hardware_status__type_support.cpp.o[0m
[1.919s] [ 46%] [32mBuilding CXX object CMakeFiles/my_robot_interfaces__rosidl_typesupport_c.dir/rosidl_typesupport_c/my_robot_interfaces/msg/hardware_status__type_support.cpp.o[0m
[1.971s] [ 48%] [32mBuilding CXX object CMakeFiles/my_robot_interfaces__rosidl_typesupport_c.dir/rosidl_typesupport_c/my_robot_interfaces/srv/compute_rectangle_area__type_support.cpp.o[0m
[1.994s] [35m[1mConsolidate compiler generated dependencies of target my_robot_interfaces__rosidl_typesupport_introspection_c[0m
[2.021s] [ 51%] [32mBuilding C object CMakeFiles/my_robot_interfaces__rosidl_typesupport_introspection_c.dir/rosidl_typesupport_introspection_c/my_robot_interfaces/msg/detail/hardware_status__type_support.c.o[0m
[2.027s] [ 53%] [32m[1mLinking CXX shared library libmy_robot_interfaces__rosidl_typesupport_c.so[0m
[2.077s] [ 56%] [32mBuilding C object CMakeFiles/my_robot_interfaces__rosidl_typesupport_introspection_c.dir/rosidl_typesupport_introspection_c/my_robot_interfaces/srv/detail/compute_rectangle_area__type_support.c.o[0m
[2.102s] [ 56%] Built target my_robot_interfaces__rosidl_typesupport_c
[2.114s] [ 58%] [32mBuilding CXX object CMakeFiles/my_robot_interfaces__rosidl_typesupport_fastrtps_c.dir/rosidl_typesupport_fastrtps_c/my_robot_interfaces/srv/detail/compute_rectangle_area__type_support_c.cpp.o[0m
[2.137s] [ 61%] [32m[1mLinking C shared library libmy_robot_interfaces__rosidl_typesupport_introspection_c.so[0m
[2.194s] [ 61%] Built target my_robot_interfaces__rosidl_typesupport_introspection_c
[2.207s] [ 64%] [32mBuilding CXX object CMakeFiles/my_robot_interfaces__rosidl_typesupport_fastrtps_cpp.dir/rosidl_typesupport_fastrtps_cpp/my_robot_interfaces/srv/detail/dds_fastrtps/compute_rectangle_area__type_support.cpp.o[0m
[2.233s] [ 66%] [32m[1mLinking CXX shared library libmy_robot_interfaces__rosidl_typesupport_cpp.so[0m
[2.286s] [ 69%] [32m[1mLinking CXX shared library libmy_robot_interfaces__rosidl_typesupport_introspection_cpp.so[0m
[2.300s] [ 69%] Built target my_robot_interfaces__rosidl_typesupport_cpp
[2.377s] [ 69%] Built target my_robot_interfaces__rosidl_typesupport_introspection_cpp
[2.536s] [ 71%] [32m[1mLinking CXX shared library libmy_robot_interfaces__rosidl_typesupport_fastrtps_c.so[0m
[2.608s] [ 71%] Built target my_robot_interfaces__rosidl_typesupport_fastrtps_c
[2.627s] [ 74%] [32m[1mLinking CXX shared library libmy_robot_interfaces__rosidl_typesupport_fastrtps_cpp.so[0m
[2.694s] [ 74%] Built target my_robot_interfaces__rosidl_typesupport_fastrtps_cpp
[2.713s] [ 74%] Built target my_robot_interfaces
[2.732s] [ 76%] [34m[1mGenerating Python code for ROS interfaces[0m
[3.123s] [ 76%] Built target my_robot_interfaces__py
[3.132s] [35m[1mConsolidate compiler generated dependencies of target my_robot_interfaces__rosidl_generator_py[0m
[3.144s] [ 82%] [32mBuilding C object CMakeFiles/my_robot_interfaces__rosidl_generator_py.dir/rosidl_generator_py/my_robot_interfaces/srv/_compute_rectangle_area_s.c.o[0m
[3.144s] [ 82%] [32mBuilding C object CMakeFiles/my_robot_interfaces__rosidl_generator_py.dir/rosidl_generator_py/my_robot_interfaces/msg/_hardware_status_s.c.o[0m
[3.238s] [ 84%] [32m[1mLinking C shared library rosidl_generator_py/my_robot_interfaces/libmy_robot_interfaces__rosidl_generator_py.so[0m
[3.273s] [ 84%] Built target my_robot_interfaces__rosidl_generator_py
[3.282s] [35m[1mConsolidate compiler generated dependencies of target my_robot_interfaces__rosidl_typesupport_fastrtps_c__pyext[0m
[3.282s] [35m[1mConsolidate compiler generated dependencies of target my_robot_interfaces__rosidl_typesupport_introspection_c__pyext[0m
[3.282s] [35m[1mConsolidate compiler generated dependencies of target my_robot_interfaces__rosidl_typesupport_c__pyext[0m
[3.294s] [ 92%] [32mBuilding C object CMakeFiles/my_robot_interfaces__rosidl_typesupport_fastrtps_c__pyext.dir/rosidl_generator_py/my_robot_interfaces/_my_robot_interfaces_s.ep.rosidl_typesupport_fastrtps_c.c.o[0m
[3.294s] [ 92%] [32mBuilding C object CMakeFiles/my_robot_interfaces__rosidl_typesupport_introspection_c__pyext.dir/rosidl_generator_py/my_robot_interfaces/_my_robot_interfaces_s.ep.rosidl_typesupport_introspection_c.c.o[0m
[3.294s] [ 92%] [32mBuilding C object CMakeFiles/my_robot_interfaces__rosidl_typesupport_c__pyext.dir/rosidl_generator_py/my_robot_interfaces/_my_robot_interfaces_s.ep.rosidl_typesupport_c.c.o[0m
[3.382s] [ 97%] [32m[1mLinking C shared library rosidl_generator_py/my_robot_interfaces/my_robot_interfaces_s__rosidl_typesupport_c.cpython-310-x86_64-linux-gnu.so[0m
[3.382s] [ 97%] [32m[1mLinking C shared library rosidl_generator_py/my_robot_interfaces/my_robot_interfaces_s__rosidl_typesupport_introspection_c.cpython-310-x86_64-linux-gnu.so[0m
[3.389s] [100%] [32m[1mLinking C shared library rosidl_generator_py/my_robot_interfaces/my_robot_interfaces_s__rosidl_typesupport_fastrtps_c.cpython-310-x86_64-linux-gnu.so[0m
[3.411s] [100%] Built target my_robot_interfaces__rosidl_typesupport_introspection_c__pyext
[3.411s] [100%] Built target my_robot_interfaces__rosidl_typesupport_c__pyext
[3.426s] [100%] Built target my_robot_interfaces__rosidl_typesupport_fastrtps_c__pyext
[3.436s] Invoked command in '/home/thieulong/ROS2-WorkSpace/build/my_robot_interfaces' returned '0': CMAKE_PREFIX_PATH=${CMAKE_PREFIX_PATH}:/home/thieulong/ROS2-WorkSpace/install/my_py_pkg:/opt/ros/humble /usr/bin/cmake --build /home/thieulong/ROS2-WorkSpace/build/my_robot_interfaces -- -j8 -l8
[3.497s] Invoking command in '/home/thieulong/ROS2-WorkSpace/build/my_robot_interfaces': CMAKE_PREFIX_PATH=${CMAKE_PREFIX_PATH}:/home/thieulong/ROS2-WorkSpace/install/my_py_pkg:/opt/ros/humble /usr/bin/cmake --install /home/thieulong/ROS2-WorkSpace/build/my_robot_interfaces
[3.504s] -- Install configuration: ""
[3.504s] -- Installing: /home/thieulong/ROS2-WorkSpace/install/my_robot_interfaces/share/ament_index/resource_index/rosidl_interfaces/my_robot_interfaces
[3.504s] -- Up-to-date: /home/thieulong/ROS2-WorkSpace/install/my_robot_interfaces/include/my_robot_interfaces/my_robot_interfaces
[3.504s] -- Up-to-date: /home/thieulong/ROS2-WorkSpace/install/my_robot_interfaces/include/my_robot_interfaces/my_robot_interfaces/msg
[3.505s] -- Installing: /home/thieulong/ROS2-WorkSpace/install/my_robot_interfaces/include/my_robot_interfaces/my_robot_interfaces/msg/hardware_status.h
[3.505s] -- Up-to-date: /home/thieulong/ROS2-WorkSpace/install/my_robot_interfaces/include/my_robot_interfaces/my_robot_interfaces/msg/rosidl_generator_c__visibility_control.h
[3.505s] -- Up-to-date: /home/thieulong/ROS2-WorkSpace/install/my_robot_interfaces/include/my_robot_interfaces/my_robot_interfaces/msg/detail
[3.505s] -- Installing: /home/thieulong/ROS2-WorkSpace/install/my_robot_interfaces/include/my_robot_interfaces/my_robot_interfaces/msg/detail/hardware_status__struct.h
[3.505s] -- Installing: /home/thieulong/ROS2-WorkSpace/install/my_robot_interfaces/include/my_robot_interfaces/my_robot_interfaces/msg/detail/hardware_status__type_support.h
[3.505s] -- Installing: /home/thieulong/ROS2-WorkSpace/install/my_robot_interfaces/include/my_robot_interfaces/my_robot_interfaces/msg/detail/hardware_status__functions.h
[3.505s] -- Installing: /home/thieulong/ROS2-WorkSpace/install/my_robot_interfaces/include/my_robot_interfaces/my_robot_interfaces/msg/detail/hardware_status__functions.c
[3.505s] -- Installing: /home/thieulong/ROS2-WorkSpace/install/my_robot_interfaces/include/my_robot_interfaces/my_robot_interfaces/srv
[3.505s] -- Installing: /home/thieulong/ROS2-WorkSpace/install/my_robot_interfaces/include/my_robot_interfaces/my_robot_interfaces/srv/compute_rectangle_area.h
[3.505s] -- Installing: /home/thieulong/ROS2-WorkSpace/install/my_robot_interfaces/include/my_robot_interfaces/my_robot_interfaces/srv/detail
[3.505s] -- Installing: /home/thieulong/ROS2-WorkSpace/install/my_robot_interfaces/include/my_robot_interfaces/my_robot_interfaces/srv/detail/compute_rectangle_area__functions.h
[3.505s] -- Installing: /home/thieulong/ROS2-WorkSpace/install/my_robot_interfaces/include/my_robot_interfaces/my_robot_interfaces/srv/detail/compute_rectangle_area__functions.c
[3.506s] -- Installing: /home/thieulong/ROS2-WorkSpace/install/my_robot_interfaces/include/my_robot_interfaces/my_robot_interfaces/srv/detail/compute_rectangle_area__struct.h
[3.506s] -- Installing: /home/thieulong/ROS2-WorkSpace/install/my_robot_interfaces/include/my_robot_interfaces/my_robot_interfaces/srv/detail/compute_rectangle_area__type_support.h
[3.506s] -- Up-to-date: /home/thieulong/ROS2-WorkSpace/install/my_robot_interfaces/share/my_robot_interfaces/environment/library_path.sh
[3.506s] -- Installing: /home/thieulong/ROS2-WorkSpace/install/my_robot_interfaces/share/my_robot_interfaces/environment/library_path.dsv
[3.506s] -- Installing: /home/thieulong/ROS2-WorkSpace/install/my_robot_interfaces/lib/libmy_robot_interfaces__rosidl_generator_c.so
[3.506s] -- Set runtime path of "/home/thieulong/ROS2-WorkSpace/install/my_robot_interfaces/lib/libmy_robot_interfaces__rosidl_generator_c.so" to ""
[3.506s] -- Up-to-date: /home/thieulong/ROS2-WorkSpace/install/my_robot_interfaces/include/my_robot_interfaces/my_robot_interfaces
[3.506s] -- Up-to-date: /home/thieulong/ROS2-WorkSpace/install/my_robot_interfaces/include/my_robot_interfaces/my_robot_interfaces/msg
[3.506s] -- Up-to-date: /home/thieulong/ROS2-WorkSpace/install/my_robot_interfaces/include/my_robot_interfaces/my_robot_interfaces/msg/rosidl_typesupport_fastrtps_c__visibility_control.h
[3.506s] -- Up-to-date: /home/thieulong/ROS2-WorkSpace/install/my_robot_interfaces/include/my_robot_interfaces/my_robot_interfaces/msg/detail
[3.506s] -- Installing: /home/thieulong/ROS2-WorkSpace/install/my_robot_interfaces/include/my_robot_interfaces/my_robot_interfaces/msg/detail/hardware_status__rosidl_typesupport_fastrtps_c.h
[3.506s] -- Up-to-date: /home/thieulong/ROS2-WorkSpace/install/my_robot_interfaces/include/my_robot_interfaces/my_robot_interfaces/srv
[3.506s] -- Up-to-date: /home/thieulong/ROS2-WorkSpace/install/my_robot_interfaces/include/my_robot_interfaces/my_robot_interfaces/srv/detail
[3.507s] -- Installing: /home/thieulong/ROS2-WorkSpace/install/my_robot_interfaces/include/my_robot_interfaces/my_robot_interfaces/srv/detail/compute_rectangle_area__rosidl_typesupport_fastrtps_c.h
[3.507s] -- Installing: /home/thieulong/ROS2-WorkSpace/install/my_robot_interfaces/lib/libmy_robot_interfaces__rosidl_typesupport_fastrtps_c.so
[3.507s] -- Set runtime path of "/home/thieulong/ROS2-WorkSpace/install/my_robot_interfaces/lib/libmy_robot_interfaces__rosidl_typesupport_fastrtps_c.so" to ""
[3.507s] -- Up-to-date: /home/thieulong/ROS2-WorkSpace/install/my_robot_interfaces/include/my_robot_interfaces/my_robot_interfaces
[3.507s] -- Up-to-date: /home/thieulong/ROS2-WorkSpace/install/my_robot_interfaces/include/my_robot_interfaces/my_robot_interfaces/msg
[3.507s] -- Up-to-date: /home/thieulong/ROS2-WorkSpace/install/my_robot_interfaces/include/my_robot_interfaces/my_robot_interfaces/msg/detail
[3.507s] -- Installing: /home/thieulong/ROS2-WorkSpace/install/my_robot_interfaces/include/my_robot_interfaces/my_robot_interfaces/msg/detail/hardware_status__type_support.c
[3.507s] -- Installing: /home/thieulong/ROS2-WorkSpace/install/my_robot_interfaces/include/my_robot_interfaces/my_robot_interfaces/msg/detail/hardware_status__rosidl_typesupport_introspection_c.h
[3.507s] -- Up-to-date: /home/thieulong/ROS2-WorkSpace/install/my_robot_interfaces/include/my_robot_interfaces/my_robot_interfaces/msg/rosidl_typesupport_introspection_c__visibility_control.h
[3.507s] -- Up-to-date: /home/thieulong/ROS2-WorkSpace/install/my_robot_interfaces/include/my_robot_interfaces/my_robot_interfaces/srv
[3.507s] -- Up-to-date: /home/thieulong/ROS2-WorkSpace/install/my_robot_interfaces/include/my_robot_interfaces/my_robot_interfaces/srv/detail
[3.507s] -- Installing: /home/thieulong/ROS2-WorkSpace/install/my_robot_interfaces/include/my_robot_interfaces/my_robot_interfaces/srv/detail/compute_rectangle_area__type_support.c
[3.507s] -- Installing: /home/thieulong/ROS2-WorkSpace/install/my_robot_interfaces/include/my_robot_interfaces/my_robot_interfaces/srv/detail/compute_rectangle_area__rosidl_typesupport_introspection_c.h
[3.507s] -- Installing: /home/thieulong/ROS2-WorkSpace/install/my_robot_interfaces/lib/libmy_robot_interfaces__rosidl_typesupport_introspection_c.so
[3.508s] -- Set runtime path of "/home/thieulong/ROS2-WorkSpace/install/my_robot_interfaces/lib/libmy_robot_interfaces__rosidl_typesupport_introspection_c.so" to ""
[3.508s] -- Installing: /home/thieulong/ROS2-WorkSpace/install/my_robot_interfaces/lib/libmy_robot_interfaces__rosidl_typesupport_c.so
[3.508s] -- Set runtime path of "/home/thieulong/ROS2-WorkSpace/install/my_robot_interfaces/lib/libmy_robot_interfaces__rosidl_typesupport_c.so" to ""
[3.508s] -- Up-to-date: /home/thieulong/ROS2-WorkSpace/install/my_robot_interfaces/include/my_robot_interfaces/my_robot_interfaces
[3.508s] -- Up-to-date: /home/thieulong/ROS2-WorkSpace/install/my_robot_interfaces/include/my_robot_interfaces/my_robot_interfaces/msg
[3.508s] -- Installing: /home/thieulong/ROS2-WorkSpace/install/my_robot_interfaces/include/my_robot_interfaces/my_robot_interfaces/msg/hardware_status.hpp
[3.508s] -- Up-to-date: /home/thieulong/ROS2-WorkSpace/install/my_robot_interfaces/include/my_robot_interfaces/my_robot_interfaces/msg/detail
[3.508s] -- Installing: /home/thieulong/ROS2-WorkSpace/install/my_robot_interfaces/include/my_robot_interfaces/my_robot_interfaces/msg/detail/hardware_status__builder.hpp
[3.508s] -- Installing: /home/thieulong/ROS2-WorkSpace/install/my_robot_interfaces/include/my_robot_interfaces/my_robot_interfaces/msg/detail/hardware_status__struct.hpp
[3.508s] -- Installing: /home/thieulong/ROS2-WorkSpace/install/my_robot_interfaces/include/my_robot_interfaces/my_robot_interfaces/msg/detail/hardware_status__traits.hpp
[3.508s] -- Up-to-date: /home/thieulong/ROS2-WorkSpace/install/my_robot_interfaces/include/my_robot_interfaces/my_robot_interfaces/srv
[3.509s] -- Installing: /home/thieulong/ROS2-WorkSpace/install/my_robot_interfaces/include/my_robot_interfaces/my_robot_interfaces/srv/compute_rectangle_area.hpp
[3.509s] -- Up-to-date: /home/thieulong/ROS2-WorkSpace/install/my_robot_interfaces/include/my_robot_interfaces/my_robot_interfaces/srv/detail
[3.509s] -- Installing: /home/thieulong/ROS2-WorkSpace/install/my_robot_interfaces/include/my_robot_interfaces/my_robot_interfaces/srv/detail/compute_rectangle_area__traits.hpp
[3.509s] -- Installing: /home/thieulong/ROS2-WorkSpace/install/my_robot_interfaces/include/my_robot_interfaces/my_robot_interfaces/srv/detail/compute_rectangle_area__builder.hpp
[3.509s] -- Installing: /home/thieulong/ROS2-WorkSpace/install/my_robot_interfaces/include/my_robot_interfaces/my_robot_interfaces/srv/detail/compute_rectangle_area__struct.hpp
[3.509s] -- Up-to-date: /home/thieulong/ROS2-WorkSpace/install/my_robot_interfaces/include/my_robot_interfaces/my_robot_interfaces
[3.509s] -- Up-to-date: /home/thieulong/ROS2-WorkSpace/install/my_robot_interfaces/include/my_robot_interfaces/my_robot_interfaces/msg
[3.509s] -- Up-to-date: /home/thieulong/ROS2-WorkSpace/install/my_robot_interfaces/include/my_robot_interfaces/my_robot_interfaces/msg/rosidl_typesupport_fastrtps_cpp__visibility_control.h
[3.509s] -- Up-to-date: /home/thieulong/ROS2-WorkSpace/install/my_robot_interfaces/include/my_robot_interfaces/my_robot_interfaces/msg/detail
[3.509s] -- Up-to-date: /home/thieulong/ROS2-WorkSpace/install/my_robot_interfaces/include/my_robot_interfaces/my_robot_interfaces/msg/detail/dds_fastrtps
[3.509s] -- Installing: /home/thieulong/ROS2-WorkSpace/install/my_robot_interfaces/include/my_robot_interfaces/my_robot_interfaces/msg/detail/hardware_status__rosidl_typesupport_fastrtps_cpp.hpp
[3.509s] -- Up-to-date: /home/thieulong/ROS2-WorkSpace/install/my_robot_interfaces/include/my_robot_interfaces/my_robot_interfaces/srv
[3.509s] -- Up-to-date: /home/thieulong/ROS2-WorkSpace/install/my_robot_interfaces/include/my_robot_interfaces/my_robot_interfaces/srv/detail
[3.509s] -- Installing: /home/thieulong/ROS2-WorkSpace/install/my_robot_interfaces/include/my_robot_interfaces/my_robot_interfaces/srv/detail/dds_fastrtps
[3.510s] -- Installing: /home/thieulong/ROS2-WorkSpace/install/my_robot_interfaces/include/my_robot_interfaces/my_robot_interfaces/srv/detail/compute_rectangle_area__rosidl_typesupport_fastrtps_cpp.hpp
[3.510s] -- Installing: /home/thieulong/ROS2-WorkSpace/install/my_robot_interfaces/lib/libmy_robot_interfaces__rosidl_typesupport_fastrtps_cpp.so
[3.510s] -- Set runtime path of "/home/thieulong/ROS2-WorkSpace/install/my_robot_interfaces/lib/libmy_robot_interfaces__rosidl_typesupport_fastrtps_cpp.so" to ""
[3.510s] -- Up-to-date: /home/thieulong/ROS2-WorkSpace/install/my_robot_interfaces/include/my_robot_interfaces/my_robot_interfaces
[3.510s] -- Up-to-date: /home/thieulong/ROS2-WorkSpace/install/my_robot_interfaces/include/my_robot_interfaces/my_robot_interfaces/msg
[3.510s] -- Up-to-date: /home/thieulong/ROS2-WorkSpace/install/my_robot_interfaces/include/my_robot_interfaces/my_robot_interfaces/msg/detail
[3.510s] -- Installing: /home/thieulong/ROS2-WorkSpace/install/my_robot_interfaces/include/my_robot_interfaces/my_robot_interfaces/msg/detail/hardware_status__type_support.cpp
[3.510s] -- Installing: /home/thieulong/ROS2-WorkSpace/install/my_robot_interfaces/include/my_robot_interfaces/my_robot_interfaces/msg/detail/hardware_status__rosidl_typesupport_introspection_cpp.hpp
[3.510s] -- Up-to-date: /home/thieulong/ROS2-WorkSpace/install/my_robot_interfaces/include/my_robot_interfaces/my_robot_interfaces/srv
[3.510s] -- Up-to-date: /home/thieulong/ROS2-WorkSpace/install/my_robot_interfaces/include/my_robot_interfaces/my_robot_interfaces/srv/detail
[3.510s] -- Installing: /home/thieulong/ROS2-WorkSpace/install/my_robot_interfaces/include/my_robot_interfaces/my_robot_interfaces/srv/detail/compute_rectangle_area__rosidl_typesupport_introspection_cpp.hpp
[3.510s] -- Installing: /home/thieulong/ROS2-WorkSpace/install/my_robot_interfaces/include/my_robot_interfaces/my_robot_interfaces/srv/detail/compute_rectangle_area__type_support.cpp
[3.510s] -- Installing: /home/thieulong/ROS2-WorkSpace/install/my_robot_interfaces/lib/libmy_robot_interfaces__rosidl_typesupport_introspection_cpp.so
[3.510s] -- Set runtime path of "/home/thieulong/ROS2-WorkSpace/install/my_robot_interfaces/lib/libmy_robot_interfaces__rosidl_typesupport_introspection_cpp.so" to ""
[3.511s] -- Installing: /home/thieulong/ROS2-WorkSpace/install/my_robot_interfaces/lib/libmy_robot_interfaces__rosidl_typesupport_cpp.so
[3.511s] -- Set runtime path of "/home/thieulong/ROS2-WorkSpace/install/my_robot_interfaces/lib/libmy_robot_interfaces__rosidl_typesupport_cpp.so" to ""
[3.511s] -- Up-to-date: /home/thieulong/ROS2-WorkSpace/install/my_robot_interfaces/share/my_robot_interfaces/environment/pythonpath.sh
[3.511s] -- Installing: /home/thieulong/ROS2-WorkSpace/install/my_robot_interfaces/share/my_robot_interfaces/environment/pythonpath.dsv
[3.511s] -- Up-to-date: /home/thieulong/ROS2-WorkSpace/install/my_robot_interfaces/local/lib/python3.10/dist-packages/my_robot_interfaces-0.0.0-py3.10.egg-info
[3.511s] -- Installing: /home/thieulong/ROS2-WorkSpace/install/my_robot_interfaces/local/lib/python3.10/dist-packages/my_robot_interfaces-0.0.0-py3.10.egg-info/PKG-INFO
[3.511s] -- Installing: /home/thieulong/ROS2-WorkSpace/install/my_robot_interfaces/local/lib/python3.10/dist-packages/my_robot_interfaces-0.0.0-py3.10.egg-info/top_level.txt
[3.511s] -- Installing: /home/thieulong/ROS2-WorkSpace/install/my_robot_interfaces/local/lib/python3.10/dist-packages/my_robot_interfaces-0.0.0-py3.10.egg-info/dependency_links.txt
[3.511s] -- Installing: /home/thieulong/ROS2-WorkSpace/install/my_robot_interfaces/local/lib/python3.10/dist-packages/my_robot_interfaces-0.0.0-py3.10.egg-info/SOURCES.txt
[3.511s] -- Up-to-date: /home/thieulong/ROS2-WorkSpace/install/my_robot_interfaces/local/lib/python3.10/dist-packages/my_robot_interfaces
[3.511s] -- Up-to-date: /home/thieulong/ROS2-WorkSpace/install/my_robot_interfaces/local/lib/python3.10/dist-packages/my_robot_interfaces/msg
[3.511s] -- Installing: /home/thieulong/ROS2-WorkSpace/install/my_robot_interfaces/local/lib/python3.10/dist-packages/my_robot_interfaces/msg/_hardware_status_s.c
[3.511s] -- Installing: /home/thieulong/ROS2-WorkSpace/install/my_robot_interfaces/local/lib/python3.10/dist-packages/my_robot_interfaces/msg/__init__.py
[3.512s] -- Installing: /home/thieulong/ROS2-WorkSpace/install/my_robot_interfaces/local/lib/python3.10/dist-packages/my_robot_interfaces/msg/_hardware_status.py
[3.512s] -- Installing: /home/thieulong/ROS2-WorkSpace/install/my_robot_interfaces/local/lib/python3.10/dist-packages/my_robot_interfaces/my_robot_interfaces_s__rosidl_typesupport_c.cpython-310-x86_64-linux-gnu.so
[3.512s] -- Installing: /home/thieulong/ROS2-WorkSpace/install/my_robot_interfaces/local/lib/python3.10/dist-packages/my_robot_interfaces/srv
[3.512s] -- Installing: /home/thieulong/ROS2-WorkSpace/install/my_robot_interfaces/local/lib/python3.10/dist-packages/my_robot_interfaces/srv/_compute_rectangle_area_s.c
[3.512s] -- Installing: /home/thieulong/ROS2-WorkSpace/install/my_robot_interfaces/local/lib/python3.10/dist-packages/my_robot_interfaces/srv/__init__.py
[3.512s] -- Installing: /home/thieulong/ROS2-WorkSpace/install/my_robot_interfaces/local/lib/python3.10/dist-packages/my_robot_interfaces/srv/_compute_rectangle_area.py
[3.512s] -- Installing: /home/thieulong/ROS2-WorkSpace/install/my_robot_interfaces/local/lib/python3.10/dist-packages/my_robot_interfaces/_my_robot_interfaces_s.ep.rosidl_typesupport_c.c
[3.512s] -- Installing: /home/thieulong/ROS2-WorkSpace/install/my_robot_interfaces/local/lib/python3.10/dist-packages/my_robot_interfaces/libmy_robot_interfaces__rosidl_generator_py.so
[3.512s] -- Installing: /home/thieulong/ROS2-WorkSpace/install/my_robot_interfaces/local/lib/python3.10/dist-packages/my_robot_interfaces/_my_robot_interfaces_s.ep.rosidl_typesupport_introspection_c.c
[3.512s] -- Installing: /home/thieulong/ROS2-WorkSpace/install/my_robot_interfaces/local/lib/python3.10/dist-packages/my_robot_interfaces/my_robot_interfaces_s__rosidl_typesupport_introspection_c.cpython-310-x86_64-linux-gnu.so
[3.512s] -- Installing: /home/thieulong/ROS2-WorkSpace/install/my_robot_interfaces/local/lib/python3.10/dist-packages/my_robot_interfaces/__init__.py
[3.512s] -- Installing: /home/thieulong/ROS2-WorkSpace/install/my_robot_interfaces/local/lib/python3.10/dist-packages/my_robot_interfaces/_my_robot_interfaces_s.ep.rosidl_typesupport_fastrtps_c.c
[3.512s] -- Installing: /home/thieulong/ROS2-WorkSpace/install/my_robot_interfaces/local/lib/python3.10/dist-packages/my_robot_interfaces/my_robot_interfaces_s__rosidl_typesupport_fastrtps_c.cpython-310-x86_64-linux-gnu.so
[3.547s] Listing '/home/thieulong/ROS2-WorkSpace/install/my_robot_interfaces/local/lib/python3.10/dist-packages/my_robot_interfaces'...
[3.547s] Compiling '/home/thieulong/ROS2-WorkSpace/install/my_robot_interfaces/local/lib/python3.10/dist-packages/my_robot_interfaces/__init__.py'...
[3.547s] Listing '/home/thieulong/ROS2-WorkSpace/install/my_robot_interfaces/local/lib/python3.10/dist-packages/my_robot_interfaces/msg'...
[3.547s] Compiling '/home/thieulong/ROS2-WorkSpace/install/my_robot_interfaces/local/lib/python3.10/dist-packages/my_robot_interfaces/msg/__init__.py'...
[3.547s] Compiling '/home/thieulong/ROS2-WorkSpace/install/my_robot_interfaces/local/lib/python3.10/dist-packages/my_robot_interfaces/msg/_hardware_status.py'...
[3.547s] Listing '/home/thieulong/ROS2-WorkSpace/install/my_robot_interfaces/local/lib/python3.10/dist-packages/my_robot_interfaces/srv'...
[3.547s] Compiling '/home/thieulong/ROS2-WorkSpace/install/my_robot_interfaces/local/lib/python3.10/dist-packages/my_robot_interfaces/srv/__init__.py'...
[3.547s] Compiling '/home/thieulong/ROS2-WorkSpace/install/my_robot_interfaces/local/lib/python3.10/dist-packages/my_robot_interfaces/srv/_compute_rectangle_area.py'...
[3.552s] -- Installing: /home/thieulong/ROS2-WorkSpace/install/my_robot_interfaces/local/lib/python3.10/dist-packages/my_robot_interfaces/my_robot_interfaces_s__rosidl_typesupport_fastrtps_c.cpython-310-x86_64-linux-gnu.so
[3.552s] -- Set runtime path of "/home/thieulong/ROS2-WorkSpace/install/my_robot_interfaces/local/lib/python3.10/dist-packages/my_robot_interfaces/my_robot_interfaces_s__rosidl_typesupport_fastrtps_c.cpython-310-x86_64-linux-gnu.so" to ""
[3.552s] -- Installing: /home/thieulong/ROS2-WorkSpace/install/my_robot_interfaces/local/lib/python3.10/dist-packages/my_robot_interfaces/my_robot_interfaces_s__rosidl_typesupport_introspection_c.cpython-310-x86_64-linux-gnu.so
[3.552s] -- Set runtime path of "/home/thieulong/ROS2-WorkSpace/install/my_robot_interfaces/local/lib/python3.10/dist-packages/my_robot_interfaces/my_robot_interfaces_s__rosidl_typesupport_introspection_c.cpython-310-x86_64-linux-gnu.so" to ""
[3.553s] -- Installing: /home/thieulong/ROS2-WorkSpace/install/my_robot_interfaces/local/lib/python3.10/dist-packages/my_robot_interfaces/my_robot_interfaces_s__rosidl_typesupport_c.cpython-310-x86_64-linux-gnu.so
[3.553s] -- Set runtime path of "/home/thieulong/ROS2-WorkSpace/install/my_robot_interfaces/local/lib/python3.10/dist-packages/my_robot_interfaces/my_robot_interfaces_s__rosidl_typesupport_c.cpython-310-x86_64-linux-gnu.so" to ""
[3.553s] -- Installing: /home/thieulong/ROS2-WorkSpace/install/my_robot_interfaces/lib/libmy_robot_interfaces__rosidl_generator_py.so
[3.553s] -- Set runtime path of "/home/thieulong/ROS2-WorkSpace/install/my_robot_interfaces/lib/libmy_robot_interfaces__rosidl_generator_py.so" to ""
[3.553s] -- Up-to-date: /home/thieulong/ROS2-WorkSpace/install/my_robot_interfaces/share/my_robot_interfaces/msg/HardwareStatus.idl
[3.554s] -- Installing: /home/thieulong/ROS2-WorkSpace/install/my_robot_interfaces/share/my_robot_interfaces/srv/ComputeRectangleArea.idl
[3.554s] -- Up-to-date: /home/thieulong/ROS2-WorkSpace/install/my_robot_interfaces/share/my_robot_interfaces/msg/HardwareStatus.msg
[3.554s] -- Installing: /home/thieulong/ROS2-WorkSpace/install/my_robot_interfaces/share/my_robot_interfaces/srv/ComputeRectangleArea.srv
[3.554s] -- Installing: /home/thieulong/ROS2-WorkSpace/install/my_robot_interfaces/share/my_robot_interfaces/srv/ComputeRectangleArea_Request.msg
[3.554s] -- Installing: /home/thieulong/ROS2-WorkSpace/install/my_robot_interfaces/share/my_robot_interfaces/srv/ComputeRectangleArea_Response.msg
[3.554s] -- Up-to-date: /home/thieulong/ROS2-WorkSpace/install/my_robot_interfaces/share/ament_index/resource_index/package_run_dependencies/my_robot_interfaces
[3.554s] -- Installing: /home/thieulong/ROS2-WorkSpace/install/my_robot_interfaces/share/ament_index/resource_index/parent_prefix_path/my_robot_interfaces
[3.554s] -- Up-to-date: /home/thieulong/ROS2-WorkSpace/install/my_robot_interfaces/share/my_robot_interfaces/environment/ament_prefix_path.sh
[3.555s] -- Installing: /home/thieulong/ROS2-WorkSpace/install/my_robot_interfaces/share/my_robot_interfaces/environment/ament_prefix_path.dsv
[3.555s] -- Up-to-date: /home/thieulong/ROS2-WorkSpace/install/my_robot_interfaces/share/my_robot_interfaces/environment/path.sh
[3.555s] -- Installing: /home/thieulong/ROS2-WorkSpace/install/my_robot_interfaces/share/my_robot_interfaces/environment/path.dsv
[3.555s] -- Up-to-date: /home/thieulong/ROS2-WorkSpace/install/my_robot_interfaces/share/my_robot_interfaces/local_setup.bash
[3.555s] -- Up-to-date: /home/thieulong/ROS2-WorkSpace/install/my_robot_interfaces/share/my_robot_interfaces/local_setup.sh
[3.555s] -- Up-to-date: /home/thieulong/ROS2-WorkSpace/install/my_robot_interfaces/share/my_robot_interfaces/local_setup.zsh
[3.555s] -- Installing: /home/thieulong/ROS2-WorkSpace/install/my_robot_interfaces/share/my_robot_interfaces/local_setup.dsv
[3.555s] -- Installing: /home/thieulong/ROS2-WorkSpace/install/my_robot_interfaces/share/my_robot_interfaces/package.dsv
[3.556s] -- Up-to-date: /home/thieulong/ROS2-WorkSpace/install/my_robot_interfaces/share/ament_index/resource_index/packages/my_robot_interfaces
[3.556s] -- Up-to-date: /home/thieulong/ROS2-WorkSpace/install/my_robot_interfaces/share/my_robot_interfaces/cmake/export_my_robot_interfaces__rosidl_generator_cExport.cmake
[3.556s] -- Up-to-date: /home/thieulong/ROS2-WorkSpace/install/my_robot_interfaces/share/my_robot_interfaces/cmake/export_my_robot_interfaces__rosidl_generator_cExport-noconfig.cmake
[3.556s] -- Up-to-date: /home/thieulong/ROS2-WorkSpace/install/my_robot_interfaces/share/my_robot_interfaces/cmake/export_my_robot_interfaces__rosidl_typesupport_fastrtps_cExport.cmake
[3.556s] -- Up-to-date: /home/thieulong/ROS2-WorkSpace/install/my_robot_interfaces/share/my_robot_interfaces/cmake/export_my_robot_interfaces__rosidl_typesupport_fastrtps_cExport-noconfig.cmake
[3.556s] -- Up-to-date: /home/thieulong/ROS2-WorkSpace/install/my_robot_interfaces/share/my_robot_interfaces/cmake/my_robot_interfaces__rosidl_typesupport_introspection_cExport.cmake
[3.556s] -- Up-to-date: /home/thieulong/ROS2-WorkSpace/install/my_robot_interfaces/share/my_robot_interfaces/cmake/my_robot_interfaces__rosidl_typesupport_introspection_cExport-noconfig.cmake
[3.556s] -- Up-to-date: /home/thieulong/ROS2-WorkSpace/install/my_robot_interfaces/share/my_robot_interfaces/cmake/my_robot_interfaces__rosidl_typesupport_cExport.cmake
[3.557s] -- Up-to-date: /home/thieulong/ROS2-WorkSpace/install/my_robot_interfaces/share/my_robot_interfaces/cmake/my_robot_interfaces__rosidl_typesupport_cExport-noconfig.cmake
[3.557s] -- Up-to-date: /home/thieulong/ROS2-WorkSpace/install/my_robot_interfaces/share/my_robot_interfaces/cmake/export_my_robot_interfaces__rosidl_generator_cppExport.cmake
[3.557s] -- Up-to-date: /home/thieulong/ROS2-WorkSpace/install/my_robot_interfaces/share/my_robot_interfaces/cmake/export_my_robot_interfaces__rosidl_typesupport_fastrtps_cppExport.cmake
[3.557s] -- Up-to-date: /home/thieulong/ROS2-WorkSpace/install/my_robot_interfaces/share/my_robot_interfaces/cmake/export_my_robot_interfaces__rosidl_typesupport_fastrtps_cppExport-noconfig.cmake
[3.557s] -- Up-to-date: /home/thieulong/ROS2-WorkSpace/install/my_robot_interfaces/share/my_robot_interfaces/cmake/my_robot_interfaces__rosidl_typesupport_introspection_cppExport.cmake
[3.557s] -- Up-to-date: /home/thieulong/ROS2-WorkSpace/install/my_robot_interfaces/share/my_robot_interfaces/cmake/my_robot_interfaces__rosidl_typesupport_introspection_cppExport-noconfig.cmake
[3.557s] -- Up-to-date: /home/thieulong/ROS2-WorkSpace/install/my_robot_interfaces/share/my_robot_interfaces/cmake/my_robot_interfaces__rosidl_typesupport_cppExport.cmake
[3.557s] -- Up-to-date: /home/thieulong/ROS2-WorkSpace/install/my_robot_interfaces/share/my_robot_interfaces/cmake/my_robot_interfaces__rosidl_typesupport_cppExport-noconfig.cmake
[3.557s] -- Up-to-date: /home/thieulong/ROS2-WorkSpace/install/my_robot_interfaces/share/my_robot_interfaces/cmake/export_my_robot_interfaces__rosidl_generator_pyExport.cmake
[3.558s] -- Up-to-date: /home/thieulong/ROS2-WorkSpace/install/my_robot_interfaces/share/my_robot_interfaces/cmake/export_my_robot_interfaces__rosidl_generator_pyExport-noconfig.cmake
[3.558s] -- Installing: /home/thieulong/ROS2-WorkSpace/install/my_robot_interfaces/share/my_robot_interfaces/cmake/rosidl_cmake-extras.cmake
[3.558s] -- Up-to-date: /home/thieulong/ROS2-WorkSpace/install/my_robot_interfaces/share/my_robot_interfaces/cmake/ament_cmake_export_include_directories-extras.cmake
[3.558s] -- Up-to-date: /home/thieulong/ROS2-WorkSpace/install/my_robot_interfaces/share/my_robot_interfaces/cmake/ament_cmake_export_libraries-extras.cmake
[3.558s] -- Up-to-date: /home/thieulong/ROS2-WorkSpace/install/my_robot_interfaces/share/my_robot_interfaces/cmake/ament_cmake_export_targets-extras.cmake
[3.558s] -- Up-to-date: /home/thieulong/ROS2-WorkSpace/install/my_robot_interfaces/share/my_robot_interfaces/cmake/rosidl_cmake_export_typesupport_targets-extras.cmake
[3.558s] -- Up-to-date: /home/thieulong/ROS2-WorkSpace/install/my_robot_interfaces/share/my_robot_interfaces/cmake/ament_cmake_export_dependencies-extras.cmake
[3.558s] -- Up-to-date: /home/thieulong/ROS2-WorkSpace/install/my_robot_interfaces/share/my_robot_interfaces/cmake/rosidl_cmake_export_typesupport_libraries-extras.cmake
[3.558s] -- Up-to-date: /home/thieulong/ROS2-WorkSpace/install/my_robot_interfaces/share/my_robot_interfaces/cmake/my_robot_interfacesConfig.cmake
[3.559s] -- Up-to-date: /home/thieulong/ROS2-WorkSpace/install/my_robot_interfaces/share/my_robot_interfaces/cmake/my_robot_interfacesConfig-version.cmake
[3.559s] -- Up-to-date: /home/thieulong/ROS2-WorkSpace/install/my_robot_interfaces/share/my_robot_interfaces/package.xml
[3.560s] Invoked command in '/home/thieulong/ROS2-WorkSpace/build/my_robot_interfaces' returned '0': CMAKE_PREFIX_PATH=${CMAKE_PREFIX_PATH}:/home/thieulong/ROS2-WorkSpace/install/my_py_pkg:/opt/ros/humble /usr/bin/cmake --install /home/thieulong/ROS2-WorkSpace/build/my_robot_interfaces
