[0.083s] Invoking command in '/home/thieulong/ROS2-WorkSpace/build/my_cpp_pkg': CMAKE_PREFIX_PATH=${CMAKE_PREFIX_PATH}:/home/thieulong/ROS2-WorkSpace/install/my_py_pkg:/opt/ros/humble /usr/bin/cmake --build /home/thieulong/ROS2-WorkSpace/build/my_cpp_pkg -- -j8 -l8
[0.114s] [35m[1mConsolidate compiler generated dependencies of target robot_news_station[0m
[0.126s] [ 50%] Built target cpp_node
[0.129s] [100%] Built target robot_news_station
[0.139s] Invoked command in '/home/thieulong/ROS2-WorkSpace/build/my_cpp_pkg' returned '0': CMAKE_PREFIX_PATH=${CMAKE_PREFIX_PATH}:/home/thieulong/ROS2-WorkSpace/install/my_py_pkg:/opt/ros/humble /usr/bin/cmake --build /home/thieulong/ROS2-WorkSpace/build/my_cpp_pkg -- -j8 -l8
[0.170s] Invoking command in '/home/thieulong/ROS2-WorkSpace/build/my_cpp_pkg': CMAKE_PREFIX_PATH=${CMAKE_PREFIX_PATH}:/home/thieulong/ROS2-WorkSpace/install/my_py_pkg:/opt/ros/humble /usr/bin/cmake --install /home/thieulong/ROS2-WorkSpace/build/my_cpp_pkg
[0.177s] -- Install configuration: ""
[0.178s] -- Execute custom install script
[0.178s] -- Up-to-date symlink: /home/thieulong/ROS2-WorkSpace/install/my_cpp_pkg/lib/my_cpp_pkg/cpp_node
[0.178s] -- Up-to-date symlink: /home/thieulong/ROS2-WorkSpace/install/my_cpp_pkg/share/ament_index/resource_index/package_run_dependencies/my_cpp_pkg
[0.178s] -- Up-to-date symlink: /home/thieulong/ROS2-WorkSpace/install/my_cpp_pkg/share/ament_index/resource_index/parent_prefix_path/my_cpp_pkg
[0.178s] -- Up-to-date symlink: /home/thieulong/ROS2-WorkSpace/install/my_cpp_pkg/share/my_cpp_pkg/environment/ament_prefix_path.sh
[0.178s] -- Up-to-date symlink: /home/thieulong/ROS2-WorkSpace/install/my_cpp_pkg/share/my_cpp_pkg/environment/ament_prefix_path.dsv
[0.179s] -- Up-to-date symlink: /home/thieulong/ROS2-WorkSpace/install/my_cpp_pkg/share/my_cpp_pkg/environment/path.sh
[0.179s] -- Up-to-date symlink: /home/thieulong/ROS2-WorkSpace/install/my_cpp_pkg/share/my_cpp_pkg/environment/path.dsv
[0.179s] -- Up-to-date symlink: /home/thieulong/ROS2-WorkSpace/install/my_cpp_pkg/share/my_cpp_pkg/local_setup.bash
[0.179s] -- Up-to-date symlink: /home/thieulong/ROS2-WorkSpace/install/my_cpp_pkg/share/my_cpp_pkg/local_setup.sh
[0.179s] -- Up-to-date symlink: /home/thieulong/ROS2-WorkSpace/install/my_cpp_pkg/share/my_cpp_pkg/local_setup.zsh
[0.179s] -- Up-to-date symlink: /home/thieulong/ROS2-WorkSpace/install/my_cpp_pkg/share/my_cpp_pkg/local_setup.dsv
[0.179s] -- Symlinking: /home/thieulong/ROS2-WorkSpace/install/my_cpp_pkg/share/my_cpp_pkg/package.dsv
[0.188s] -- Up-to-date symlink: /home/thieulong/ROS2-WorkSpace/install/my_cpp_pkg/share/ament_index/resource_index/packages/my_cpp_pkg
[0.188s] -- Up-to-date symlink: /home/thieulong/ROS2-WorkSpace/install/my_cpp_pkg/share/my_cpp_pkg/cmake/my_cpp_pkgConfig.cmake
[0.188s] -- Up-to-date symlink: /home/thieulong/ROS2-WorkSpace/install/my_cpp_pkg/share/my_cpp_pkg/cmake/my_cpp_pkgConfig-version.cmake
[0.188s] -- Up-to-date symlink: /home/thieulong/ROS2-WorkSpace/install/my_cpp_pkg/share/my_cpp_pkg/package.xml
[0.190s] Invoked command in '/home/thieulong/ROS2-WorkSpace/build/my_cpp_pkg' returned '0': CMAKE_PREFIX_PATH=${CMAKE_PREFIX_PATH}:/home/thieulong/ROS2-WorkSpace/install/my_py_pkg:/opt/ros/humble /usr/bin/cmake --install /home/thieulong/ROS2-WorkSpace/build/my_cpp_pkg
