[1.512s] DEBUG:colcon:Command line arguments: ['/usr/bin/colcon', 'build']
[1.512s] DEBUG:colcon:Parsed command line arguments: Namespace(log_base=None, log_level=None, verb_name='build', build_base='build', install_base='install', merge_install=False, symlink_install=False, test_result_base=None, continue_on_error=False, executor='parallel', parallel_workers=8, event_handlers=None, ignore_user_meta=False, metas=['./colcon.meta'], base_paths=['.'], packages_ignore=None, packages_ignore_regex=None, paths=None, packages_up_to=None, packages_up_to_regex=None, packages_above=None, packages_above_and_dependencies=None, packages_above_depth=None, packages_select_by_dep=None, packages_skip_by_dep=None, packages_skip_up_to=None, packages_select_build_failed=False, packages_skip_build_finished=False, packages_select_test_failures=False, packages_skip_test_passed=False, packages_select=None, packages_skip=None, packages_select_regex=None, packages_skip_regex=None, packages_start=None, packages_end=None, allow_overriding=[], cmake_args=None, cmake_target=None, cmake_target_skip_unavailable=False, cmake_clean_cache=False, cmake_clean_first=False, cmake_force_configure=False, ament_cmake_args=None, catkin_cmake_args=None, catkin_skip_building_tests=False, verb_parser=<colcon_defaults.argument_parser.defaults.DefaultArgumentsDecorator object at 0x7f3398cbc580>, verb_extension=<colcon_core.verb.build.BuildVerb object at 0x7f3398cc9900>, main=<bound method BuildVerb.main of <colcon_core.verb.build.BuildVerb object at 0x7f3398cc9900>>)
[1.575s] Level 1:colcon.colcon_core.package_discovery:discover_packages(colcon_meta) check parameters
[1.576s] Level 1:colcon.colcon_core.package_discovery:discover_packages(recursive) check parameters
[1.576s] Level 1:colcon.colcon_core.package_discovery:discover_packages(ignore) check parameters
[1.576s] Level 1:colcon.colcon_core.package_discovery:discover_packages(path) check parameters
[1.576s] Level 1:colcon.colcon_core.package_discovery:discover_packages(colcon_meta) discover
[1.576s] Level 1:colcon.colcon_core.package_discovery:discover_packages(recursive) discover
[1.576s] INFO:colcon.colcon_core.package_discovery:Crawling recursively for packages in '/home/thieulong/ROS2-WorkSpace/src'
[1.576s] Level 1:colcon.colcon_core.package_identification:_identify(.) by extensions ['ignore', 'ignore_ament_install']
[1.576s] Level 1:colcon.colcon_core.package_identification:_identify(.) by extension 'ignore'
[1.576s] Level 1:colcon.colcon_core.package_identification:_identify(.) by extension 'ignore_ament_install'
[1.576s] Level 1:colcon.colcon_core.package_identification:_identify(.) by extensions ['colcon_pkg']
[1.576s] Level 1:colcon.colcon_core.package_identification:_identify(.) by extension 'colcon_pkg'
[1.576s] Level 1:colcon.colcon_core.package_identification:_identify(.) by extensions ['colcon_meta']
[1.576s] Level 1:colcon.colcon_core.package_identification:_identify(.) by extension 'colcon_meta'
[1.576s] Level 1:colcon.colcon_core.package_identification:_identify(.) by extensions ['ros']
[1.576s] Level 1:colcon.colcon_core.package_identification:_identify(.) by extension 'ros'
[1.587s] Level 1:colcon.colcon_core.package_identification:_identify(.) by extensions ['cmake', 'python']
[1.587s] Level 1:colcon.colcon_core.package_identification:_identify(.) by extension 'cmake'
[1.588s] Level 1:colcon.colcon_core.package_identification:_identify(.) by extension 'python'
[1.588s] Level 1:colcon.colcon_core.package_identification:_identify(.) by extensions ['python_setup_py']
[1.588s] Level 1:colcon.colcon_core.package_identification:_identify(.) by extension 'python_setup_py'
[1.588s] Level 1:colcon.colcon_core.package_identification:_identify(build) by extensions ['ignore', 'ignore_ament_install']
[1.588s] Level 1:colcon.colcon_core.package_identification:_identify(build) by extension 'ignore'
[1.588s] Level 1:colcon.colcon_core.package_identification:_identify(build) ignored
[1.588s] Level 1:colcon.colcon_core.package_identification:_identify(install) by extensions ['ignore', 'ignore_ament_install']
[1.588s] Level 1:colcon.colcon_core.package_identification:_identify(install) by extension 'ignore'
[1.588s] Level 1:colcon.colcon_core.package_identification:_identify(install) ignored
[1.588s] Level 1:colcon.colcon_core.package_identification:_identify(log) by extensions ['ignore', 'ignore_ament_install']
[1.588s] Level 1:colcon.colcon_core.package_identification:_identify(log) by extension 'ignore'
[1.588s] Level 1:colcon.colcon_core.package_identification:_identify(log) ignored
[1.588s] Level 1:colcon.colcon_core.package_identification:_identify(my_cpp_pkg) by extensions ['ignore', 'ignore_ament_install']
[1.589s] Level 1:colcon.colcon_core.package_identification:_identify(my_cpp_pkg) by extension 'ignore'
[1.589s] Level 1:colcon.colcon_core.package_identification:_identify(my_cpp_pkg) by extension 'ignore_ament_install'
[1.589s] Level 1:colcon.colcon_core.package_identification:_identify(my_cpp_pkg) by extensions ['colcon_pkg']
[1.589s] Level 1:colcon.colcon_core.package_identification:_identify(my_cpp_pkg) by extension 'colcon_pkg'
[1.589s] Level 1:colcon.colcon_core.package_identification:_identify(my_cpp_pkg) by extensions ['colcon_meta']
[1.589s] Level 1:colcon.colcon_core.package_identification:_identify(my_cpp_pkg) by extension 'colcon_meta'
[1.589s] Level 1:colcon.colcon_core.package_identification:_identify(my_cpp_pkg) by extensions ['ros']
[1.589s] Level 1:colcon.colcon_core.package_identification:_identify(my_cpp_pkg) by extension 'ros'
[1.591s] DEBUG:colcon.colcon_core.package_identification:Package 'my_cpp_pkg' with type 'ros.ament_cmake' and name 'my_cpp_pkg'
[1.591s] Level 1:colcon.colcon_core.package_identification:_identify(my_py_pkg) by extensions ['ignore', 'ignore_ament_install']
[1.592s] Level 1:colcon.colcon_core.package_identification:_identify(my_py_pkg) by extension 'ignore'
[1.592s] Level 1:colcon.colcon_core.package_identification:_identify(my_py_pkg) by extension 'ignore_ament_install'
[1.592s] Level 1:colcon.colcon_core.package_identification:_identify(my_py_pkg) by extensions ['colcon_pkg']
[1.592s] Level 1:colcon.colcon_core.package_identification:_identify(my_py_pkg) by extension 'colcon_pkg'
[1.592s] Level 1:colcon.colcon_core.package_identification:_identify(my_py_pkg) by extensions ['colcon_meta']
[1.592s] Level 1:colcon.colcon_core.package_identification:_identify(my_py_pkg) by extension 'colcon_meta'
[1.592s] Level 1:colcon.colcon_core.package_identification:_identify(my_py_pkg) by extensions ['ros']
[1.592s] Level 1:colcon.colcon_core.package_identification:_identify(my_py_pkg) by extension 'ros'
[1.593s] DEBUG:colcon.colcon_core.package_identification:Package 'my_py_pkg' with type 'ros.ament_python' and name 'my_py_pkg'
[1.593s] Level 1:colcon.colcon_core.package_discovery:discover_packages(recursive) using defaults
[1.593s] Level 1:colcon.colcon_core.package_discovery:discover_packages(ignore) discover
[1.593s] Level 1:colcon.colcon_core.package_discovery:discover_packages(ignore) using defaults
[1.593s] Level 1:colcon.colcon_core.package_discovery:discover_packages(path) discover
[1.593s] Level 1:colcon.colcon_core.package_discovery:discover_packages(path) using defaults
[1.738s] Level 1:colcon.colcon_core.package_discovery:discover_packages(prefix_path) check parameters
[1.738s] Level 1:colcon.colcon_core.package_discovery:discover_packages(prefix_path) discover
[1.802s] DEBUG:colcon.colcon_installed_package_information.package_discovery:Found 1 installed packages in /home/thieulong/ROS2-WorkSpace/install
[1.826s] DEBUG:colcon.colcon_installed_package_information.package_discovery:Found 270 installed packages in /opt/ros/humble
[1.828s] Level 1:colcon.colcon_core.package_discovery:discover_packages(prefix_path) using defaults
[1.936s] Level 5:colcon.colcon_core.verb:set package 'my_cpp_pkg' build argument 'cmake_args' from command line to 'None'
[1.936s] Level 5:colcon.colcon_core.verb:set package 'my_cpp_pkg' build argument 'cmake_target' from command line to 'None'
[1.936s] Level 5:colcon.colcon_core.verb:set package 'my_cpp_pkg' build argument 'cmake_target_skip_unavailable' from command line to 'False'
[1.936s] Level 5:colcon.colcon_core.verb:set package 'my_cpp_pkg' build argument 'cmake_clean_cache' from command line to 'False'
[1.936s] Level 5:colcon.colcon_core.verb:set package 'my_cpp_pkg' build argument 'cmake_clean_first' from command line to 'False'
[1.936s] Level 5:colcon.colcon_core.verb:set package 'my_cpp_pkg' build argument 'cmake_force_configure' from command line to 'False'
[1.936s] Level 5:colcon.colcon_core.verb:set package 'my_cpp_pkg' build argument 'ament_cmake_args' from command line to 'None'
[1.936s] Level 5:colcon.colcon_core.verb:set package 'my_cpp_pkg' build argument 'catkin_cmake_args' from command line to 'None'
[1.936s] Level 5:colcon.colcon_core.verb:set package 'my_cpp_pkg' build argument 'catkin_skip_building_tests' from command line to 'False'
[1.936s] DEBUG:colcon.colcon_core.verb:Building package 'my_cpp_pkg' with the following arguments: {'ament_cmake_args': None, 'build_base': '/home/thieulong/ROS2-WorkSpace/src/build/my_cpp_pkg', 'catkin_cmake_args': None, 'catkin_skip_building_tests': False, 'cmake_args': None, 'cmake_clean_cache': False, 'cmake_clean_first': False, 'cmake_force_configure': False, 'cmake_target': None, 'cmake_target_skip_unavailable': False, 'install_base': '/home/thieulong/ROS2-WorkSpace/src/install/my_cpp_pkg', 'merge_install': False, 'path': '/home/thieulong/ROS2-WorkSpace/src/my_cpp_pkg', 'symlink_install': False, 'test_result_base': None}
[1.958s] Level 5:colcon.colcon_core.verb:set package 'my_py_pkg' build argument 'cmake_args' from command line to 'None'
[1.959s] Level 5:colcon.colcon_core.verb:set package 'my_py_pkg' build argument 'cmake_target' from command line to 'None'
[1.959s] Level 5:colcon.colcon_core.verb:set package 'my_py_pkg' build argument 'cmake_target_skip_unavailable' from command line to 'False'
[1.959s] Level 5:colcon.colcon_core.verb:set package 'my_py_pkg' build argument 'cmake_clean_cache' from command line to 'False'
[1.959s] Level 5:colcon.colcon_core.verb:set package 'my_py_pkg' build argument 'cmake_clean_first' from command line to 'False'
[1.959s] Level 5:colcon.colcon_core.verb:set package 'my_py_pkg' build argument 'cmake_force_configure' from command line to 'False'
[1.959s] Level 5:colcon.colcon_core.verb:set package 'my_py_pkg' build argument 'ament_cmake_args' from command line to 'None'
[1.959s] Level 5:colcon.colcon_core.verb:set package 'my_py_pkg' build argument 'catkin_cmake_args' from command line to 'None'
[1.959s] Level 5:colcon.colcon_core.verb:set package 'my_py_pkg' build argument 'catkin_skip_building_tests' from command line to 'False'
[1.959s] DEBUG:colcon.colcon_core.verb:Building package 'my_py_pkg' with the following arguments: {'ament_cmake_args': None, 'build_base': '/home/thieulong/ROS2-WorkSpace/src/build/my_py_pkg', 'catkin_cmake_args': None, 'catkin_skip_building_tests': False, 'cmake_args': None, 'cmake_clean_cache': False, 'cmake_clean_first': False, 'cmake_force_configure': False, 'cmake_target': None, 'cmake_target_skip_unavailable': False, 'install_base': '/home/thieulong/ROS2-WorkSpace/src/install/my_py_pkg', 'merge_install': False, 'path': '/home/thieulong/ROS2-WorkSpace/src/my_py_pkg', 'symlink_install': False, 'test_result_base': None}
[1.981s] INFO:colcon.colcon_core.executor:Executing jobs using 'parallel' executor
[2.003s] DEBUG:colcon.colcon_parallel_executor.executor.parallel:run_until_complete
[2.003s] INFO:colcon.colcon_ros.task.ament_cmake.build:Building ROS package in '/home/thieulong/ROS2-WorkSpace/src/my_cpp_pkg' with build type 'ament_cmake'
[2.003s] INFO:colcon.colcon_cmake.task.cmake.build:Building CMake package in '/home/thieulong/ROS2-WorkSpace/src/my_cpp_pkg'
[2.027s] INFO:colcon.colcon_core.plugin_system:Skipping extension 'colcon_core.shell.bat': Not used on non-Windows systems
[2.027s] INFO:colcon.colcon_core.shell:Skip shell extension 'powershell' for command environment: Not usable outside of PowerShell
[2.027s] DEBUG:colcon.colcon_core.shell:Skip shell extension 'dsv' for command environment
[2.105s] INFO:colcon.colcon_ros.task.ament_python.build:Building ROS package in '/home/thieulong/ROS2-WorkSpace/src/my_py_pkg' with build type 'ament_python'
[2.105s] Level 1:colcon.colcon_core.shell:create_environment_hook('my_py_pkg', 'ament_prefix_path')
[2.129s] INFO:colcon.colcon_core.shell:Creating environment hook '/home/thieulong/ROS2-WorkSpace/src/install/my_py_pkg/share/my_py_pkg/hook/ament_prefix_path.ps1'
[2.129s] INFO:colcon.colcon_core.shell:Creating environment descriptor '/home/thieulong/ROS2-WorkSpace/src/install/my_py_pkg/share/my_py_pkg/hook/ament_prefix_path.dsv'
[2.130s] INFO:colcon.colcon_core.shell:Creating environment hook '/home/thieulong/ROS2-WorkSpace/src/install/my_py_pkg/share/my_py_pkg/hook/ament_prefix_path.sh'
[2.153s] INFO:colcon.colcon_core.shell:Skip shell extension 'powershell' for command environment: Not usable outside of PowerShell
[2.153s] DEBUG:colcon.colcon_core.shell:Skip shell extension 'dsv' for command environment
[2.229s] DEBUG:colcon.colcon_core.event_handler.log_command:Invoking command in '/home/thieulong/ROS2-WorkSpace/src/build/my_cpp_pkg': CMAKE_PREFIX_PATH=/opt/ros/humble /usr/bin/cmake /home/thieulong/ROS2-WorkSpace/src/my_cpp_pkg -DCMAKE_INSTALL_PREFIX=/home/thieulong/ROS2-WorkSpace/src/install/my_cpp_pkg
[2.614s] INFO:colcon.colcon_core.task.python.build:Building Python package in '/home/thieulong/ROS2-WorkSpace/src/my_py_pkg'
[2.641s] INFO:colcon.colcon_core.shell:Skip shell extension 'powershell' for command environment: Not usable outside of PowerShell
[2.641s] DEBUG:colcon.colcon_core.shell:Skip shell extension 'dsv' for command environment
[3.154s] DEBUG:colcon.colcon_core.event_handler.log_command:Invoking command in '/home/thieulong/ROS2-WorkSpace/src/my_py_pkg': PYTHONPATH=/home/thieulong/ROS2-WorkSpace/src/build/my_py_pkg/prefix_override:/home/thieulong/ROS2-WorkSpace/src/install/my_py_pkg/lib/python3.10/site-packages:${PYTHONPATH} /usr/bin/python3 setup.py egg_info --egg-base ../build/my_py_pkg build --build-base /home/thieulong/ROS2-WorkSpace/src/build/my_py_pkg/build install --record /home/thieulong/ROS2-WorkSpace/src/build/my_py_pkg/install.log --single-version-externally-managed
[3.547s] DEBUG:colcon.colcon_core.event_handler.log_command:Invoked command in '/home/thieulong/ROS2-WorkSpace/src/my_py_pkg' returned '0': PYTHONPATH=/home/thieulong/ROS2-WorkSpace/src/build/my_py_pkg/prefix_override:/home/thieulong/ROS2-WorkSpace/src/install/my_py_pkg/lib/python3.10/site-packages:${PYTHONPATH} /usr/bin/python3 setup.py egg_info --egg-base ../build/my_py_pkg build --build-base /home/thieulong/ROS2-WorkSpace/src/build/my_py_pkg/build install --record /home/thieulong/ROS2-WorkSpace/src/build/my_py_pkg/install.log --single-version-externally-managed
[3.572s] Level 1:colcon.colcon_core.environment:checking '/home/thieulong/ROS2-WorkSpace/src/install/my_py_pkg' for CMake module files
[3.573s] Level 1:colcon.colcon_core.environment:checking '/home/thieulong/ROS2-WorkSpace/src/install/my_py_pkg' for CMake config files
[3.573s] Level 1:colcon.colcon_core.environment:checking '/home/thieulong/ROS2-WorkSpace/src/install/my_py_pkg/lib'
[3.573s] Level 1:colcon.colcon_core.environment:checking '/home/thieulong/ROS2-WorkSpace/src/install/my_py_pkg/bin'
[3.574s] Level 1:colcon.colcon_core.environment:checking '/home/thieulong/ROS2-WorkSpace/src/install/my_py_pkg/lib/pkgconfig/my_py_pkg.pc'
[3.574s] Level 1:colcon.colcon_core.environment:checking '/home/thieulong/ROS2-WorkSpace/src/install/my_py_pkg/lib/python3.10/site-packages'
[3.574s] Level 1:colcon.colcon_core.shell:create_environment_hook('my_py_pkg', 'pythonpath')
[3.597s] INFO:colcon.colcon_core.shell:Creating environment hook '/home/thieulong/ROS2-WorkSpace/src/install/my_py_pkg/share/my_py_pkg/hook/pythonpath.ps1'
[3.597s] INFO:colcon.colcon_core.shell:Creating environment descriptor '/home/thieulong/ROS2-WorkSpace/src/install/my_py_pkg/share/my_py_pkg/hook/pythonpath.dsv'
[3.598s] INFO:colcon.colcon_core.shell:Creating environment hook '/home/thieulong/ROS2-WorkSpace/src/install/my_py_pkg/share/my_py_pkg/hook/pythonpath.sh'
[3.598s] Level 1:colcon.colcon_core.environment:checking '/home/thieulong/ROS2-WorkSpace/src/install/my_py_pkg/bin'
[3.598s] Level 1:colcon.colcon_core.environment:create_environment_scripts_only(my_py_pkg)
[3.622s] INFO:colcon.colcon_core.shell:Creating package script '/home/thieulong/ROS2-WorkSpace/src/install/my_py_pkg/share/my_py_pkg/package.ps1'
[3.622s] INFO:colcon.colcon_core.shell:Creating package descriptor '/home/thieulong/ROS2-WorkSpace/src/install/my_py_pkg/share/my_py_pkg/package.dsv'
[3.623s] INFO:colcon.colcon_core.shell:Creating package script '/home/thieulong/ROS2-WorkSpace/src/install/my_py_pkg/share/my_py_pkg/package.sh'
[3.624s] INFO:colcon.colcon_core.shell:Creating package script '/home/thieulong/ROS2-WorkSpace/src/install/my_py_pkg/share/my_py_pkg/package.bash'
[3.625s] INFO:colcon.colcon_core.shell:Creating package script '/home/thieulong/ROS2-WorkSpace/src/install/my_py_pkg/share/my_py_pkg/package.zsh'
[3.625s] Level 1:colcon.colcon_core.environment:create_file_with_runtime_dependencies(/home/thieulong/ROS2-WorkSpace/src/install/my_py_pkg/share/colcon-core/packages/my_py_pkg)
[3.652s] DEBUG:colcon.colcon_core.event_handler.log_command:Invoked command in '/home/thieulong/ROS2-WorkSpace/src/build/my_cpp_pkg' returned '0': CMAKE_PREFIX_PATH=/opt/ros/humble /usr/bin/cmake /home/thieulong/ROS2-WorkSpace/src/my_cpp_pkg -DCMAKE_INSTALL_PREFIX=/home/thieulong/ROS2-WorkSpace/src/install/my_cpp_pkg
[3.653s] DEBUG:colcon.colcon_core.event_handler.log_command:Invoking command in '/home/thieulong/ROS2-WorkSpace/src/build/my_cpp_pkg': CMAKE_PREFIX_PATH=/opt/ros/humble /usr/bin/cmake --build /home/thieulong/ROS2-WorkSpace/src/build/my_cpp_pkg -- -j8 -l8
[3.690s] DEBUG:colcon.colcon_core.event_handler.log_command:Invoked command in '/home/thieulong/ROS2-WorkSpace/src/build/my_cpp_pkg' returned '0': CMAKE_PREFIX_PATH=/opt/ros/humble /usr/bin/cmake --build /home/thieulong/ROS2-WorkSpace/src/build/my_cpp_pkg -- -j8 -l8
[3.719s] DEBUG:colcon.colcon_core.event_handler.log_command:Invoking command in '/home/thieulong/ROS2-WorkSpace/src/build/my_cpp_pkg': CMAKE_PREFIX_PATH=/opt/ros/humble /usr/bin/cmake --install /home/thieulong/ROS2-WorkSpace/src/build/my_cpp_pkg
[3.730s] Level 1:colcon.colcon_core.environment:create_environment_scripts_only(my_cpp_pkg)
[3.731s] DEBUG:colcon.colcon_core.event_handler.log_command:Invoked command in '/home/thieulong/ROS2-WorkSpace/src/build/my_cpp_pkg' returned '0': CMAKE_PREFIX_PATH=/opt/ros/humble /usr/bin/cmake --install /home/thieulong/ROS2-WorkSpace/src/build/my_cpp_pkg
[3.756s] Level 1:colcon.colcon_core.environment:checking '/home/thieulong/ROS2-WorkSpace/src/install/my_cpp_pkg' for CMake module files
[3.756s] Level 1:colcon.colcon_core.environment:checking '/home/thieulong/ROS2-WorkSpace/src/install/my_cpp_pkg' for CMake config files
[3.757s] Level 1:colcon.colcon_core.shell:create_environment_hook('my_cpp_pkg', 'cmake_prefix_path')
[3.787s] INFO:colcon.colcon_core.shell:Creating environment hook '/home/thieulong/ROS2-WorkSpace/src/install/my_cpp_pkg/share/my_cpp_pkg/hook/cmake_prefix_path.ps1'
[3.788s] INFO:colcon.colcon_core.shell:Creating environment descriptor '/home/thieulong/ROS2-WorkSpace/src/install/my_cpp_pkg/share/my_cpp_pkg/hook/cmake_prefix_path.dsv'
[3.788s] INFO:colcon.colcon_core.shell:Creating environment hook '/home/thieulong/ROS2-WorkSpace/src/install/my_cpp_pkg/share/my_cpp_pkg/hook/cmake_prefix_path.sh'
[3.789s] Level 1:colcon.colcon_core.environment:checking '/home/thieulong/ROS2-WorkSpace/src/install/my_cpp_pkg/bin'
[3.789s] Level 1:colcon.colcon_core.environment:checking '/home/thieulong/ROS2-WorkSpace/src/install/my_cpp_pkg/lib/pkgconfig/my_cpp_pkg.pc'
[3.789s] Level 1:colcon.colcon_core.environment:checking '/home/thieulong/ROS2-WorkSpace/src/install/my_cpp_pkg/lib/python3.10/site-packages'
[3.790s] Level 1:colcon.colcon_core.environment:checking '/home/thieulong/ROS2-WorkSpace/src/install/my_cpp_pkg/bin'
[3.815s] INFO:colcon.colcon_core.shell:Creating package script '/home/thieulong/ROS2-WorkSpace/src/install/my_cpp_pkg/share/my_cpp_pkg/package.ps1'
[3.815s] INFO:colcon.colcon_core.shell:Creating package descriptor '/home/thieulong/ROS2-WorkSpace/src/install/my_cpp_pkg/share/my_cpp_pkg/package.dsv'
[3.816s] INFO:colcon.colcon_core.shell:Creating package script '/home/thieulong/ROS2-WorkSpace/src/install/my_cpp_pkg/share/my_cpp_pkg/package.sh'
[3.816s] INFO:colcon.colcon_core.shell:Creating package script '/home/thieulong/ROS2-WorkSpace/src/install/my_cpp_pkg/share/my_cpp_pkg/package.bash'
[3.816s] INFO:colcon.colcon_core.shell:Creating package script '/home/thieulong/ROS2-WorkSpace/src/install/my_cpp_pkg/share/my_cpp_pkg/package.zsh'
[3.817s] Level 1:colcon.colcon_core.environment:create_file_with_runtime_dependencies(/home/thieulong/ROS2-WorkSpace/src/install/my_cpp_pkg/share/colcon-core/packages/my_cpp_pkg)
[3.859s] Level 1:colcon.colcon_core.environment:create_environment_scripts_only(my_cpp_pkg)
[3.882s] Level 1:colcon.colcon_core.environment:checking '/home/thieulong/ROS2-WorkSpace/src/install/my_cpp_pkg' for CMake module files
[3.883s] Level 1:colcon.colcon_core.environment:checking '/home/thieulong/ROS2-WorkSpace/src/install/my_cpp_pkg' for CMake config files
[3.883s] Level 1:colcon.colcon_core.shell:create_environment_hook('my_cpp_pkg', 'cmake_prefix_path')
[3.906s] INFO:colcon.colcon_core.shell:Creating environment hook '/home/thieulong/ROS2-WorkSpace/src/install/my_cpp_pkg/share/my_cpp_pkg/hook/cmake_prefix_path.ps1'
[3.907s] INFO:colcon.colcon_core.shell:Creating environment descriptor '/home/thieulong/ROS2-WorkSpace/src/install/my_cpp_pkg/share/my_cpp_pkg/hook/cmake_prefix_path.dsv'
[3.907s] INFO:colcon.colcon_core.shell:Creating environment hook '/home/thieulong/ROS2-WorkSpace/src/install/my_cpp_pkg/share/my_cpp_pkg/hook/cmake_prefix_path.sh'
[3.907s] Level 1:colcon.colcon_core.environment:checking '/home/thieulong/ROS2-WorkSpace/src/install/my_cpp_pkg/bin'
[3.907s] Level 1:colcon.colcon_core.environment:checking '/home/thieulong/ROS2-WorkSpace/src/install/my_cpp_pkg/lib/pkgconfig/my_cpp_pkg.pc'
[3.908s] Level 1:colcon.colcon_core.environment:checking '/home/thieulong/ROS2-WorkSpace/src/install/my_cpp_pkg/lib/python3.10/site-packages'
[3.908s] Level 1:colcon.colcon_core.environment:checking '/home/thieulong/ROS2-WorkSpace/src/install/my_cpp_pkg/bin'
[3.932s] INFO:colcon.colcon_core.shell:Creating package script '/home/thieulong/ROS2-WorkSpace/src/install/my_cpp_pkg/share/my_cpp_pkg/package.ps1'
[3.933s] INFO:colcon.colcon_core.shell:Creating package descriptor '/home/thieulong/ROS2-WorkSpace/src/install/my_cpp_pkg/share/my_cpp_pkg/package.dsv'
[3.934s] INFO:colcon.colcon_core.shell:Creating package script '/home/thieulong/ROS2-WorkSpace/src/install/my_cpp_pkg/share/my_cpp_pkg/package.sh'
[3.934s] INFO:colcon.colcon_core.shell:Creating package script '/home/thieulong/ROS2-WorkSpace/src/install/my_cpp_pkg/share/my_cpp_pkg/package.bash'
[3.935s] INFO:colcon.colcon_core.shell:Creating package script '/home/thieulong/ROS2-WorkSpace/src/install/my_cpp_pkg/share/my_cpp_pkg/package.zsh'
[3.935s] Level 1:colcon.colcon_core.environment:create_file_with_runtime_dependencies(/home/thieulong/ROS2-WorkSpace/src/install/my_cpp_pkg/share/colcon-core/packages/my_cpp_pkg)
[3.936s] DEBUG:colcon.colcon_parallel_executor.executor.parallel:closing loop
[3.936s] DEBUG:colcon.colcon_parallel_executor.executor.parallel:loop closed
[3.936s] DEBUG:colcon.colcon_parallel_executor.executor.parallel:run_until_complete finished with '0'
[3.936s] DEBUG:colcon.colcon_core.event_reactor:joining thread
[3.967s] INFO:colcon.colcon_core.plugin_system:Skipping extension 'colcon_notification.desktop_notification.terminal_notifier': Not used on non-Darwin systems
[3.967s] INFO:colcon.colcon_core.plugin_system:Skipping extension 'colcon_notification.desktop_notification.win32': Not used on non-Windows systems
[3.967s] INFO:colcon.colcon_notification.desktop_notification:Sending desktop notification using 'notify2'
[3.978s] DEBUG:colcon.colcon_core.event_reactor:joined thread
[4.002s] INFO:colcon.colcon_core.shell:Creating prefix script '/home/thieulong/ROS2-WorkSpace/src/install/local_setup.ps1'
[4.004s] INFO:colcon.colcon_core.shell:Creating prefix util module '/home/thieulong/ROS2-WorkSpace/src/install/_local_setup_util_ps1.py'
[4.005s] INFO:colcon.colcon_core.shell:Creating prefix chain script '/home/thieulong/ROS2-WorkSpace/src/install/setup.ps1'
[4.030s] INFO:colcon.colcon_core.shell:Creating prefix script '/home/thieulong/ROS2-WorkSpace/src/install/local_setup.sh'
[4.031s] INFO:colcon.colcon_core.shell:Creating prefix util module '/home/thieulong/ROS2-WorkSpace/src/install/_local_setup_util_sh.py'
[4.031s] INFO:colcon.colcon_core.shell:Creating prefix chain script '/home/thieulong/ROS2-WorkSpace/src/install/setup.sh'
[4.056s] INFO:colcon.colcon_core.shell:Creating prefix script '/home/thieulong/ROS2-WorkSpace/src/install/local_setup.bash'
[4.056s] INFO:colcon.colcon_core.shell:Creating prefix chain script '/home/thieulong/ROS2-WorkSpace/src/install/setup.bash'
[4.081s] INFO:colcon.colcon_core.shell:Creating prefix script '/home/thieulong/ROS2-WorkSpace/src/install/local_setup.zsh'
[4.081s] INFO:colcon.colcon_core.shell:Creating prefix chain script '/home/thieulong/ROS2-WorkSpace/src/install/setup.zsh'
