[1.193s] DEBUG:colcon:Command line arguments: ['/usr/bin/colcon', 'build', '--packages-select', 'battery_status']
[1.193s] DEBUG:colcon:Parsed command line arguments: Namespace(log_base=None, log_level=None, verb_name='build', build_base='build', install_base='install', merge_install=False, symlink_install=False, test_result_base=None, continue_on_error=False, executor='parallel', parallel_workers=8, event_handlers=None, ignore_user_meta=False, metas=['./colcon.meta'], base_paths=['.'], packages_ignore=None, packages_ignore_regex=None, paths=None, packages_up_to=None, packages_up_to_regex=None, packages_above=None, packages_above_and_dependencies=None, packages_above_depth=None, packages_select_by_dep=None, packages_skip_by_dep=None, packages_skip_up_to=None, packages_select_build_failed=False, packages_skip_build_finished=False, packages_select_test_failures=False, packages_skip_test_passed=False, packages_select=['battery_status'], packages_skip=None, packages_select_regex=None, packages_skip_regex=None, packages_start=None, packages_end=None, allow_overriding=[], cmake_args=None, cmake_target=None, cmake_target_skip_unavailable=False, cmake_clean_cache=False, cmake_clean_first=False, cmake_force_configure=False, ament_cmake_args=None, catkin_cmake_args=None, catkin_skip_building_tests=False, verb_parser=<colcon_defaults.argument_parser.defaults.DefaultArgumentsDecorator object at 0x7f2d82fdef50>, verb_extension=<colcon_core.verb.build.BuildVerb object at 0x7f2d82e1a170>, main=<bound method BuildVerb.main of <colcon_core.verb.build.BuildVerb object at 0x7f2d82e1a170>>)
[1.241s] Level 1:colcon.colcon_core.package_discovery:discover_packages(colcon_meta) check parameters
[1.241s] Level 1:colcon.colcon_core.package_discovery:discover_packages(recursive) check parameters
[1.241s] Level 1:colcon.colcon_core.package_discovery:discover_packages(ignore) check parameters
[1.241s] Level 1:colcon.colcon_core.package_discovery:discover_packages(path) check parameters
[1.241s] Level 1:colcon.colcon_core.package_discovery:discover_packages(colcon_meta) discover
[1.241s] Level 1:colcon.colcon_core.package_discovery:discover_packages(recursive) discover
[1.241s] INFO:colcon.colcon_core.package_discovery:Crawling recursively for packages in '/home/thieulong/ROS2-WorkSpace'
[1.241s] Level 1:colcon.colcon_core.package_identification:_identify(.) by extensions ['ignore', 'ignore_ament_install']
[1.241s] Level 1:colcon.colcon_core.package_identification:_identify(.) by extension 'ignore'
[1.241s] Level 1:colcon.colcon_core.package_identification:_identify(.) by extension 'ignore_ament_install'
[1.241s] Level 1:colcon.colcon_core.package_identification:_identify(.) by extensions ['colcon_pkg']
[1.241s] Level 1:colcon.colcon_core.package_identification:_identify(.) by extension 'colcon_pkg'
[1.242s] Level 1:colcon.colcon_core.package_identification:_identify(.) by extensions ['colcon_meta']
[1.242s] Level 1:colcon.colcon_core.package_identification:_identify(.) by extension 'colcon_meta'
[1.242s] Level 1:colcon.colcon_core.package_identification:_identify(.) by extensions ['ros']
[1.242s] Level 1:colcon.colcon_core.package_identification:_identify(.) by extension 'ros'
[1.250s] Level 1:colcon.colcon_core.package_identification:_identify(.) by extensions ['cmake', 'python']
[1.250s] Level 1:colcon.colcon_core.package_identification:_identify(.) by extension 'cmake'
[1.250s] Level 1:colcon.colcon_core.package_identification:_identify(.) by extension 'python'
[1.250s] Level 1:colcon.colcon_core.package_identification:_identify(.) by extensions ['python_setup_py']
[1.250s] Level 1:colcon.colcon_core.package_identification:_identify(.) by extension 'python_setup_py'
[1.250s] Level 1:colcon.colcon_core.package_identification:_identify(build) by extensions ['ignore', 'ignore_ament_install']
[1.250s] Level 1:colcon.colcon_core.package_identification:_identify(build) by extension 'ignore'
[1.251s] Level 1:colcon.colcon_core.package_identification:_identify(build) ignored
[1.251s] Level 1:colcon.colcon_core.package_identification:_identify(install) by extensions ['ignore', 'ignore_ament_install']
[1.251s] Level 1:colcon.colcon_core.package_identification:_identify(install) by extension 'ignore'
[1.251s] Level 1:colcon.colcon_core.package_identification:_identify(install) ignored
[1.251s] Level 1:colcon.colcon_core.package_identification:_identify(log) by extensions ['ignore', 'ignore_ament_install']
[1.251s] Level 1:colcon.colcon_core.package_identification:_identify(log) by extension 'ignore'
[1.251s] Level 1:colcon.colcon_core.package_identification:_identify(log) ignored
[1.251s] Level 1:colcon.colcon_core.package_identification:_identify(my_robot_interfaces) by extensions ['ignore', 'ignore_ament_install']
[1.251s] Level 1:colcon.colcon_core.package_identification:_identify(my_robot_interfaces) by extension 'ignore'
[1.251s] Level 1:colcon.colcon_core.package_identification:_identify(my_robot_interfaces) by extension 'ignore_ament_install'
[1.251s] Level 1:colcon.colcon_core.package_identification:_identify(my_robot_interfaces) by extensions ['colcon_pkg']
[1.252s] Level 1:colcon.colcon_core.package_identification:_identify(my_robot_interfaces) by extension 'colcon_pkg'
[1.252s] Level 1:colcon.colcon_core.package_identification:_identify(my_robot_interfaces) by extensions ['colcon_meta']
[1.252s] Level 1:colcon.colcon_core.package_identification:_identify(my_robot_interfaces) by extension 'colcon_meta'
[1.252s] Level 1:colcon.colcon_core.package_identification:_identify(my_robot_interfaces) by extensions ['ros']
[1.252s] Level 1:colcon.colcon_core.package_identification:_identify(my_robot_interfaces) by extension 'ros'
[1.254s] DEBUG:colcon.colcon_core.package_identification:Package 'my_robot_interfaces' with type 'ros.ament_cmake' and name 'my_robot_interfaces'
[1.254s] Level 1:colcon.colcon_core.package_identification:_identify(src) by extensions ['ignore', 'ignore_ament_install']
[1.254s] Level 1:colcon.colcon_core.package_identification:_identify(src) by extension 'ignore'
[1.254s] Level 1:colcon.colcon_core.package_identification:_identify(src) by extension 'ignore_ament_install'
[1.254s] Level 1:colcon.colcon_core.package_identification:_identify(src) by extensions ['colcon_pkg']
[1.254s] Level 1:colcon.colcon_core.package_identification:_identify(src) by extension 'colcon_pkg'
[1.254s] Level 1:colcon.colcon_core.package_identification:_identify(src) by extensions ['colcon_meta']
[1.254s] Level 1:colcon.colcon_core.package_identification:_identify(src) by extension 'colcon_meta'
[1.254s] Level 1:colcon.colcon_core.package_identification:_identify(src) by extensions ['ros']
[1.254s] Level 1:colcon.colcon_core.package_identification:_identify(src) by extension 'ros'
[1.254s] Level 1:colcon.colcon_core.package_identification:_identify(src) by extensions ['cmake', 'python']
[1.254s] Level 1:colcon.colcon_core.package_identification:_identify(src) by extension 'cmake'
[1.254s] Level 1:colcon.colcon_core.package_identification:_identify(src) by extension 'python'
[1.254s] Level 1:colcon.colcon_core.package_identification:_identify(src) by extensions ['python_setup_py']
[1.254s] Level 1:colcon.colcon_core.package_identification:_identify(src) by extension 'python_setup_py'
[1.255s] Level 1:colcon.colcon_core.package_identification:_identify(src/battery_status) by extensions ['ignore', 'ignore_ament_install']
[1.255s] Level 1:colcon.colcon_core.package_identification:_identify(src/battery_status) by extension 'ignore'
[1.255s] Level 1:colcon.colcon_core.package_identification:_identify(src/battery_status) by extension 'ignore_ament_install'
[1.255s] Level 1:colcon.colcon_core.package_identification:_identify(src/battery_status) by extensions ['colcon_pkg']
[1.255s] Level 1:colcon.colcon_core.package_identification:_identify(src/battery_status) by extension 'colcon_pkg'
[1.255s] Level 1:colcon.colcon_core.package_identification:_identify(src/battery_status) by extensions ['colcon_meta']
[1.255s] Level 1:colcon.colcon_core.package_identification:_identify(src/battery_status) by extension 'colcon_meta'
[1.255s] Level 1:colcon.colcon_core.package_identification:_identify(src/battery_status) by extensions ['ros']
[1.255s] Level 1:colcon.colcon_core.package_identification:_identify(src/battery_status) by extension 'ros'
[1.255s] DEBUG:colcon.colcon_core.package_identification:Package 'src/battery_status' with type 'ros.ament_cmake' and name 'battery_status'
[1.255s] Level 1:colcon.colcon_core.package_identification:_identify(src/build) by extensions ['ignore', 'ignore_ament_install']
[1.256s] Level 1:colcon.colcon_core.package_identification:_identify(src/build) by extension 'ignore'
[1.256s] Level 1:colcon.colcon_core.package_identification:_identify(src/build) ignored
[1.256s] Level 1:colcon.colcon_core.package_identification:_identify(src/install) by extensions ['ignore', 'ignore_ament_install']
[1.256s] Level 1:colcon.colcon_core.package_identification:_identify(src/install) by extension 'ignore'
[1.256s] Level 1:colcon.colcon_core.package_identification:_identify(src/install) ignored
[1.256s] Level 1:colcon.colcon_core.package_identification:_identify(src/log) by extensions ['ignore', 'ignore_ament_install']
[1.256s] Level 1:colcon.colcon_core.package_identification:_identify(src/log) by extension 'ignore'
[1.256s] Level 1:colcon.colcon_core.package_identification:_identify(src/log) ignored
[1.256s] Level 1:colcon.colcon_core.package_identification:_identify(src/my_cpp_pkg) by extensions ['ignore', 'ignore_ament_install']
[1.256s] Level 1:colcon.colcon_core.package_identification:_identify(src/my_cpp_pkg) by extension 'ignore'
[1.256s] Level 1:colcon.colcon_core.package_identification:_identify(src/my_cpp_pkg) by extension 'ignore_ament_install'
[1.256s] Level 1:colcon.colcon_core.package_identification:_identify(src/my_cpp_pkg) by extensions ['colcon_pkg']
[1.256s] Level 1:colcon.colcon_core.package_identification:_identify(src/my_cpp_pkg) by extension 'colcon_pkg'
[1.257s] Level 1:colcon.colcon_core.package_identification:_identify(src/my_cpp_pkg) by extensions ['colcon_meta']
[1.257s] Level 1:colcon.colcon_core.package_identification:_identify(src/my_cpp_pkg) by extension 'colcon_meta'
[1.257s] Level 1:colcon.colcon_core.package_identification:_identify(src/my_cpp_pkg) by extensions ['ros']
[1.257s] Level 1:colcon.colcon_core.package_identification:_identify(src/my_cpp_pkg) by extension 'ros'
[1.258s] DEBUG:colcon.colcon_core.package_identification:Package 'src/my_cpp_pkg' with type 'ros.ament_cmake' and name 'my_cpp_pkg'
[1.258s] Level 1:colcon.colcon_core.package_identification:_identify(src/my_py_pkg) by extensions ['ignore', 'ignore_ament_install']
[1.258s] Level 1:colcon.colcon_core.package_identification:_identify(src/my_py_pkg) by extension 'ignore'
[1.258s] Level 1:colcon.colcon_core.package_identification:_identify(src/my_py_pkg) by extension 'ignore_ament_install'
[1.258s] Level 1:colcon.colcon_core.package_identification:_identify(src/my_py_pkg) by extensions ['colcon_pkg']
[1.258s] Level 1:colcon.colcon_core.package_identification:_identify(src/my_py_pkg) by extension 'colcon_pkg'
[1.258s] Level 1:colcon.colcon_core.package_identification:_identify(src/my_py_pkg) by extensions ['colcon_meta']
[1.258s] Level 1:colcon.colcon_core.package_identification:_identify(src/my_py_pkg) by extension 'colcon_meta'
[1.258s] Level 1:colcon.colcon_core.package_identification:_identify(src/my_py_pkg) by extensions ['ros']
[1.258s] Level 1:colcon.colcon_core.package_identification:_identify(src/my_py_pkg) by extension 'ros'
[1.259s] DEBUG:colcon.colcon_core.package_identification:Package 'src/my_py_pkg' with type 'ros.ament_python' and name 'my_py_pkg'
[1.259s] Level 1:colcon.colcon_core.package_discovery:discover_packages(recursive) using defaults
[1.259s] Level 1:colcon.colcon_core.package_discovery:discover_packages(ignore) discover
[1.259s] Level 1:colcon.colcon_core.package_discovery:discover_packages(ignore) using defaults
[1.259s] Level 1:colcon.colcon_core.package_discovery:discover_packages(path) discover
[1.259s] Level 1:colcon.colcon_core.package_discovery:discover_packages(path) using defaults
[1.339s] INFO:colcon.colcon_core.package_selection:Skipping not selected package 'my_cpp_pkg' in 'src/my_cpp_pkg'
[1.339s] INFO:colcon.colcon_core.package_selection:Skipping not selected package 'my_robot_interfaces' in 'my_robot_interfaces'
[1.339s] INFO:colcon.colcon_core.package_selection:Skipping not selected package 'my_py_pkg' in 'src/my_py_pkg'
[1.381s] Level 1:colcon.colcon_core.package_discovery:discover_packages(prefix_path) check parameters
[1.381s] Level 1:colcon.colcon_core.package_discovery:discover_packages(prefix_path) discover
[1.420s] DEBUG:colcon.colcon_installed_package_information.package_discovery:Found 4 installed packages in /home/thieulong/ROS2-WorkSpace/install
[1.438s] DEBUG:colcon.colcon_installed_package_information.package_discovery:Found 270 installed packages in /opt/ros/humble
[1.439s] Level 1:colcon.colcon_core.package_discovery:discover_packages(prefix_path) using defaults
[1.529s] Level 5:colcon.colcon_core.verb:set package 'battery_status' build argument 'cmake_args' from command line to 'None'
[1.529s] Level 5:colcon.colcon_core.verb:set package 'battery_status' build argument 'cmake_target' from command line to 'None'
[1.529s] Level 5:colcon.colcon_core.verb:set package 'battery_status' build argument 'cmake_target_skip_unavailable' from command line to 'False'
[1.529s] Level 5:colcon.colcon_core.verb:set package 'battery_status' build argument 'cmake_clean_cache' from command line to 'False'
[1.529s] Level 5:colcon.colcon_core.verb:set package 'battery_status' build argument 'cmake_clean_first' from command line to 'False'
[1.529s] Level 5:colcon.colcon_core.verb:set package 'battery_status' build argument 'cmake_force_configure' from command line to 'False'
[1.529s] Level 5:colcon.colcon_core.verb:set package 'battery_status' build argument 'ament_cmake_args' from command line to 'None'
[1.529s] Level 5:colcon.colcon_core.verb:set package 'battery_status' build argument 'catkin_cmake_args' from command line to 'None'
[1.529s] Level 5:colcon.colcon_core.verb:set package 'battery_status' build argument 'catkin_skip_building_tests' from command line to 'False'
[1.529s] DEBUG:colcon.colcon_core.verb:Building package 'battery_status' with the following arguments: {'ament_cmake_args': None, 'build_base': '/home/thieulong/ROS2-WorkSpace/build/battery_status', 'catkin_cmake_args': None, 'catkin_skip_building_tests': False, 'cmake_args': None, 'cmake_clean_cache': False, 'cmake_clean_first': False, 'cmake_force_configure': False, 'cmake_target': None, 'cmake_target_skip_unavailable': False, 'install_base': '/home/thieulong/ROS2-WorkSpace/install/battery_status', 'merge_install': False, 'path': '/home/thieulong/ROS2-WorkSpace/src/battery_status', 'symlink_install': False, 'test_result_base': None}
[1.546s] INFO:colcon.colcon_core.executor:Executing jobs using 'parallel' executor
[1.564s] DEBUG:colcon.colcon_parallel_executor.executor.parallel:run_until_complete
[1.564s] INFO:colcon.colcon_ros.task.ament_cmake.build:Building ROS package in '/home/thieulong/ROS2-WorkSpace/src/battery_status' with build type 'ament_cmake'
[1.565s] INFO:colcon.colcon_cmake.task.cmake.build:Building CMake package in '/home/thieulong/ROS2-WorkSpace/src/battery_status'
[1.584s] INFO:colcon.colcon_core.plugin_system:Skipping extension 'colcon_core.shell.bat': Not used on non-Windows systems
[1.584s] INFO:colcon.colcon_core.shell:Skip shell extension 'powershell' for command environment: Not usable outside of PowerShell
[1.584s] DEBUG:colcon.colcon_core.shell:Skip shell extension 'dsv' for command environment
[1.642s] DEBUG:colcon.colcon_core.event_handler.log_command:Invoking command in '/home/thieulong/ROS2-WorkSpace/build/battery_status': CMAKE_PREFIX_PATH=${CMAKE_PREFIX_PATH}:/home/thieulong/ROS2-WorkSpace/install/my_py_pkg:/opt/ros/humble /usr/bin/cmake /home/thieulong/ROS2-WorkSpace/src/battery_status -DCMAKE_INSTALL_PREFIX=/home/thieulong/ROS2-WorkSpace/install/battery_status
[2.570s] DEBUG:colcon.colcon_core.event_handler.log_command:Invoked command in '/home/thieulong/ROS2-WorkSpace/build/battery_status' returned '0': CMAKE_PREFIX_PATH=${CMAKE_PREFIX_PATH}:/home/thieulong/ROS2-WorkSpace/install/my_py_pkg:/opt/ros/humble /usr/bin/cmake /home/thieulong/ROS2-WorkSpace/src/battery_status -DCMAKE_INSTALL_PREFIX=/home/thieulong/ROS2-WorkSpace/install/battery_status
[2.571s] DEBUG:colcon.colcon_core.event_handler.log_command:Invoking command in '/home/thieulong/ROS2-WorkSpace/build/battery_status': CMAKE_PREFIX_PATH=${CMAKE_PREFIX_PATH}:/home/thieulong/ROS2-WorkSpace/install/my_py_pkg:/opt/ros/humble /usr/bin/cmake --build /home/thieulong/ROS2-WorkSpace/build/battery_status -- -j8 -l8
[4.356s] DEBUG:colcon.colcon_core.event_handler.log_command:Invoked command in '/home/thieulong/ROS2-WorkSpace/build/battery_status' returned '0': CMAKE_PREFIX_PATH=${CMAKE_PREFIX_PATH}:/home/thieulong/ROS2-WorkSpace/install/my_py_pkg:/opt/ros/humble /usr/bin/cmake --build /home/thieulong/ROS2-WorkSpace/build/battery_status -- -j8 -l8
[4.408s] DEBUG:colcon.colcon_core.event_handler.log_command:Invoking command in '/home/thieulong/ROS2-WorkSpace/build/battery_status': CMAKE_PREFIX_PATH=${CMAKE_PREFIX_PATH}:/home/thieulong/ROS2-WorkSpace/install/my_py_pkg:/opt/ros/humble /usr/bin/cmake --install /home/thieulong/ROS2-WorkSpace/build/battery_status
[4.470s] Level 1:colcon.colcon_core.environment:create_environment_scripts_only(battery_status)
[4.471s] DEBUG:colcon.colcon_core.event_handler.log_command:Invoked command in '/home/thieulong/ROS2-WorkSpace/build/battery_status' returned '0': CMAKE_PREFIX_PATH=${CMAKE_PREFIX_PATH}:/home/thieulong/ROS2-WorkSpace/install/my_py_pkg:/opt/ros/humble /usr/bin/cmake --install /home/thieulong/ROS2-WorkSpace/build/battery_status
[4.493s] Level 1:colcon.colcon_core.environment:checking '/home/thieulong/ROS2-WorkSpace/install/battery_status' for CMake module files
[4.494s] Level 1:colcon.colcon_core.environment:checking '/home/thieulong/ROS2-WorkSpace/install/battery_status' for CMake config files
[4.494s] Level 1:colcon.colcon_core.shell:create_environment_hook('battery_status', 'cmake_prefix_path')
[4.516s] INFO:colcon.colcon_core.shell:Creating environment hook '/home/thieulong/ROS2-WorkSpace/install/battery_status/share/battery_status/hook/cmake_prefix_path.ps1'
[4.516s] INFO:colcon.colcon_core.shell:Creating environment descriptor '/home/thieulong/ROS2-WorkSpace/install/battery_status/share/battery_status/hook/cmake_prefix_path.dsv'
[4.516s] INFO:colcon.colcon_core.shell:Creating environment hook '/home/thieulong/ROS2-WorkSpace/install/battery_status/share/battery_status/hook/cmake_prefix_path.sh'
[4.517s] Level 1:colcon.colcon_core.environment:checking '/home/thieulong/ROS2-WorkSpace/install/battery_status/lib'
[4.517s] Level 1:colcon.colcon_core.shell:create_environment_hook('battery_status', 'ld_library_path_lib')
[4.539s] INFO:colcon.colcon_core.shell:Creating environment hook '/home/thieulong/ROS2-WorkSpace/install/battery_status/share/battery_status/hook/ld_library_path_lib.ps1'
[4.539s] INFO:colcon.colcon_core.shell:Creating environment descriptor '/home/thieulong/ROS2-WorkSpace/install/battery_status/share/battery_status/hook/ld_library_path_lib.dsv'
[4.539s] INFO:colcon.colcon_core.shell:Creating environment hook '/home/thieulong/ROS2-WorkSpace/install/battery_status/share/battery_status/hook/ld_library_path_lib.sh'
[4.540s] Level 1:colcon.colcon_core.environment:checking '/home/thieulong/ROS2-WorkSpace/install/battery_status/bin'
[4.540s] Level 1:colcon.colcon_core.environment:checking '/home/thieulong/ROS2-WorkSpace/install/battery_status/lib/pkgconfig/battery_status.pc'
[4.540s] Level 1:colcon.colcon_core.environment:checking '/home/thieulong/ROS2-WorkSpace/install/battery_status/lib/python3.10/site-packages'
[4.540s] Level 1:colcon.colcon_core.environment:checking '/home/thieulong/ROS2-WorkSpace/install/battery_status/bin'
[4.561s] INFO:colcon.colcon_core.shell:Creating package script '/home/thieulong/ROS2-WorkSpace/install/battery_status/share/battery_status/package.ps1'
[4.561s] INFO:colcon.colcon_core.shell:Creating package descriptor '/home/thieulong/ROS2-WorkSpace/install/battery_status/share/battery_status/package.dsv'
[4.562s] INFO:colcon.colcon_core.shell:Creating package script '/home/thieulong/ROS2-WorkSpace/install/battery_status/share/battery_status/package.sh'
[4.563s] INFO:colcon.colcon_core.shell:Creating package script '/home/thieulong/ROS2-WorkSpace/install/battery_status/share/battery_status/package.bash'
[4.563s] INFO:colcon.colcon_core.shell:Creating package script '/home/thieulong/ROS2-WorkSpace/install/battery_status/share/battery_status/package.zsh'
[4.564s] Level 1:colcon.colcon_core.environment:create_file_with_runtime_dependencies(/home/thieulong/ROS2-WorkSpace/install/battery_status/share/colcon-core/packages/battery_status)
[4.628s] Level 1:colcon.colcon_core.environment:create_environment_scripts_only(battery_status)
[4.649s] Level 1:colcon.colcon_core.environment:checking '/home/thieulong/ROS2-WorkSpace/install/battery_status' for CMake module files
[4.649s] Level 1:colcon.colcon_core.environment:checking '/home/thieulong/ROS2-WorkSpace/install/battery_status' for CMake config files
[4.650s] Level 1:colcon.colcon_core.shell:create_environment_hook('battery_status', 'cmake_prefix_path')
[4.667s] INFO:colcon.colcon_core.shell:Creating environment hook '/home/thieulong/ROS2-WorkSpace/install/battery_status/share/battery_status/hook/cmake_prefix_path.ps1'
[4.668s] INFO:colcon.colcon_core.shell:Creating environment descriptor '/home/thieulong/ROS2-WorkSpace/install/battery_status/share/battery_status/hook/cmake_prefix_path.dsv'
[4.668s] INFO:colcon.colcon_core.shell:Creating environment hook '/home/thieulong/ROS2-WorkSpace/install/battery_status/share/battery_status/hook/cmake_prefix_path.sh'
[4.668s] Level 1:colcon.colcon_core.environment:checking '/home/thieulong/ROS2-WorkSpace/install/battery_status/lib'
[4.668s] Level 1:colcon.colcon_core.shell:create_environment_hook('battery_status', 'ld_library_path_lib')
[4.686s] INFO:colcon.colcon_core.shell:Creating environment hook '/home/thieulong/ROS2-WorkSpace/install/battery_status/share/battery_status/hook/ld_library_path_lib.ps1'
[4.686s] INFO:colcon.colcon_core.shell:Creating environment descriptor '/home/thieulong/ROS2-WorkSpace/install/battery_status/share/battery_status/hook/ld_library_path_lib.dsv'
[4.687s] INFO:colcon.colcon_core.shell:Creating environment hook '/home/thieulong/ROS2-WorkSpace/install/battery_status/share/battery_status/hook/ld_library_path_lib.sh'
[4.687s] Level 1:colcon.colcon_core.environment:checking '/home/thieulong/ROS2-WorkSpace/install/battery_status/bin'
[4.687s] Level 1:colcon.colcon_core.environment:checking '/home/thieulong/ROS2-WorkSpace/install/battery_status/lib/pkgconfig/battery_status.pc'
[4.687s] Level 1:colcon.colcon_core.environment:checking '/home/thieulong/ROS2-WorkSpace/install/battery_status/lib/python3.10/site-packages'
[4.687s] Level 1:colcon.colcon_core.environment:checking '/home/thieulong/ROS2-WorkSpace/install/battery_status/bin'
[4.708s] INFO:colcon.colcon_core.shell:Creating package script '/home/thieulong/ROS2-WorkSpace/install/battery_status/share/battery_status/package.ps1'
[4.709s] INFO:colcon.colcon_core.shell:Creating package descriptor '/home/thieulong/ROS2-WorkSpace/install/battery_status/share/battery_status/package.dsv'
[4.709s] INFO:colcon.colcon_core.shell:Creating package script '/home/thieulong/ROS2-WorkSpace/install/battery_status/share/battery_status/package.sh'
[4.710s] INFO:colcon.colcon_core.shell:Creating package script '/home/thieulong/ROS2-WorkSpace/install/battery_status/share/battery_status/package.bash'
[4.710s] INFO:colcon.colcon_core.shell:Creating package script '/home/thieulong/ROS2-WorkSpace/install/battery_status/share/battery_status/package.zsh'
[4.710s] Level 1:colcon.colcon_core.environment:create_file_with_runtime_dependencies(/home/thieulong/ROS2-WorkSpace/install/battery_status/share/colcon-core/packages/battery_status)
[4.711s] DEBUG:colcon.colcon_parallel_executor.executor.parallel:closing loop
[4.711s] DEBUG:colcon.colcon_parallel_executor.executor.parallel:loop closed
[4.711s] DEBUG:colcon.colcon_parallel_executor.executor.parallel:run_until_complete finished with '0'
[4.711s] DEBUG:colcon.colcon_core.event_reactor:joining thread
[4.736s] INFO:colcon.colcon_core.plugin_system:Skipping extension 'colcon_notification.desktop_notification.terminal_notifier': Not used on non-Darwin systems
[4.736s] INFO:colcon.colcon_core.plugin_system:Skipping extension 'colcon_notification.desktop_notification.win32': Not used on non-Windows systems
[4.736s] INFO:colcon.colcon_notification.desktop_notification:Sending desktop notification using 'notify2'
[4.746s] DEBUG:colcon.colcon_core.event_reactor:joined thread
[4.769s] INFO:colcon.colcon_core.shell:Creating prefix script '/home/thieulong/ROS2-WorkSpace/install/local_setup.ps1'
[4.770s] INFO:colcon.colcon_core.shell:Creating prefix util module '/home/thieulong/ROS2-WorkSpace/install/_local_setup_util_ps1.py'
[4.771s] INFO:colcon.colcon_core.shell:Creating prefix chain script '/home/thieulong/ROS2-WorkSpace/install/setup.ps1'
[4.794s] INFO:colcon.colcon_core.shell:Creating prefix script '/home/thieulong/ROS2-WorkSpace/install/local_setup.sh'
[4.795s] INFO:colcon.colcon_core.shell:Creating prefix util module '/home/thieulong/ROS2-WorkSpace/install/_local_setup_util_sh.py'
[4.795s] INFO:colcon.colcon_core.shell:Creating prefix chain script '/home/thieulong/ROS2-WorkSpace/install/setup.sh'
[4.819s] INFO:colcon.colcon_core.shell:Creating prefix script '/home/thieulong/ROS2-WorkSpace/install/local_setup.bash'
[4.819s] INFO:colcon.colcon_core.shell:Creating prefix chain script '/home/thieulong/ROS2-WorkSpace/install/setup.bash'
[4.842s] INFO:colcon.colcon_core.shell:Creating prefix script '/home/thieulong/ROS2-WorkSpace/install/local_setup.zsh'
[4.842s] INFO:colcon.colcon_core.shell:Creating prefix chain script '/home/thieulong/ROS2-WorkSpace/install/setup.zsh'
