-- Found ament_cmake: 1.3.5 (/opt/ros/humble/share/ament_cmake/cmake)
-- Found rosidl_default_generators: 1.2.0 (/opt/ros/humble/share/rosidl_default_generators/cmake)
-- Using all available rosidl_typesupport_c: rosidl_typesupport_fastrtps_c;rosidl_typesupport_introspection_c
-- Found rosidl_adapter: 3.1.5 (/opt/ros/humble/share/rosidl_adapter/cmake)
-- Using all available rosidl_typesupport_cpp: rosidl_typesupport_fastrtps_cpp;rosidl_typesupport_introspection_cpp
-- Found ament_cmake_ros: 0.10.0 (/opt/ros/humble/share/ament_cmake_ros/cmake)
-- Using all available rosidl_typesupport_c: rosidl_typesupport_fastrtps_c;rosidl_typesupport_introspection_c
-- Using all available rosidl_typesupport_cpp: rosidl_typesupport_fastrtps_cpp;rosidl_typesupport_introspection_cpp
-- Found python_cmake_module: 0.10.0 (/opt/ros/humble/share/python_cmake_module/cmake)
-- Using PYTHON_EXECUTABLE: /usr/bin/python3
-- Using PYTHON_INCLUDE_DIRS: /usr/include/python3.10
-- Using PYTHON_LIBRARIES: /usr/lib/x86_64-linux-gnu/libpython3.10.so
-- Configuring done
-- Generating done
-- Build files have been written to: /home/thieulong/ROS2-WorkSpace/build/battery_status
[  2%] [34m[1mGenerating C code for ROS interfaces[0m
[  5%] [34m[1mGenerating C++ code for ROS interfaces[0m
[  5%] Built target ament_cmake_python_copy_battery_status
[  5%] Built target battery_status__cpp
[35m[1mConsolidate compiler generated dependencies of target battery_status__rosidl_generator_c[0m
running egg_info
writing battery_status.egg-info/PKG-INFO
writing dependency_links to battery_status.egg-info/dependency_links.txt
writing top-level names to battery_status.egg-info/top_level.txt
reading manifest file 'battery_status.egg-info/SOURCES.txt'
writing manifest file 'battery_status.egg-info/SOURCES.txt'
[  7%] [34m[1mGenerating C++ introspection for ROS interfaces[0m
[ 10%] [34m[1mGenerating C++ type support for eProsima Fast-RTPS[0m
[ 12%] [34m[1mGenerating C++ type support dispatch for ROS interfaces[0m
[ 17%] [32mBuilding C object CMakeFiles/battery_status__rosidl_generator_c.dir/rosidl_generator_c/battery_status/srv/detail/set_led__functions.c.o[0m
[ 17%] [32mBuilding C object CMakeFiles/battery_status__rosidl_generator_c.dir/rosidl_generator_c/battery_status/msg/detail/led_state__functions.c.o[0m
[ 17%] Built target ament_cmake_python_build_battery_status_egg
[ 20%] [32m[1mLinking C shared library libbattery_status__rosidl_generator_c.so[0m
[ 20%] Built target battery_status__rosidl_generator_c
[ 23%] [34m[1mGenerating C type support for eProsima Fast-RTPS[0m
[ 25%] [34m[1mGenerating C introspection for ROS interfaces[0m
[ 28%] [34m[1mGenerating C type support dispatch for ROS interfaces[0m
[35m[1mConsolidate compiler generated dependencies of target battery_status__rosidl_typesupport_c[0m
[ 33%] [32mBuilding CXX object CMakeFiles/battery_status__rosidl_typesupport_c.dir/rosidl_typesupport_c/battery_status/srv/set_led__type_support.cpp.o[0m
[ 33%] [32mBuilding CXX object CMakeFiles/battery_status__rosidl_typesupport_c.dir/rosidl_typesupport_c/battery_status/msg/led_state__type_support.cpp.o[0m
[35m[1mConsolidate compiler generated dependencies of target battery_status__rosidl_typesupport_cpp[0m
[ 35%] [32mBuilding CXX object CMakeFiles/battery_status__rosidl_typesupport_cpp.dir/rosidl_typesupport_cpp/battery_status/msg/led_state__type_support.cpp.o[0m
[ 38%] [32mBuilding CXX object CMakeFiles/battery_status__rosidl_typesupport_cpp.dir/rosidl_typesupport_cpp/battery_status/srv/set_led__type_support.cpp.o[0m
[ 41%] [32m[1mLinking CXX shared library libbattery_status__rosidl_typesupport_c.so[0m
[35m[1mConsolidate compiler generated dependencies of target battery_status__rosidl_typesupport_fastrtps_c[0m
[ 46%] [32mBuilding CXX object CMakeFiles/battery_status__rosidl_typesupport_fastrtps_c.dir/rosidl_typesupport_fastrtps_c/battery_status/msg/detail/led_state__type_support_c.cpp.o[0m
[ 46%] [32mBuilding CXX object CMakeFiles/battery_status__rosidl_typesupport_fastrtps_c.dir/rosidl_typesupport_fastrtps_c/battery_status/srv/detail/set_led__type_support_c.cpp.o[0m
[ 46%] Built target battery_status__rosidl_typesupport_c
[35m[1mConsolidate compiler generated dependencies of target battery_status__rosidl_typesupport_introspection_cpp[0m
[ 51%] [32mBuilding CXX object CMakeFiles/battery_status__rosidl_typesupport_introspection_cpp.dir/rosidl_typesupport_introspection_cpp/battery_status/srv/detail/set_led__type_support.cpp.o[0m
[ 51%] [32mBuilding CXX object CMakeFiles/battery_status__rosidl_typesupport_introspection_cpp.dir/rosidl_typesupport_introspection_cpp/battery_status/msg/detail/led_state__type_support.cpp.o[0m
[35m[1mConsolidate compiler generated dependencies of target battery_status__rosidl_typesupport_fastrtps_cpp[0m
[ 53%] [32mBuilding CXX object CMakeFiles/battery_status__rosidl_typesupport_fastrtps_cpp.dir/rosidl_typesupport_fastrtps_cpp/battery_status/msg/detail/dds_fastrtps/led_state__type_support.cpp.o[0m
[35m[1mConsolidate compiler generated dependencies of target battery_status__rosidl_typesupport_introspection_c[0m
[ 56%] [32mBuilding C object CMakeFiles/battery_status__rosidl_typesupport_introspection_c.dir/rosidl_typesupport_introspection_c/battery_status/msg/detail/led_state__type_support.c.o[0m
[ 58%] [32mBuilding C object CMakeFiles/battery_status__rosidl_typesupport_introspection_c.dir/rosidl_typesupport_introspection_c/battery_status/srv/detail/set_led__type_support.c.o[0m
[ 61%] [32m[1mLinking C shared library libbattery_status__rosidl_typesupport_introspection_c.so[0m
[ 64%] [32mBuilding CXX object CMakeFiles/battery_status__rosidl_typesupport_fastrtps_cpp.dir/rosidl_typesupport_fastrtps_cpp/battery_status/srv/detail/dds_fastrtps/set_led__type_support.cpp.o[0m
[ 64%] Built target battery_status__rosidl_typesupport_introspection_c
[ 66%] [32m[1mLinking CXX shared library libbattery_status__rosidl_typesupport_cpp.so[0m
[ 66%] Built target battery_status__rosidl_typesupport_cpp
[ 69%] [32m[1mLinking CXX shared library libbattery_status__rosidl_typesupport_fastrtps_c.so[0m
[ 69%] Built target battery_status__rosidl_typesupport_fastrtps_c
[ 71%] [32m[1mLinking CXX shared library libbattery_status__rosidl_typesupport_introspection_cpp.so[0m
[ 71%] Built target battery_status__rosidl_typesupport_introspection_cpp
[ 74%] [32m[1mLinking CXX shared library libbattery_status__rosidl_typesupport_fastrtps_cpp.so[0m
[ 74%] Built target battery_status__rosidl_typesupport_fastrtps_cpp
[ 74%] Built target battery_status
[ 76%] [34m[1mGenerating Python code for ROS interfaces[0m
[ 76%] Built target battery_status__py
[35m[1mConsolidate compiler generated dependencies of target battery_status__rosidl_generator_py[0m
[ 79%] [32mBuilding C object CMakeFiles/battery_status__rosidl_generator_py.dir/rosidl_generator_py/battery_status/srv/_set_led_s.c.o[0m
[ 82%] [32mBuilding C object CMakeFiles/battery_status__rosidl_generator_py.dir/rosidl_generator_py/battery_status/msg/_led_state_s.c.o[0m
[ 84%] [32m[1mLinking C shared library rosidl_generator_py/battery_status/libbattery_status__rosidl_generator_py.so[0m
[ 84%] Built target battery_status__rosidl_generator_py
[35m[1mConsolidate compiler generated dependencies of target battery_status__rosidl_typesupport_c__pyext[0m
[35m[1mConsolidate compiler generated dependencies of target battery_status__rosidl_typesupport_fastrtps_c__pyext[0m
[35m[1mConsolidate compiler generated dependencies of target battery_status__rosidl_typesupport_introspection_c__pyext[0m
[ 92%] [32mBuilding C object CMakeFiles/battery_status__rosidl_typesupport_fastrtps_c__pyext.dir/rosidl_generator_py/battery_status/_battery_status_s.ep.rosidl_typesupport_fastrtps_c.c.o[0m
[ 92%] [32mBuilding C object CMakeFiles/battery_status__rosidl_typesupport_c__pyext.dir/rosidl_generator_py/battery_status/_battery_status_s.ep.rosidl_typesupport_c.c.o[0m
[ 92%] [32mBuilding C object CMakeFiles/battery_status__rosidl_typesupport_introspection_c__pyext.dir/rosidl_generator_py/battery_status/_battery_status_s.ep.rosidl_typesupport_introspection_c.c.o[0m
[ 94%] [32m[1mLinking C shared library rosidl_generator_py/battery_status/battery_status_s__rosidl_typesupport_introspection_c.cpython-310-x86_64-linux-gnu.so[0m
[ 97%] [32m[1mLinking C shared library rosidl_generator_py/battery_status/battery_status_s__rosidl_typesupport_fastrtps_c.cpython-310-x86_64-linux-gnu.so[0m
[100%] [32m[1mLinking C shared library rosidl_generator_py/battery_status/battery_status_s__rosidl_typesupport_c.cpython-310-x86_64-linux-gnu.so[0m
[100%] Built target battery_status__rosidl_typesupport_introspection_c__pyext
[100%] Built target battery_status__rosidl_typesupport_c__pyext
[100%] Built target battery_status__rosidl_typesupport_fastrtps_c__pyext
-- Install configuration: ""
-- Installing: /home/thieulong/ROS2-WorkSpace/install/battery_status/share/ament_index/resource_index/rosidl_interfaces/battery_status
-- Up-to-date: /home/thieulong/ROS2-WorkSpace/install/battery_status/include/battery_status/battery_status
-- Up-to-date: /home/thieulong/ROS2-WorkSpace/install/battery_status/include/battery_status/battery_status/msg
-- Installing: /home/thieulong/ROS2-WorkSpace/install/battery_status/include/battery_status/battery_status/msg/led_state.h
-- Up-to-date: /home/thieulong/ROS2-WorkSpace/install/battery_status/include/battery_status/battery_status/msg/rosidl_generator_c__visibility_control.h
-- Up-to-date: /home/thieulong/ROS2-WorkSpace/install/battery_status/include/battery_status/battery_status/msg/detail
-- Installing: /home/thieulong/ROS2-WorkSpace/install/battery_status/include/battery_status/battery_status/msg/detail/led_state__functions.h
-- Installing: /home/thieulong/ROS2-WorkSpace/install/battery_status/include/battery_status/battery_status/msg/detail/led_state__type_support.h
-- Installing: /home/thieulong/ROS2-WorkSpace/install/battery_status/include/battery_status/battery_status/msg/detail/led_state__struct.h
-- Installing: /home/thieulong/ROS2-WorkSpace/install/battery_status/include/battery_status/battery_status/msg/detail/led_state__functions.c
-- Installing: /home/thieulong/ROS2-WorkSpace/install/battery_status/include/battery_status/battery_status/srv
-- Installing: /home/thieulong/ROS2-WorkSpace/install/battery_status/include/battery_status/battery_status/srv/set_led.h
-- Installing: /home/thieulong/ROS2-WorkSpace/install/battery_status/include/battery_status/battery_status/srv/detail
-- Installing: /home/thieulong/ROS2-WorkSpace/install/battery_status/include/battery_status/battery_status/srv/detail/set_led__functions.h
-- Installing: /home/thieulong/ROS2-WorkSpace/install/battery_status/include/battery_status/battery_status/srv/detail/set_led__type_support.h
-- Installing: /home/thieulong/ROS2-WorkSpace/install/battery_status/include/battery_status/battery_status/srv/detail/set_led__functions.c
-- Installing: /home/thieulong/ROS2-WorkSpace/install/battery_status/include/battery_status/battery_status/srv/detail/set_led__struct.h
-- Up-to-date: /home/thieulong/ROS2-WorkSpace/install/battery_status/share/battery_status/environment/library_path.sh
-- Installing: /home/thieulong/ROS2-WorkSpace/install/battery_status/share/battery_status/environment/library_path.dsv
-- Installing: /home/thieulong/ROS2-WorkSpace/install/battery_status/lib/libbattery_status__rosidl_generator_c.so
-- Set runtime path of "/home/thieulong/ROS2-WorkSpace/install/battery_status/lib/libbattery_status__rosidl_generator_c.so" to ""
-- Up-to-date: /home/thieulong/ROS2-WorkSpace/install/battery_status/include/battery_status/battery_status
-- Up-to-date: /home/thieulong/ROS2-WorkSpace/install/battery_status/include/battery_status/battery_status/msg
-- Up-to-date: /home/thieulong/ROS2-WorkSpace/install/battery_status/include/battery_status/battery_status/msg/rosidl_typesupport_fastrtps_c__visibility_control.h
-- Up-to-date: /home/thieulong/ROS2-WorkSpace/install/battery_status/include/battery_status/battery_status/msg/detail
-- Installing: /home/thieulong/ROS2-WorkSpace/install/battery_status/include/battery_status/battery_status/msg/detail/led_state__rosidl_typesupport_fastrtps_c.h
-- Up-to-date: /home/thieulong/ROS2-WorkSpace/install/battery_status/include/battery_status/battery_status/srv
-- Up-to-date: /home/thieulong/ROS2-WorkSpace/install/battery_status/include/battery_status/battery_status/srv/detail
-- Installing: /home/thieulong/ROS2-WorkSpace/install/battery_status/include/battery_status/battery_status/srv/detail/set_led__rosidl_typesupport_fastrtps_c.h
-- Installing: /home/thieulong/ROS2-WorkSpace/install/battery_status/lib/libbattery_status__rosidl_typesupport_fastrtps_c.so
-- Set runtime path of "/home/thieulong/ROS2-WorkSpace/install/battery_status/lib/libbattery_status__rosidl_typesupport_fastrtps_c.so" to ""
-- Up-to-date: /home/thieulong/ROS2-WorkSpace/install/battery_status/include/battery_status/battery_status
-- Up-to-date: /home/thieulong/ROS2-WorkSpace/install/battery_status/include/battery_status/battery_status/msg
-- Up-to-date: /home/thieulong/ROS2-WorkSpace/install/battery_status/include/battery_status/battery_status/msg/detail
-- Installing: /home/thieulong/ROS2-WorkSpace/install/battery_status/include/battery_status/battery_status/msg/detail/led_state__rosidl_typesupport_introspection_c.h
-- Installing: /home/thieulong/ROS2-WorkSpace/install/battery_status/include/battery_status/battery_status/msg/detail/led_state__type_support.c
-- Up-to-date: /home/thieulong/ROS2-WorkSpace/install/battery_status/include/battery_status/battery_status/msg/rosidl_typesupport_introspection_c__visibility_control.h
-- Up-to-date: /home/thieulong/ROS2-WorkSpace/install/battery_status/include/battery_status/battery_status/srv
-- Up-to-date: /home/thieulong/ROS2-WorkSpace/install/battery_status/include/battery_status/battery_status/srv/detail
-- Installing: /home/thieulong/ROS2-WorkSpace/install/battery_status/include/battery_status/battery_status/srv/detail/set_led__rosidl_typesupport_introspection_c.h
-- Installing: /home/thieulong/ROS2-WorkSpace/install/battery_status/include/battery_status/battery_status/srv/detail/set_led__type_support.c
-- Installing: /home/thieulong/ROS2-WorkSpace/install/battery_status/lib/libbattery_status__rosidl_typesupport_introspection_c.so
-- Set runtime path of "/home/thieulong/ROS2-WorkSpace/install/battery_status/lib/libbattery_status__rosidl_typesupport_introspection_c.so" to ""
-- Installing: /home/thieulong/ROS2-WorkSpace/install/battery_status/lib/libbattery_status__rosidl_typesupport_c.so
-- Set runtime path of "/home/thieulong/ROS2-WorkSpace/install/battery_status/lib/libbattery_status__rosidl_typesupport_c.so" to ""
-- Up-to-date: /home/thieulong/ROS2-WorkSpace/install/battery_status/include/battery_status/battery_status
-- Up-to-date: /home/thieulong/ROS2-WorkSpace/install/battery_status/include/battery_status/battery_status/msg
-- Up-to-date: /home/thieulong/ROS2-WorkSpace/install/battery_status/include/battery_status/battery_status/msg/detail
-- Installing: /home/thieulong/ROS2-WorkSpace/install/battery_status/include/battery_status/battery_status/msg/detail/led_state__traits.hpp
-- Installing: /home/thieulong/ROS2-WorkSpace/install/battery_status/include/battery_status/battery_status/msg/detail/led_state__builder.hpp
-- Installing: /home/thieulong/ROS2-WorkSpace/install/battery_status/include/battery_status/battery_status/msg/detail/led_state__struct.hpp
-- Installing: /home/thieulong/ROS2-WorkSpace/install/battery_status/include/battery_status/battery_status/msg/led_state.hpp
-- Up-to-date: /home/thieulong/ROS2-WorkSpace/install/battery_status/include/battery_status/battery_status/srv
-- Up-to-date: /home/thieulong/ROS2-WorkSpace/install/battery_status/include/battery_status/battery_status/srv/detail
-- Installing: /home/thieulong/ROS2-WorkSpace/install/battery_status/include/battery_status/battery_status/srv/detail/set_led__struct.hpp
-- Installing: /home/thieulong/ROS2-WorkSpace/install/battery_status/include/battery_status/battery_status/srv/detail/set_led__traits.hpp
-- Installing: /home/thieulong/ROS2-WorkSpace/install/battery_status/include/battery_status/battery_status/srv/detail/set_led__builder.hpp
-- Installing: /home/thieulong/ROS2-WorkSpace/install/battery_status/include/battery_status/battery_status/srv/set_led.hpp
-- Up-to-date: /home/thieulong/ROS2-WorkSpace/install/battery_status/include/battery_status/battery_status
-- Up-to-date: /home/thieulong/ROS2-WorkSpace/install/battery_status/include/battery_status/battery_status/msg
-- Up-to-date: /home/thieulong/ROS2-WorkSpace/install/battery_status/include/battery_status/battery_status/msg/rosidl_typesupport_fastrtps_cpp__visibility_control.h
-- Up-to-date: /home/thieulong/ROS2-WorkSpace/install/battery_status/include/battery_status/battery_status/msg/detail
-- Up-to-date: /home/thieulong/ROS2-WorkSpace/install/battery_status/include/battery_status/battery_status/msg/detail/dds_fastrtps
-- Installing: /home/thieulong/ROS2-WorkSpace/install/battery_status/include/battery_status/battery_status/msg/detail/led_state__rosidl_typesupport_fastrtps_cpp.hpp
-- Up-to-date: /home/thieulong/ROS2-WorkSpace/install/battery_status/include/battery_status/battery_status/srv
-- Up-to-date: /home/thieulong/ROS2-WorkSpace/install/battery_status/include/battery_status/battery_status/srv/detail
-- Installing: /home/thieulong/ROS2-WorkSpace/install/battery_status/include/battery_status/battery_status/srv/detail/dds_fastrtps
-- Installing: /home/thieulong/ROS2-WorkSpace/install/battery_status/include/battery_status/battery_status/srv/detail/set_led__rosidl_typesupport_fastrtps_cpp.hpp
-- Installing: /home/thieulong/ROS2-WorkSpace/install/battery_status/lib/libbattery_status__rosidl_typesupport_fastrtps_cpp.so
-- Set runtime path of "/home/thieulong/ROS2-WorkSpace/install/battery_status/lib/libbattery_status__rosidl_typesupport_fastrtps_cpp.so" to ""
-- Up-to-date: /home/thieulong/ROS2-WorkSpace/install/battery_status/include/battery_status/battery_status
-- Up-to-date: /home/thieulong/ROS2-WorkSpace/install/battery_status/include/battery_status/battery_status/msg
-- Up-to-date: /home/thieulong/ROS2-WorkSpace/install/battery_status/include/battery_status/battery_status/msg/detail
-- Installing: /home/thieulong/ROS2-WorkSpace/install/battery_status/include/battery_status/battery_status/msg/detail/led_state__type_support.cpp
-- Installing: /home/thieulong/ROS2-WorkSpace/install/battery_status/include/battery_status/battery_status/msg/detail/led_state__rosidl_typesupport_introspection_cpp.hpp
-- Up-to-date: /home/thieulong/ROS2-WorkSpace/install/battery_status/include/battery_status/battery_status/srv
-- Up-to-date: /home/thieulong/ROS2-WorkSpace/install/battery_status/include/battery_status/battery_status/srv/detail
-- Installing: /home/thieulong/ROS2-WorkSpace/install/battery_status/include/battery_status/battery_status/srv/detail/set_led__type_support.cpp
-- Installing: /home/thieulong/ROS2-WorkSpace/install/battery_status/include/battery_status/battery_status/srv/detail/set_led__rosidl_typesupport_introspection_cpp.hpp
-- Installing: /home/thieulong/ROS2-WorkSpace/install/battery_status/lib/libbattery_status__rosidl_typesupport_introspection_cpp.so
-- Set runtime path of "/home/thieulong/ROS2-WorkSpace/install/battery_status/lib/libbattery_status__rosidl_typesupport_introspection_cpp.so" to ""
-- Installing: /home/thieulong/ROS2-WorkSpace/install/battery_status/lib/libbattery_status__rosidl_typesupport_cpp.so
-- Set runtime path of "/home/thieulong/ROS2-WorkSpace/install/battery_status/lib/libbattery_status__rosidl_typesupport_cpp.so" to ""
-- Up-to-date: /home/thieulong/ROS2-WorkSpace/install/battery_status/share/battery_status/environment/pythonpath.sh
-- Installing: /home/thieulong/ROS2-WorkSpace/install/battery_status/share/battery_status/environment/pythonpath.dsv
-- Up-to-date: /home/thieulong/ROS2-WorkSpace/install/battery_status/local/lib/python3.10/dist-packages/battery_status-0.0.0-py3.10.egg-info
-- Installing: /home/thieulong/ROS2-WorkSpace/install/battery_status/local/lib/python3.10/dist-packages/battery_status-0.0.0-py3.10.egg-info/PKG-INFO
-- Installing: /home/thieulong/ROS2-WorkSpace/install/battery_status/local/lib/python3.10/dist-packages/battery_status-0.0.0-py3.10.egg-info/top_level.txt
-- Installing: /home/thieulong/ROS2-WorkSpace/install/battery_status/local/lib/python3.10/dist-packages/battery_status-0.0.0-py3.10.egg-info/dependency_links.txt
-- Installing: /home/thieulong/ROS2-WorkSpace/install/battery_status/local/lib/python3.10/dist-packages/battery_status-0.0.0-py3.10.egg-info/SOURCES.txt
-- Up-to-date: /home/thieulong/ROS2-WorkSpace/install/battery_status/local/lib/python3.10/dist-packages/battery_status
-- Installing: /home/thieulong/ROS2-WorkSpace/install/battery_status/local/lib/python3.10/dist-packages/battery_status/_battery_status_s.ep.rosidl_typesupport_fastrtps_c.c
-- Up-to-date: /home/thieulong/ROS2-WorkSpace/install/battery_status/local/lib/python3.10/dist-packages/battery_status/msg
-- Installing: /home/thieulong/ROS2-WorkSpace/install/battery_status/local/lib/python3.10/dist-packages/battery_status/msg/_led_state_s.c
-- Installing: /home/thieulong/ROS2-WorkSpace/install/battery_status/local/lib/python3.10/dist-packages/battery_status/msg/_led_state.py
-- Installing: /home/thieulong/ROS2-WorkSpace/install/battery_status/local/lib/python3.10/dist-packages/battery_status/msg/__init__.py
-- Installing: /home/thieulong/ROS2-WorkSpace/install/battery_status/local/lib/python3.10/dist-packages/battery_status/battery_status_s__rosidl_typesupport_c.cpython-310-x86_64-linux-gnu.so
-- Installing: /home/thieulong/ROS2-WorkSpace/install/battery_status/local/lib/python3.10/dist-packages/battery_status/srv
-- Installing: /home/thieulong/ROS2-WorkSpace/install/battery_status/local/lib/python3.10/dist-packages/battery_status/srv/_set_led_s.c
-- Installing: /home/thieulong/ROS2-WorkSpace/install/battery_status/local/lib/python3.10/dist-packages/battery_status/srv/_set_led.py
-- Installing: /home/thieulong/ROS2-WorkSpace/install/battery_status/local/lib/python3.10/dist-packages/battery_status/srv/__init__.py
-- Installing: /home/thieulong/ROS2-WorkSpace/install/battery_status/local/lib/python3.10/dist-packages/battery_status/_battery_status_s.ep.rosidl_typesupport_introspection_c.c
-- Installing: /home/thieulong/ROS2-WorkSpace/install/battery_status/local/lib/python3.10/dist-packages/battery_status/battery_status_s__rosidl_typesupport_introspection_c.cpython-310-x86_64-linux-gnu.so
-- Installing: /home/thieulong/ROS2-WorkSpace/install/battery_status/local/lib/python3.10/dist-packages/battery_status/libbattery_status__rosidl_generator_py.so
-- Installing: /home/thieulong/ROS2-WorkSpace/install/battery_status/local/lib/python3.10/dist-packages/battery_status/battery_status_s__rosidl_typesupport_fastrtps_c.cpython-310-x86_64-linux-gnu.so
-- Installing: /home/thieulong/ROS2-WorkSpace/install/battery_status/local/lib/python3.10/dist-packages/battery_status/__init__.py
-- Installing: /home/thieulong/ROS2-WorkSpace/install/battery_status/local/lib/python3.10/dist-packages/battery_status/_battery_status_s.ep.rosidl_typesupport_c.c
Listing '/home/thieulong/ROS2-WorkSpace/install/battery_status/local/lib/python3.10/dist-packages/battery_status'...
Compiling '/home/thieulong/ROS2-WorkSpace/install/battery_status/local/lib/python3.10/dist-packages/battery_status/__init__.py'...
Listing '/home/thieulong/ROS2-WorkSpace/install/battery_status/local/lib/python3.10/dist-packages/battery_status/msg'...
Compiling '/home/thieulong/ROS2-WorkSpace/install/battery_status/local/lib/python3.10/dist-packages/battery_status/msg/__init__.py'...
Compiling '/home/thieulong/ROS2-WorkSpace/install/battery_status/local/lib/python3.10/dist-packages/battery_status/msg/_led_state.py'...
Listing '/home/thieulong/ROS2-WorkSpace/install/battery_status/local/lib/python3.10/dist-packages/battery_status/srv'...
Compiling '/home/thieulong/ROS2-WorkSpace/install/battery_status/local/lib/python3.10/dist-packages/battery_status/srv/__init__.py'...
Compiling '/home/thieulong/ROS2-WorkSpace/install/battery_status/local/lib/python3.10/dist-packages/battery_status/srv/_set_led.py'...
-- Installing: /home/thieulong/ROS2-WorkSpace/install/battery_status/local/lib/python3.10/dist-packages/battery_status/battery_status_s__rosidl_typesupport_fastrtps_c.cpython-310-x86_64-linux-gnu.so
-- Set runtime path of "/home/thieulong/ROS2-WorkSpace/install/battery_status/local/lib/python3.10/dist-packages/battery_status/battery_status_s__rosidl_typesupport_fastrtps_c.cpython-310-x86_64-linux-gnu.so" to ""
-- Installing: /home/thieulong/ROS2-WorkSpace/install/battery_status/local/lib/python3.10/dist-packages/battery_status/battery_status_s__rosidl_typesupport_introspection_c.cpython-310-x86_64-linux-gnu.so
-- Set runtime path of "/home/thieulong/ROS2-WorkSpace/install/battery_status/local/lib/python3.10/dist-packages/battery_status/battery_status_s__rosidl_typesupport_introspection_c.cpython-310-x86_64-linux-gnu.so" to ""
-- Installing: /home/thieulong/ROS2-WorkSpace/install/battery_status/local/lib/python3.10/dist-packages/battery_status/battery_status_s__rosidl_typesupport_c.cpython-310-x86_64-linux-gnu.so
-- Set runtime path of "/home/thieulong/ROS2-WorkSpace/install/battery_status/local/lib/python3.10/dist-packages/battery_status/battery_status_s__rosidl_typesupport_c.cpython-310-x86_64-linux-gnu.so" to ""
-- Installing: /home/thieulong/ROS2-WorkSpace/install/battery_status/lib/libbattery_status__rosidl_generator_py.so
-- Set runtime path of "/home/thieulong/ROS2-WorkSpace/install/battery_status/lib/libbattery_status__rosidl_generator_py.so" to ""
-- Up-to-date: /home/thieulong/ROS2-WorkSpace/install/battery_status/share/battery_status/msg/LEDState.idl
-- Installing: /home/thieulong/ROS2-WorkSpace/install/battery_status/share/battery_status/srv/SetLED.idl
-- Up-to-date: /home/thieulong/ROS2-WorkSpace/install/battery_status/share/battery_status/msg/LEDState.msg
-- Installing: /home/thieulong/ROS2-WorkSpace/install/battery_status/share/battery_status/srv/SetLED.srv
-- Installing: /home/thieulong/ROS2-WorkSpace/install/battery_status/share/battery_status/srv/SetLED_Request.msg
-- Installing: /home/thieulong/ROS2-WorkSpace/install/battery_status/share/battery_status/srv/SetLED_Response.msg
-- Up-to-date: /home/thieulong/ROS2-WorkSpace/install/battery_status/share/ament_index/resource_index/package_run_dependencies/battery_status
-- Up-to-date: /home/thieulong/ROS2-WorkSpace/install/battery_status/share/ament_index/resource_index/parent_prefix_path/battery_status
-- Up-to-date: /home/thieulong/ROS2-WorkSpace/install/battery_status/share/battery_status/environment/ament_prefix_path.sh
-- Installing: /home/thieulong/ROS2-WorkSpace/install/battery_status/share/battery_status/environment/ament_prefix_path.dsv
-- Up-to-date: /home/thieulong/ROS2-WorkSpace/install/battery_status/share/battery_status/environment/path.sh
-- Installing: /home/thieulong/ROS2-WorkSpace/install/battery_status/share/battery_status/environment/path.dsv
-- Up-to-date: /home/thieulong/ROS2-WorkSpace/install/battery_status/share/battery_status/local_setup.bash
-- Up-to-date: /home/thieulong/ROS2-WorkSpace/install/battery_status/share/battery_status/local_setup.sh
-- Up-to-date: /home/thieulong/ROS2-WorkSpace/install/battery_status/share/battery_status/local_setup.zsh
-- Installing: /home/thieulong/ROS2-WorkSpace/install/battery_status/share/battery_status/local_setup.dsv
-- Installing: /home/thieulong/ROS2-WorkSpace/install/battery_status/share/battery_status/package.dsv
-- Up-to-date: /home/thieulong/ROS2-WorkSpace/install/battery_status/share/ament_index/resource_index/packages/battery_status
-- Up-to-date: /home/thieulong/ROS2-WorkSpace/install/battery_status/share/battery_status/cmake/export_battery_status__rosidl_generator_cExport.cmake
-- Up-to-date: /home/thieulong/ROS2-WorkSpace/install/battery_status/share/battery_status/cmake/export_battery_status__rosidl_generator_cExport-noconfig.cmake
-- Up-to-date: /home/thieulong/ROS2-WorkSpace/install/battery_status/share/battery_status/cmake/export_battery_status__rosidl_typesupport_fastrtps_cExport.cmake
-- Up-to-date: /home/thieulong/ROS2-WorkSpace/install/battery_status/share/battery_status/cmake/export_battery_status__rosidl_typesupport_fastrtps_cExport-noconfig.cmake
-- Up-to-date: /home/thieulong/ROS2-WorkSpace/install/battery_status/share/battery_status/cmake/battery_status__rosidl_typesupport_introspection_cExport.cmake
-- Up-to-date: /home/thieulong/ROS2-WorkSpace/install/battery_status/share/battery_status/cmake/battery_status__rosidl_typesupport_introspection_cExport-noconfig.cmake
-- Up-to-date: /home/thieulong/ROS2-WorkSpace/install/battery_status/share/battery_status/cmake/battery_status__rosidl_typesupport_cExport.cmake
-- Up-to-date: /home/thieulong/ROS2-WorkSpace/install/battery_status/share/battery_status/cmake/battery_status__rosidl_typesupport_cExport-noconfig.cmake
-- Up-to-date: /home/thieulong/ROS2-WorkSpace/install/battery_status/share/battery_status/cmake/export_battery_status__rosidl_generator_cppExport.cmake
-- Up-to-date: /home/thieulong/ROS2-WorkSpace/install/battery_status/share/battery_status/cmake/export_battery_status__rosidl_typesupport_fastrtps_cppExport.cmake
-- Up-to-date: /home/thieulong/ROS2-WorkSpace/install/battery_status/share/battery_status/cmake/export_battery_status__rosidl_typesupport_fastrtps_cppExport-noconfig.cmake
-- Up-to-date: /home/thieulong/ROS2-WorkSpace/install/battery_status/share/battery_status/cmake/battery_status__rosidl_typesupport_introspection_cppExport.cmake
-- Up-to-date: /home/thieulong/ROS2-WorkSpace/install/battery_status/share/battery_status/cmake/battery_status__rosidl_typesupport_introspection_cppExport-noconfig.cmake
-- Up-to-date: /home/thieulong/ROS2-WorkSpace/install/battery_status/share/battery_status/cmake/battery_status__rosidl_typesupport_cppExport.cmake
-- Up-to-date: /home/thieulong/ROS2-WorkSpace/install/battery_status/share/battery_status/cmake/battery_status__rosidl_typesupport_cppExport-noconfig.cmake
-- Up-to-date: /home/thieulong/ROS2-WorkSpace/install/battery_status/share/battery_status/cmake/export_battery_status__rosidl_generator_pyExport.cmake
-- Up-to-date: /home/thieulong/ROS2-WorkSpace/install/battery_status/share/battery_status/cmake/export_battery_status__rosidl_generator_pyExport-noconfig.cmake
-- Installing: /home/thieulong/ROS2-WorkSpace/install/battery_status/share/battery_status/cmake/rosidl_cmake-extras.cmake
-- Up-to-date: /home/thieulong/ROS2-WorkSpace/install/battery_status/share/battery_status/cmake/ament_cmake_export_include_directories-extras.cmake
-- Up-to-date: /home/thieulong/ROS2-WorkSpace/install/battery_status/share/battery_status/cmake/ament_cmake_export_libraries-extras.cmake
-- Up-to-date: /home/thieulong/ROS2-WorkSpace/install/battery_status/share/battery_status/cmake/ament_cmake_export_targets-extras.cmake
-- Up-to-date: /home/thieulong/ROS2-WorkSpace/install/battery_status/share/battery_status/cmake/rosidl_cmake_export_typesupport_targets-extras.cmake
-- Up-to-date: /home/thieulong/ROS2-WorkSpace/install/battery_status/share/battery_status/cmake/ament_cmake_export_dependencies-extras.cmake
-- Up-to-date: /home/thieulong/ROS2-WorkSpace/install/battery_status/share/battery_status/cmake/rosidl_cmake_export_typesupport_libraries-extras.cmake
-- Up-to-date: /home/thieulong/ROS2-WorkSpace/install/battery_status/share/battery_status/cmake/battery_statusConfig.cmake
-- Up-to-date: /home/thieulong/ROS2-WorkSpace/install/battery_status/share/battery_status/cmake/battery_statusConfig-version.cmake
-- Up-to-date: /home/thieulong/ROS2-WorkSpace/install/battery_status/share/battery_status/package.xml
