[1.049s] Invoking command in '/home/thieulong/ROS2-WorkSpace/src/my_py_pkg': PYTHONPATH=/home/thieulong/ROS2-WorkSpace/src/build/my_py_pkg/prefix_override:/home/thieulong/ROS2-WorkSpace/src/install/my_py_pkg/lib/python3.10/site-packages:${PYTHONPATH} /usr/bin/python3 setup.py egg_info --egg-base ../build/my_py_pkg build --build-base /home/thieulong/ROS2-WorkSpace/src/build/my_py_pkg/build install --record /home/thieulong/ROS2-WorkSpace/src/build/my_py_pkg/install.log --single-version-externally-managed
[1.382s] running egg_info
[1.382s] creating ../build/my_py_pkg/my_py_pkg.egg-info
[1.382s] writing ../build/my_py_pkg/my_py_pkg.egg-info/PKG-INFO
[1.382s] writing dependency_links to ../build/my_py_pkg/my_py_pkg.egg-info/dependency_links.txt
[1.383s] writing entry points to ../build/my_py_pkg/my_py_pkg.egg-info/entry_points.txt
[1.383s] writing requirements to ../build/my_py_pkg/my_py_pkg.egg-info/requires.txt
[1.383s] writing top-level names to ../build/my_py_pkg/my_py_pkg.egg-info/top_level.txt
[1.383s] writing manifest file '../build/my_py_pkg/my_py_pkg.egg-info/SOURCES.txt'
[1.384s] reading manifest file '../build/my_py_pkg/my_py_pkg.egg-info/SOURCES.txt'
[1.385s] writing manifest file '../build/my_py_pkg/my_py_pkg.egg-info/SOURCES.txt'
[1.385s] running build
[1.385s] running build_py
[1.385s] creating /home/thieulong/ROS2-WorkSpace/src/build/my_py_pkg/build
[1.385s] creating /home/thieulong/ROS2-WorkSpace/src/build/my_py_pkg/build/lib
[1.385s] creating /home/thieulong/ROS2-WorkSpace/src/build/my_py_pkg/build/lib/my_py_pkg
[1.386s] copying my_py_pkg/__init__.py -> /home/thieulong/ROS2-WorkSpace/src/build/my_py_pkg/build/lib/my_py_pkg
[1.386s] running install
[1.386s] running install_lib
[1.387s] creating /home/thieulong/ROS2-WorkSpace/src/install/my_py_pkg/lib/python3.10/site-packages/my_py_pkg
[1.387s] copying /home/thieulong/ROS2-WorkSpace/src/build/my_py_pkg/build/lib/my_py_pkg/__init__.py -> /home/thieulong/ROS2-WorkSpace/src/install/my_py_pkg/lib/python3.10/site-packages/my_py_pkg
[1.387s] byte-compiling /home/thieulong/ROS2-WorkSpace/src/install/my_py_pkg/lib/python3.10/site-packages/my_py_pkg/__init__.py to __init__.cpython-310.pyc
[1.387s] running install_data
[1.388s] creating /home/thieulong/ROS2-WorkSpace/src/install/my_py_pkg/share/ament_index
[1.389s] creating /home/thieulong/ROS2-WorkSpace/src/install/my_py_pkg/share/ament_index/resource_index
[1.389s] creating /home/thieulong/ROS2-WorkSpace/src/install/my_py_pkg/share/ament_index/resource_index/packages
[1.389s] copying resource/my_py_pkg -> /home/thieulong/ROS2-WorkSpace/src/install/my_py_pkg/share/ament_index/resource_index/packages
[1.389s] copying package.xml -> /home/thieulong/ROS2-WorkSpace/src/install/my_py_pkg/share/my_py_pkg
[1.389s] running install_egg_info
[1.391s] Copying ../build/my_py_pkg/my_py_pkg.egg-info to /home/thieulong/ROS2-WorkSpace/src/install/my_py_pkg/lib/python3.10/site-packages/my_py_pkg-0.0.0-py3.10.egg-info
[1.391s] running install_scripts
[1.411s] writing list of installed files to '/home/thieulong/ROS2-WorkSpace/src/build/my_py_pkg/install.log'
[1.442s] Invoked command in '/home/thieulong/ROS2-WorkSpace/src/my_py_pkg' returned '0': PYTHONPATH=/home/thieulong/ROS2-WorkSpace/src/build/my_py_pkg/prefix_override:/home/thieulong/ROS2-WorkSpace/src/install/my_py_pkg/lib/python3.10/site-packages:${PYTHONPATH} /usr/bin/python3 setup.py egg_info --egg-base ../build/my_py_pkg build --build-base /home/thieulong/ROS2-WorkSpace/src/build/my_py_pkg/build install --record /home/thieulong/ROS2-WorkSpace/src/build/my_py_pkg/install.log --single-version-externally-managed
