[0.109s] Invoking command in '/home/thieulong/ROS2-WorkSpace/src/build/my_cpp_pkg': CMAKE_PREFIX_PATH=/opt/ros/humble /usr/bin/cmake --build /home/thieulong/ROS2-WorkSpace/src/build/my_cpp_pkg -- -j8 -l8
[0.147s] Invoked command in '/home/thieulong/ROS2-WorkSpace/src/build/my_cpp_pkg' returned '0': CMAKE_PREFIX_PATH=/opt/ros/humble /usr/bin/cmake --build /home/thieulong/ROS2-WorkSpace/src/build/my_cpp_pkg -- -j8 -l8
[0.175s] Invoking command in '/home/thieulong/ROS2-WorkSpace/src/build/my_cpp_pkg': CMAKE_PREFIX_PATH=/opt/ros/humble /usr/bin/cmake --install /home/thieulong/ROS2-WorkSpace/src/build/my_cpp_pkg
[0.182s] -- Install configuration: ""
[0.183s] -- Up-to-date: /home/thieulong/ROS2-WorkSpace/src/install/my_cpp_pkg/share/ament_index/resource_index/package_run_dependencies/my_cpp_pkg
[0.183s] -- Up-to-date: /home/thieulong/ROS2-WorkSpace/src/install/my_cpp_pkg/share/ament_index/resource_index/parent_prefix_path/my_cpp_pkg
[0.183s] -- Up-to-date: /home/thieulong/ROS2-WorkSpace/src/install/my_cpp_pkg/share/my_cpp_pkg/environment/ament_prefix_path.sh
[0.183s] -- Up-to-date: /home/thieulong/ROS2-WorkSpace/src/install/my_cpp_pkg/share/my_cpp_pkg/environment/ament_prefix_path.dsv
[0.183s] -- Up-to-date: /home/thieulong/ROS2-WorkSpace/src/install/my_cpp_pkg/share/my_cpp_pkg/environment/path.sh
[0.183s] -- Up-to-date: /home/thieulong/ROS2-WorkSpace/src/install/my_cpp_pkg/share/my_cpp_pkg/environment/path.dsv
[0.183s] -- Up-to-date: /home/thieulong/ROS2-WorkSpace/src/install/my_cpp_pkg/share/my_cpp_pkg/local_setup.bash
[0.183s] -- Up-to-date: /home/thieulong/ROS2-WorkSpace/src/install/my_cpp_pkg/share/my_cpp_pkg/local_setup.sh
[0.184s] -- Up-to-date: /home/thieulong/ROS2-WorkSpace/src/install/my_cpp_pkg/share/my_cpp_pkg/local_setup.zsh
[0.184s] -- Up-to-date: /home/thieulong/ROS2-WorkSpace/src/install/my_cpp_pkg/share/my_cpp_pkg/local_setup.dsv
[0.184s] -- Up-to-date: /home/thieulong/ROS2-WorkSpace/src/install/my_cpp_pkg/share/my_cpp_pkg/package.dsv
[0.184s] -- Up-to-date: /home/thieulong/ROS2-WorkSpace/src/install/my_cpp_pkg/share/ament_index/resource_index/packages/my_cpp_pkg
[0.184s] -- Up-to-date: /home/thieulong/ROS2-WorkSpace/src/install/my_cpp_pkg/share/my_cpp_pkg/cmake/my_cpp_pkgConfig.cmake
[0.184s] -- Up-to-date: /home/thieulong/ROS2-WorkSpace/src/install/my_cpp_pkg/share/my_cpp_pkg/cmake/my_cpp_pkgConfig-version.cmake
[0.184s] -- Up-to-date: /home/thieulong/ROS2-WorkSpace/src/install/my_cpp_pkg/share/my_cpp_pkg/package.xml
[0.186s] Invoked command in '/home/thieulong/ROS2-WorkSpace/src/build/my_cpp_pkg' returned '0': CMAKE_PREFIX_PATH=/opt/ros/humble /usr/bin/cmake --install /home/thieulong/ROS2-WorkSpace/src/build/my_cpp_pkg
