-- Found ament_cmake: 1.3.5 (/opt/ros/humble/share/ament_cmake/cmake)
-- Found rosidl_default_generators: 1.2.0 (/opt/ros/humble/share/rosidl_default_generators/cmake)
-- Using all available rosidl_typesupport_c: rosidl_typesupport_fastrtps_c;rosidl_typesupport_introspection_c
-- Found rosidl_adapter: 3.1.5 (/opt/ros/humble/share/rosidl_adapter/cmake)
-- Using all available rosidl_typesupport_cpp: rosidl_typesupport_fastrtps_cpp;rosidl_typesupport_introspection_cpp
-- Found ament_cmake_ros: 0.10.0 (/opt/ros/humble/share/ament_cmake_ros/cmake)
-- Using all available rosidl_typesupport_c: rosidl_typesupport_fastrtps_c;rosidl_typesupport_introspection_c
-- Using all available rosidl_typesupport_cpp: rosidl_typesupport_fastrtps_cpp;rosidl_typesupport_introspection_cpp
-- Found PythonInterp: /usr/bin/python3 (found suitable version "3.10.12", minimum required is "3.6") 
-- Found python_cmake_module: 0.10.0 (/opt/ros/humble/share/python_cmake_module/cmake)
-- Found PythonLibs: /usr/lib/x86_64-linux-gnu/libpython3.10.so (found suitable version "3.10.12", minimum required is "3.5") 
-- Using PYTHON_EXECUTABLE: /usr/bin/python3
-- Using PYTHON_INCLUDE_DIRS: /usr/include/python3.10
-- Using PYTHON_LIBRARIES: /usr/lib/x86_64-linux-gnu/libpython3.10.so
-- Found PythonExtra: .so  
-- Configuring done
-- Generating done
-- Build files have been written to: /home/thieulong/ROS2-WorkSpace/build/battery_status
[  3%] [34m[1mGenerating C code for ROS interfaces[0m
[  6%] [34m[1mGenerating C++ code for ROS interfaces[0m
[  6%] Built target ament_cmake_python_copy_battery_status
[  9%] [32mBuilding C object CMakeFiles/battery_status__rosidl_generator_c.dir/rosidl_generator_c/battery_status/msg/detail/led_state__functions.c.o[0m
[  9%] Built target battery_status__cpp
[ 12%] [34m[1mGenerating C++ type support for eProsima Fast-RTPS[0m
[ 16%] [34m[1mGenerating C++ type support dispatch for ROS interfaces[0m
[ 19%] [34m[1mGenerating C++ introspection for ROS interfaces[0m
[ 22%] [32m[1mLinking C shared library libbattery_status__rosidl_generator_c.so[0m
[ 22%] Built target battery_status__rosidl_generator_c
[ 25%] [34m[1mGenerating C type support dispatch for ROS interfaces[0m
[ 29%] [34m[1mGenerating C introspection for ROS interfaces[0m
[ 32%] [34m[1mGenerating C type support for eProsima Fast-RTPS[0m
running egg_info
creating battery_status.egg-info
writing battery_status.egg-info/PKG-INFO
writing dependency_links to battery_status.egg-info/dependency_links.txt
writing top-level names to battery_status.egg-info/top_level.txt
writing manifest file 'battery_status.egg-info/SOURCES.txt'
reading manifest file 'battery_status.egg-info/SOURCES.txt'
writing manifest file 'battery_status.egg-info/SOURCES.txt'
[ 32%] Built target ament_cmake_python_build_battery_status_egg
[ 35%] [32mBuilding CXX object CMakeFiles/battery_status__rosidl_typesupport_cpp.dir/rosidl_typesupport_cpp/battery_status/msg/led_state__type_support.cpp.o[0m
[ 38%] [32mBuilding CXX object CMakeFiles/battery_status__rosidl_typesupport_c.dir/rosidl_typesupport_c/battery_status/msg/led_state__type_support.cpp.o[0m
[ 41%] [32mBuilding CXX object CMakeFiles/battery_status__rosidl_typesupport_introspection_cpp.dir/rosidl_typesupport_introspection_cpp/battery_status/msg/detail/led_state__type_support.cpp.o[0m
[ 45%] [32mBuilding CXX object CMakeFiles/battery_status__rosidl_typesupport_fastrtps_cpp.dir/rosidl_typesupport_fastrtps_cpp/battery_status/msg/detail/dds_fastrtps/led_state__type_support.cpp.o[0m
[ 48%] [32mBuilding C object CMakeFiles/battery_status__rosidl_typesupport_introspection_c.dir/rosidl_typesupport_introspection_c/battery_status/msg/detail/led_state__type_support.c.o[0m
[ 51%] [32m[1mLinking CXX shared library libbattery_status__rosidl_typesupport_c.so[0m
[ 54%] [32m[1mLinking C shared library libbattery_status__rosidl_typesupport_introspection_c.so[0m
[ 58%] [32mBuilding CXX object CMakeFiles/battery_status__rosidl_typesupport_fastrtps_c.dir/rosidl_typesupport_fastrtps_c/battery_status/msg/detail/led_state__type_support_c.cpp.o[0m
[ 58%] Built target battery_status__rosidl_typesupport_c
[ 58%] Built target battery_status__rosidl_typesupport_introspection_c
[ 61%] [32m[1mLinking CXX shared library libbattery_status__rosidl_typesupport_cpp.so[0m
[ 61%] Built target battery_status__rosidl_typesupport_cpp
[ 67%] [32m[1mLinking CXX shared library libbattery_status__rosidl_typesupport_introspection_cpp.so[0m
[ 67%] [32m[1mLinking CXX shared library libbattery_status__rosidl_typesupport_fastrtps_c.so[0m
[ 70%] [32m[1mLinking CXX shared library libbattery_status__rosidl_typesupport_fastrtps_cpp.so[0m
[ 70%] Built target battery_status__rosidl_typesupport_introspection_cpp
[ 70%] Built target battery_status__rosidl_typesupport_fastrtps_c
[ 70%] Built target battery_status__rosidl_typesupport_fastrtps_cpp
[ 70%] Built target battery_status
[ 74%] [34m[1mGenerating Python code for ROS interfaces[0m
[ 74%] Built target battery_status__py
[ 77%] [32mBuilding C object CMakeFiles/battery_status__rosidl_generator_py.dir/rosidl_generator_py/battery_status/msg/_led_state_s.c.o[0m
[ 80%] [32m[1mLinking C shared library rosidl_generator_py/battery_status/libbattery_status__rosidl_generator_py.so[0m
[ 80%] Built target battery_status__rosidl_generator_py
[ 90%] [32mBuilding C object CMakeFiles/battery_status__rosidl_typesupport_introspection_c__pyext.dir/rosidl_generator_py/battery_status/_battery_status_s.ep.rosidl_typesupport_introspection_c.c.o[0m
[ 90%] [32mBuilding C object CMakeFiles/battery_status__rosidl_typesupport_fastrtps_c__pyext.dir/rosidl_generator_py/battery_status/_battery_status_s.ep.rosidl_typesupport_fastrtps_c.c.o[0m
[ 90%] [32mBuilding C object CMakeFiles/battery_status__rosidl_typesupport_c__pyext.dir/rosidl_generator_py/battery_status/_battery_status_s.ep.rosidl_typesupport_c.c.o[0m
[ 93%] [32m[1mLinking C shared library rosidl_generator_py/battery_status/battery_status_s__rosidl_typesupport_c.cpython-310-x86_64-linux-gnu.so[0m
[ 96%] [32m[1mLinking C shared library rosidl_generator_py/battery_status/battery_status_s__rosidl_typesupport_introspection_c.cpython-310-x86_64-linux-gnu.so[0m
[100%] [32m[1mLinking C shared library rosidl_generator_py/battery_status/battery_status_s__rosidl_typesupport_fastrtps_c.cpython-310-x86_64-linux-gnu.so[0m
[100%] Built target battery_status__rosidl_typesupport_introspection_c__pyext
[100%] Built target battery_status__rosidl_typesupport_c__pyext
[100%] Built target battery_status__rosidl_typesupport_fastrtps_c__pyext
-- Install configuration: ""
-- Installing: /home/thieulong/ROS2-WorkSpace/install/battery_status/share/ament_index/resource_index/rosidl_interfaces/battery_status
-- Installing: /home/thieulong/ROS2-WorkSpace/install/battery_status/include/battery_status/battery_status
-- Installing: /home/thieulong/ROS2-WorkSpace/install/battery_status/include/battery_status/battery_status/msg
-- Installing: /home/thieulong/ROS2-WorkSpace/install/battery_status/include/battery_status/battery_status/msg/led_state.h
-- Installing: /home/thieulong/ROS2-WorkSpace/install/battery_status/include/battery_status/battery_status/msg/rosidl_generator_c__visibility_control.h
-- Installing: /home/thieulong/ROS2-WorkSpace/install/battery_status/include/battery_status/battery_status/msg/detail
-- Installing: /home/thieulong/ROS2-WorkSpace/install/battery_status/include/battery_status/battery_status/msg/detail/led_state__functions.h
-- Installing: /home/thieulong/ROS2-WorkSpace/install/battery_status/include/battery_status/battery_status/msg/detail/led_state__type_support.h
-- Installing: /home/thieulong/ROS2-WorkSpace/install/battery_status/include/battery_status/battery_status/msg/detail/led_state__struct.h
-- Installing: /home/thieulong/ROS2-WorkSpace/install/battery_status/include/battery_status/battery_status/msg/detail/led_state__functions.c
-- Installing: /home/thieulong/ROS2-WorkSpace/install/battery_status/share/battery_status/environment/library_path.sh
-- Installing: /home/thieulong/ROS2-WorkSpace/install/battery_status/share/battery_status/environment/library_path.dsv
-- Installing: /home/thieulong/ROS2-WorkSpace/install/battery_status/lib/libbattery_status__rosidl_generator_c.so
-- Set runtime path of "/home/thieulong/ROS2-WorkSpace/install/battery_status/lib/libbattery_status__rosidl_generator_c.so" to ""
-- Up-to-date: /home/thieulong/ROS2-WorkSpace/install/battery_status/include/battery_status/battery_status
-- Up-to-date: /home/thieulong/ROS2-WorkSpace/install/battery_status/include/battery_status/battery_status/msg
-- Installing: /home/thieulong/ROS2-WorkSpace/install/battery_status/include/battery_status/battery_status/msg/rosidl_typesupport_fastrtps_c__visibility_control.h
-- Up-to-date: /home/thieulong/ROS2-WorkSpace/install/battery_status/include/battery_status/battery_status/msg/detail
-- Installing: /home/thieulong/ROS2-WorkSpace/install/battery_status/include/battery_status/battery_status/msg/detail/led_state__rosidl_typesupport_fastrtps_c.h
-- Installing: /home/thieulong/ROS2-WorkSpace/install/battery_status/lib/libbattery_status__rosidl_typesupport_fastrtps_c.so
-- Set runtime path of "/home/thieulong/ROS2-WorkSpace/install/battery_status/lib/libbattery_status__rosidl_typesupport_fastrtps_c.so" to ""
-- Up-to-date: /home/thieulong/ROS2-WorkSpace/install/battery_status/include/battery_status/battery_status
-- Up-to-date: /home/thieulong/ROS2-WorkSpace/install/battery_status/include/battery_status/battery_status/msg
-- Up-to-date: /home/thieulong/ROS2-WorkSpace/install/battery_status/include/battery_status/battery_status/msg/detail
-- Installing: /home/thieulong/ROS2-WorkSpace/install/battery_status/include/battery_status/battery_status/msg/detail/led_state__rosidl_typesupport_introspection_c.h
-- Installing: /home/thieulong/ROS2-WorkSpace/install/battery_status/include/battery_status/battery_status/msg/detail/led_state__type_support.c
-- Installing: /home/thieulong/ROS2-WorkSpace/install/battery_status/include/battery_status/battery_status/msg/rosidl_typesupport_introspection_c__visibility_control.h
-- Installing: /home/thieulong/ROS2-WorkSpace/install/battery_status/lib/libbattery_status__rosidl_typesupport_introspection_c.so
-- Set runtime path of "/home/thieulong/ROS2-WorkSpace/install/battery_status/lib/libbattery_status__rosidl_typesupport_introspection_c.so" to ""
-- Installing: /home/thieulong/ROS2-WorkSpace/install/battery_status/lib/libbattery_status__rosidl_typesupport_c.so
-- Set runtime path of "/home/thieulong/ROS2-WorkSpace/install/battery_status/lib/libbattery_status__rosidl_typesupport_c.so" to ""
-- Up-to-date: /home/thieulong/ROS2-WorkSpace/install/battery_status/include/battery_status/battery_status
-- Up-to-date: /home/thieulong/ROS2-WorkSpace/install/battery_status/include/battery_status/battery_status/msg
-- Up-to-date: /home/thieulong/ROS2-WorkSpace/install/battery_status/include/battery_status/battery_status/msg/detail
-- Installing: /home/thieulong/ROS2-WorkSpace/install/battery_status/include/battery_status/battery_status/msg/detail/led_state__traits.hpp
-- Installing: /home/thieulong/ROS2-WorkSpace/install/battery_status/include/battery_status/battery_status/msg/detail/led_state__builder.hpp
-- Installing: /home/thieulong/ROS2-WorkSpace/install/battery_status/include/battery_status/battery_status/msg/detail/led_state__struct.hpp
-- Installing: /home/thieulong/ROS2-WorkSpace/install/battery_status/include/battery_status/battery_status/msg/led_state.hpp
-- Up-to-date: /home/thieulong/ROS2-WorkSpace/install/battery_status/include/battery_status/battery_status
-- Up-to-date: /home/thieulong/ROS2-WorkSpace/install/battery_status/include/battery_status/battery_status/msg
-- Installing: /home/thieulong/ROS2-WorkSpace/install/battery_status/include/battery_status/battery_status/msg/rosidl_typesupport_fastrtps_cpp__visibility_control.h
-- Up-to-date: /home/thieulong/ROS2-WorkSpace/install/battery_status/include/battery_status/battery_status/msg/detail
-- Installing: /home/thieulong/ROS2-WorkSpace/install/battery_status/include/battery_status/battery_status/msg/detail/dds_fastrtps
-- Installing: /home/thieulong/ROS2-WorkSpace/install/battery_status/include/battery_status/battery_status/msg/detail/led_state__rosidl_typesupport_fastrtps_cpp.hpp
-- Installing: /home/thieulong/ROS2-WorkSpace/install/battery_status/lib/libbattery_status__rosidl_typesupport_fastrtps_cpp.so
-- Set runtime path of "/home/thieulong/ROS2-WorkSpace/install/battery_status/lib/libbattery_status__rosidl_typesupport_fastrtps_cpp.so" to ""
-- Up-to-date: /home/thieulong/ROS2-WorkSpace/install/battery_status/include/battery_status/battery_status
-- Up-to-date: /home/thieulong/ROS2-WorkSpace/install/battery_status/include/battery_status/battery_status/msg
-- Up-to-date: /home/thieulong/ROS2-WorkSpace/install/battery_status/include/battery_status/battery_status/msg/detail
-- Installing: /home/thieulong/ROS2-WorkSpace/install/battery_status/include/battery_status/battery_status/msg/detail/led_state__type_support.cpp
-- Installing: /home/thieulong/ROS2-WorkSpace/install/battery_status/include/battery_status/battery_status/msg/detail/led_state__rosidl_typesupport_introspection_cpp.hpp
-- Installing: /home/thieulong/ROS2-WorkSpace/install/battery_status/lib/libbattery_status__rosidl_typesupport_introspection_cpp.so
-- Set runtime path of "/home/thieulong/ROS2-WorkSpace/install/battery_status/lib/libbattery_status__rosidl_typesupport_introspection_cpp.so" to ""
-- Installing: /home/thieulong/ROS2-WorkSpace/install/battery_status/lib/libbattery_status__rosidl_typesupport_cpp.so
-- Set runtime path of "/home/thieulong/ROS2-WorkSpace/install/battery_status/lib/libbattery_status__rosidl_typesupport_cpp.so" to ""
-- Installing: /home/thieulong/ROS2-WorkSpace/install/battery_status/share/battery_status/environment/pythonpath.sh
-- Installing: /home/thieulong/ROS2-WorkSpace/install/battery_status/share/battery_status/environment/pythonpath.dsv
-- Installing: /home/thieulong/ROS2-WorkSpace/install/battery_status/local/lib/python3.10/dist-packages/battery_status-0.0.0-py3.10.egg-info
-- Installing: /home/thieulong/ROS2-WorkSpace/install/battery_status/local/lib/python3.10/dist-packages/battery_status-0.0.0-py3.10.egg-info/PKG-INFO
-- Installing: /home/thieulong/ROS2-WorkSpace/install/battery_status/local/lib/python3.10/dist-packages/battery_status-0.0.0-py3.10.egg-info/top_level.txt
-- Installing: /home/thieulong/ROS2-WorkSpace/install/battery_status/local/lib/python3.10/dist-packages/battery_status-0.0.0-py3.10.egg-info/dependency_links.txt
-- Installing: /home/thieulong/ROS2-WorkSpace/install/battery_status/local/lib/python3.10/dist-packages/battery_status-0.0.0-py3.10.egg-info/SOURCES.txt
-- Installing: /home/thieulong/ROS2-WorkSpace/install/battery_status/local/lib/python3.10/dist-packages/battery_status
-- Installing: /home/thieulong/ROS2-WorkSpace/install/battery_status/local/lib/python3.10/dist-packages/battery_status/_battery_status_s.ep.rosidl_typesupport_fastrtps_c.c
-- Installing: /home/thieulong/ROS2-WorkSpace/install/battery_status/local/lib/python3.10/dist-packages/battery_status/msg
-- Installing: /home/thieulong/ROS2-WorkSpace/install/battery_status/local/lib/python3.10/dist-packages/battery_status/msg/_led_state_s.c
-- Installing: /home/thieulong/ROS2-WorkSpace/install/battery_status/local/lib/python3.10/dist-packages/battery_status/msg/_led_state.py
-- Installing: /home/thieulong/ROS2-WorkSpace/install/battery_status/local/lib/python3.10/dist-packages/battery_status/msg/__init__.py
-- Installing: /home/thieulong/ROS2-WorkSpace/install/battery_status/local/lib/python3.10/dist-packages/battery_status/battery_status_s__rosidl_typesupport_c.cpython-310-x86_64-linux-gnu.so
-- Installing: /home/thieulong/ROS2-WorkSpace/install/battery_status/local/lib/python3.10/dist-packages/battery_status/_battery_status_s.ep.rosidl_typesupport_introspection_c.c
-- Installing: /home/thieulong/ROS2-WorkSpace/install/battery_status/local/lib/python3.10/dist-packages/battery_status/battery_status_s__rosidl_typesupport_introspection_c.cpython-310-x86_64-linux-gnu.so
-- Installing: /home/thieulong/ROS2-WorkSpace/install/battery_status/local/lib/python3.10/dist-packages/battery_status/libbattery_status__rosidl_generator_py.so
-- Installing: /home/thieulong/ROS2-WorkSpace/install/battery_status/local/lib/python3.10/dist-packages/battery_status/battery_status_s__rosidl_typesupport_fastrtps_c.cpython-310-x86_64-linux-gnu.so
-- Installing: /home/thieulong/ROS2-WorkSpace/install/battery_status/local/lib/python3.10/dist-packages/battery_status/__init__.py
-- Installing: /home/thieulong/ROS2-WorkSpace/install/battery_status/local/lib/python3.10/dist-packages/battery_status/_battery_status_s.ep.rosidl_typesupport_c.c
Listing '/home/thieulong/ROS2-WorkSpace/install/battery_status/local/lib/python3.10/dist-packages/battery_status'...
Compiling '/home/thieulong/ROS2-WorkSpace/install/battery_status/local/lib/python3.10/dist-packages/battery_status/__init__.py'...
Listing '/home/thieulong/ROS2-WorkSpace/install/battery_status/local/lib/python3.10/dist-packages/battery_status/msg'...
Compiling '/home/thieulong/ROS2-WorkSpace/install/battery_status/local/lib/python3.10/dist-packages/battery_status/msg/__init__.py'...
Compiling '/home/thieulong/ROS2-WorkSpace/install/battery_status/local/lib/python3.10/dist-packages/battery_status/msg/_led_state.py'...
-- Installing: /home/thieulong/ROS2-WorkSpace/install/battery_status/local/lib/python3.10/dist-packages/battery_status/battery_status_s__rosidl_typesupport_fastrtps_c.cpython-310-x86_64-linux-gnu.so
-- Set runtime path of "/home/thieulong/ROS2-WorkSpace/install/battery_status/local/lib/python3.10/dist-packages/battery_status/battery_status_s__rosidl_typesupport_fastrtps_c.cpython-310-x86_64-linux-gnu.so" to ""
-- Installing: /home/thieulong/ROS2-WorkSpace/install/battery_status/local/lib/python3.10/dist-packages/battery_status/battery_status_s__rosidl_typesupport_introspection_c.cpython-310-x86_64-linux-gnu.so
-- Set runtime path of "/home/thieulong/ROS2-WorkSpace/install/battery_status/local/lib/python3.10/dist-packages/battery_status/battery_status_s__rosidl_typesupport_introspection_c.cpython-310-x86_64-linux-gnu.so" to ""
-- Installing: /home/thieulong/ROS2-WorkSpace/install/battery_status/local/lib/python3.10/dist-packages/battery_status/battery_status_s__rosidl_typesupport_c.cpython-310-x86_64-linux-gnu.so
-- Set runtime path of "/home/thieulong/ROS2-WorkSpace/install/battery_status/local/lib/python3.10/dist-packages/battery_status/battery_status_s__rosidl_typesupport_c.cpython-310-x86_64-linux-gnu.so" to ""
-- Installing: /home/thieulong/ROS2-WorkSpace/install/battery_status/lib/libbattery_status__rosidl_generator_py.so
-- Set runtime path of "/home/thieulong/ROS2-WorkSpace/install/battery_status/lib/libbattery_status__rosidl_generator_py.so" to ""
-- Installing: /home/thieulong/ROS2-WorkSpace/install/battery_status/share/battery_status/msg/LEDState.idl
-- Installing: /home/thieulong/ROS2-WorkSpace/install/battery_status/share/battery_status/msg/LEDState.msg
-- Installing: /home/thieulong/ROS2-WorkSpace/install/battery_status/share/ament_index/resource_index/package_run_dependencies/battery_status
-- Installing: /home/thieulong/ROS2-WorkSpace/install/battery_status/share/ament_index/resource_index/parent_prefix_path/battery_status
-- Installing: /home/thieulong/ROS2-WorkSpace/install/battery_status/share/battery_status/environment/ament_prefix_path.sh
-- Installing: /home/thieulong/ROS2-WorkSpace/install/battery_status/share/battery_status/environment/ament_prefix_path.dsv
-- Installing: /home/thieulong/ROS2-WorkSpace/install/battery_status/share/battery_status/environment/path.sh
-- Installing: /home/thieulong/ROS2-WorkSpace/install/battery_status/share/battery_status/environment/path.dsv
-- Installing: /home/thieulong/ROS2-WorkSpace/install/battery_status/share/battery_status/local_setup.bash
-- Installing: /home/thieulong/ROS2-WorkSpace/install/battery_status/share/battery_status/local_setup.sh
-- Installing: /home/thieulong/ROS2-WorkSpace/install/battery_status/share/battery_status/local_setup.zsh
-- Installing: /home/thieulong/ROS2-WorkSpace/install/battery_status/share/battery_status/local_setup.dsv
-- Installing: /home/thieulong/ROS2-WorkSpace/install/battery_status/share/battery_status/package.dsv
-- Installing: /home/thieulong/ROS2-WorkSpace/install/battery_status/share/ament_index/resource_index/packages/battery_status
-- Installing: /home/thieulong/ROS2-WorkSpace/install/battery_status/share/battery_status/cmake/export_battery_status__rosidl_generator_cExport.cmake
-- Installing: /home/thieulong/ROS2-WorkSpace/install/battery_status/share/battery_status/cmake/export_battery_status__rosidl_generator_cExport-noconfig.cmake
-- Installing: /home/thieulong/ROS2-WorkSpace/install/battery_status/share/battery_status/cmake/export_battery_status__rosidl_typesupport_fastrtps_cExport.cmake
-- Installing: /home/thieulong/ROS2-WorkSpace/install/battery_status/share/battery_status/cmake/export_battery_status__rosidl_typesupport_fastrtps_cExport-noconfig.cmake
-- Installing: /home/thieulong/ROS2-WorkSpace/install/battery_status/share/battery_status/cmake/battery_status__rosidl_typesupport_introspection_cExport.cmake
-- Installing: /home/thieulong/ROS2-WorkSpace/install/battery_status/share/battery_status/cmake/battery_status__rosidl_typesupport_introspection_cExport-noconfig.cmake
-- Installing: /home/thieulong/ROS2-WorkSpace/install/battery_status/share/battery_status/cmake/battery_status__rosidl_typesupport_cExport.cmake
-- Installing: /home/thieulong/ROS2-WorkSpace/install/battery_status/share/battery_status/cmake/battery_status__rosidl_typesupport_cExport-noconfig.cmake
-- Installing: /home/thieulong/ROS2-WorkSpace/install/battery_status/share/battery_status/cmake/export_battery_status__rosidl_generator_cppExport.cmake
-- Installing: /home/thieulong/ROS2-WorkSpace/install/battery_status/share/battery_status/cmake/export_battery_status__rosidl_typesupport_fastrtps_cppExport.cmake
-- Installing: /home/thieulong/ROS2-WorkSpace/install/battery_status/share/battery_status/cmake/export_battery_status__rosidl_typesupport_fastrtps_cppExport-noconfig.cmake
-- Installing: /home/thieulong/ROS2-WorkSpace/install/battery_status/share/battery_status/cmake/battery_status__rosidl_typesupport_introspection_cppExport.cmake
-- Installing: /home/thieulong/ROS2-WorkSpace/install/battery_status/share/battery_status/cmake/battery_status__rosidl_typesupport_introspection_cppExport-noconfig.cmake
-- Installing: /home/thieulong/ROS2-WorkSpace/install/battery_status/share/battery_status/cmake/battery_status__rosidl_typesupport_cppExport.cmake
-- Installing: /home/thieulong/ROS2-WorkSpace/install/battery_status/share/battery_status/cmake/battery_status__rosidl_typesupport_cppExport-noconfig.cmake
-- Installing: /home/thieulong/ROS2-WorkSpace/install/battery_status/share/battery_status/cmake/export_battery_status__rosidl_generator_pyExport.cmake
-- Installing: /home/thieulong/ROS2-WorkSpace/install/battery_status/share/battery_status/cmake/export_battery_status__rosidl_generator_pyExport-noconfig.cmake
-- Installing: /home/thieulong/ROS2-WorkSpace/install/battery_status/share/battery_status/cmake/rosidl_cmake-extras.cmake
-- Installing: /home/thieulong/ROS2-WorkSpace/install/battery_status/share/battery_status/cmake/ament_cmake_export_include_directories-extras.cmake
-- Installing: /home/thieulong/ROS2-WorkSpace/install/battery_status/share/battery_status/cmake/ament_cmake_export_libraries-extras.cmake
-- Installing: /home/thieulong/ROS2-WorkSpace/install/battery_status/share/battery_status/cmake/ament_cmake_export_targets-extras.cmake
-- Installing: /home/thieulong/ROS2-WorkSpace/install/battery_status/share/battery_status/cmake/rosidl_cmake_export_typesupport_targets-extras.cmake
-- Installing: /home/thieulong/ROS2-WorkSpace/install/battery_status/share/battery_status/cmake/ament_cmake_export_dependencies-extras.cmake
-- Installing: /home/thieulong/ROS2-WorkSpace/install/battery_status/share/battery_status/cmake/rosidl_cmake_export_typesupport_libraries-extras.cmake
-- Installing: /home/thieulong/ROS2-WorkSpace/install/battery_status/share/battery_status/cmake/battery_statusConfig.cmake
-- Installing: /home/thieulong/ROS2-WorkSpace/install/battery_status/share/battery_status/cmake/battery_statusConfig-version.cmake
-- Installing: /home/thieulong/ROS2-WorkSpace/install/battery_status/share/battery_status/package.xml
