[1.195s] DEBUG:colcon:Command line arguments: ['/usr/bin/colcon', 'build', '--packages-select', 'my_py_pkg']
[1.195s] DEBUG:colcon:Parsed command line arguments: Namespace(log_base=None, log_level=None, verb_name='build', build_base='build', install_base='install', merge_install=False, symlink_install=False, test_result_base=None, continue_on_error=False, executor='parallel', parallel_workers=8, event_handlers=None, ignore_user_meta=False, metas=['./colcon.meta'], base_paths=['.'], packages_ignore=None, packages_ignore_regex=None, paths=None, packages_up_to=None, packages_up_to_regex=None, packages_above=None, packages_above_and_dependencies=None, packages_above_depth=None, packages_select_by_dep=None, packages_skip_by_dep=None, packages_skip_up_to=None, packages_select_build_failed=False, packages_skip_build_finished=False, packages_select_test_failures=False, packages_skip_test_passed=False, packages_select=['my_py_pkg'], packages_skip=None, packages_select_regex=None, packages_skip_regex=None, packages_start=None, packages_end=None, allow_overriding=[], cmake_args=None, cmake_target=None, cmake_target_skip_unavailable=False, cmake_clean_cache=False, cmake_clean_first=False, cmake_force_configure=False, ament_cmake_args=None, catkin_cmake_args=None, catkin_skip_building_tests=False, verb_parser=<colcon_defaults.argument_parser.defaults.DefaultArgumentsDecorator object at 0x7f2255f8d390>, verb_extension=<colcon_core.verb.build.BuildVerb object at 0x7f2255fa7ca0>, main=<bound method BuildVerb.main of <colcon_core.verb.build.BuildVerb object at 0x7f2255fa7ca0>>)
[1.246s] Level 1:colcon.colcon_core.package_discovery:discover_packages(colcon_meta) check parameters
[1.246s] Level 1:colcon.colcon_core.package_discovery:discover_packages(recursive) check parameters
[1.246s] Level 1:colcon.colcon_core.package_discovery:discover_packages(ignore) check parameters
[1.246s] Level 1:colcon.colcon_core.package_discovery:discover_packages(path) check parameters
[1.246s] Level 1:colcon.colcon_core.package_discovery:discover_packages(colcon_meta) discover
[1.246s] Level 1:colcon.colcon_core.package_discovery:discover_packages(recursive) discover
[1.246s] INFO:colcon.colcon_core.package_discovery:Crawling recursively for packages in '/home/thieulong/ROS2-WorkSpace'
[1.246s] Level 1:colcon.colcon_core.package_identification:_identify(.) by extensions ['ignore', 'ignore_ament_install']
[1.246s] Level 1:colcon.colcon_core.package_identification:_identify(.) by extension 'ignore'
[1.246s] Level 1:colcon.colcon_core.package_identification:_identify(.) by extension 'ignore_ament_install'
[1.246s] Level 1:colcon.colcon_core.package_identification:_identify(.) by extensions ['colcon_pkg']
[1.246s] Level 1:colcon.colcon_core.package_identification:_identify(.) by extension 'colcon_pkg'
[1.246s] Level 1:colcon.colcon_core.package_identification:_identify(.) by extensions ['colcon_meta']
[1.246s] Level 1:colcon.colcon_core.package_identification:_identify(.) by extension 'colcon_meta'
[1.246s] Level 1:colcon.colcon_core.package_identification:_identify(.) by extensions ['ros']
[1.246s] Level 1:colcon.colcon_core.package_identification:_identify(.) by extension 'ros'
[1.255s] Level 1:colcon.colcon_core.package_identification:_identify(.) by extensions ['cmake', 'python']
[1.255s] Level 1:colcon.colcon_core.package_identification:_identify(.) by extension 'cmake'
[1.255s] Level 1:colcon.colcon_core.package_identification:_identify(.) by extension 'python'
[1.255s] Level 1:colcon.colcon_core.package_identification:_identify(.) by extensions ['python_setup_py']
[1.255s] Level 1:colcon.colcon_core.package_identification:_identify(.) by extension 'python_setup_py'
[1.255s] Level 1:colcon.colcon_core.package_identification:_identify(build) by extensions ['ignore', 'ignore_ament_install']
[1.256s] Level 1:colcon.colcon_core.package_identification:_identify(build) by extension 'ignore'
[1.256s] Level 1:colcon.colcon_core.package_identification:_identify(build) ignored
[1.256s] Level 1:colcon.colcon_core.package_identification:_identify(install) by extensions ['ignore', 'ignore_ament_install']
[1.256s] Level 1:colcon.colcon_core.package_identification:_identify(install) by extension 'ignore'
[1.256s] Level 1:colcon.colcon_core.package_identification:_identify(install) ignored
[1.256s] Level 1:colcon.colcon_core.package_identification:_identify(log) by extensions ['ignore', 'ignore_ament_install']
[1.256s] Level 1:colcon.colcon_core.package_identification:_identify(log) by extension 'ignore'
[1.256s] Level 1:colcon.colcon_core.package_identification:_identify(log) ignored
[1.256s] Level 1:colcon.colcon_core.package_identification:_identify(src) by extensions ['ignore', 'ignore_ament_install']
[1.256s] Level 1:colcon.colcon_core.package_identification:_identify(src) by extension 'ignore'
[1.256s] Level 1:colcon.colcon_core.package_identification:_identify(src) by extension 'ignore_ament_install'
[1.256s] Level 1:colcon.colcon_core.package_identification:_identify(src) by extensions ['colcon_pkg']
[1.256s] Level 1:colcon.colcon_core.package_identification:_identify(src) by extension 'colcon_pkg'
[1.256s] Level 1:colcon.colcon_core.package_identification:_identify(src) by extensions ['colcon_meta']
[1.256s] Level 1:colcon.colcon_core.package_identification:_identify(src) by extension 'colcon_meta'
[1.256s] Level 1:colcon.colcon_core.package_identification:_identify(src) by extensions ['ros']
[1.256s] Level 1:colcon.colcon_core.package_identification:_identify(src) by extension 'ros'
[1.256s] Level 1:colcon.colcon_core.package_identification:_identify(src) by extensions ['cmake', 'python']
[1.256s] Level 1:colcon.colcon_core.package_identification:_identify(src) by extension 'cmake'
[1.257s] Level 1:colcon.colcon_core.package_identification:_identify(src) by extension 'python'
[1.257s] Level 1:colcon.colcon_core.package_identification:_identify(src) by extensions ['python_setup_py']
[1.257s] Level 1:colcon.colcon_core.package_identification:_identify(src) by extension 'python_setup_py'
[1.257s] Level 1:colcon.colcon_core.package_identification:_identify(src/build) by extensions ['ignore', 'ignore_ament_install']
[1.257s] Level 1:colcon.colcon_core.package_identification:_identify(src/build) by extension 'ignore'
[1.257s] Level 1:colcon.colcon_core.package_identification:_identify(src/build) ignored
[1.257s] Level 1:colcon.colcon_core.package_identification:_identify(src/install) by extensions ['ignore', 'ignore_ament_install']
[1.257s] Level 1:colcon.colcon_core.package_identification:_identify(src/install) by extension 'ignore'
[1.257s] Level 1:colcon.colcon_core.package_identification:_identify(src/install) ignored
[1.257s] Level 1:colcon.colcon_core.package_identification:_identify(src/log) by extensions ['ignore', 'ignore_ament_install']
[1.257s] Level 1:colcon.colcon_core.package_identification:_identify(src/log) by extension 'ignore'
[1.257s] Level 1:colcon.colcon_core.package_identification:_identify(src/log) ignored
[1.257s] Level 1:colcon.colcon_core.package_identification:_identify(src/my_cpp_pkg) by extensions ['ignore', 'ignore_ament_install']
[1.257s] Level 1:colcon.colcon_core.package_identification:_identify(src/my_cpp_pkg) by extension 'ignore'
[1.257s] Level 1:colcon.colcon_core.package_identification:_identify(src/my_cpp_pkg) by extension 'ignore_ament_install'
[1.257s] Level 1:colcon.colcon_core.package_identification:_identify(src/my_cpp_pkg) by extensions ['colcon_pkg']
[1.257s] Level 1:colcon.colcon_core.package_identification:_identify(src/my_cpp_pkg) by extension 'colcon_pkg'
[1.257s] Level 1:colcon.colcon_core.package_identification:_identify(src/my_cpp_pkg) by extensions ['colcon_meta']
[1.257s] Level 1:colcon.colcon_core.package_identification:_identify(src/my_cpp_pkg) by extension 'colcon_meta'
[1.257s] Level 1:colcon.colcon_core.package_identification:_identify(src/my_cpp_pkg) by extensions ['ros']
[1.257s] Level 1:colcon.colcon_core.package_identification:_identify(src/my_cpp_pkg) by extension 'ros'
[1.260s] DEBUG:colcon.colcon_core.package_identification:Package 'src/my_cpp_pkg' with type 'ros.ament_cmake' and name 'my_cpp_pkg'
[1.260s] Level 1:colcon.colcon_core.package_identification:_identify(src/my_py_pkg) by extensions ['ignore', 'ignore_ament_install']
[1.260s] Level 1:colcon.colcon_core.package_identification:_identify(src/my_py_pkg) by extension 'ignore'
[1.260s] Level 1:colcon.colcon_core.package_identification:_identify(src/my_py_pkg) by extension 'ignore_ament_install'
[1.260s] Level 1:colcon.colcon_core.package_identification:_identify(src/my_py_pkg) by extensions ['colcon_pkg']
[1.260s] Level 1:colcon.colcon_core.package_identification:_identify(src/my_py_pkg) by extension 'colcon_pkg'
[1.260s] Level 1:colcon.colcon_core.package_identification:_identify(src/my_py_pkg) by extensions ['colcon_meta']
[1.260s] Level 1:colcon.colcon_core.package_identification:_identify(src/my_py_pkg) by extension 'colcon_meta'
[1.260s] Level 1:colcon.colcon_core.package_identification:_identify(src/my_py_pkg) by extensions ['ros']
[1.260s] Level 1:colcon.colcon_core.package_identification:_identify(src/my_py_pkg) by extension 'ros'
[1.260s] DEBUG:colcon.colcon_core.package_identification:Package 'src/my_py_pkg' with type 'ros.ament_python' and name 'my_py_pkg'
[1.260s] Level 1:colcon.colcon_core.package_discovery:discover_packages(recursive) using defaults
[1.260s] Level 1:colcon.colcon_core.package_discovery:discover_packages(ignore) discover
[1.261s] Level 1:colcon.colcon_core.package_discovery:discover_packages(ignore) using defaults
[1.261s] Level 1:colcon.colcon_core.package_discovery:discover_packages(path) discover
[1.261s] Level 1:colcon.colcon_core.package_discovery:discover_packages(path) using defaults
[1.339s] INFO:colcon.colcon_core.package_selection:Skipping not selected package 'my_cpp_pkg' in 'src/my_cpp_pkg'
[1.390s] Level 1:colcon.colcon_core.package_discovery:discover_packages(prefix_path) check parameters
[1.390s] Level 1:colcon.colcon_core.package_discovery:discover_packages(prefix_path) discover
[1.431s] DEBUG:colcon.colcon_installed_package_information.package_discovery:Found 2 installed packages in /home/thieulong/ROS2-WorkSpace/install
[1.449s] DEBUG:colcon.colcon_installed_package_information.package_discovery:Found 270 installed packages in /opt/ros/humble
[1.450s] Level 1:colcon.colcon_core.package_discovery:discover_packages(prefix_path) using defaults
[1.536s] Level 5:colcon.colcon_core.verb:set package 'my_py_pkg' build argument 'cmake_args' from command line to 'None'
[1.536s] Level 5:colcon.colcon_core.verb:set package 'my_py_pkg' build argument 'cmake_target' from command line to 'None'
[1.536s] Level 5:colcon.colcon_core.verb:set package 'my_py_pkg' build argument 'cmake_target_skip_unavailable' from command line to 'False'
[1.536s] Level 5:colcon.colcon_core.verb:set package 'my_py_pkg' build argument 'cmake_clean_cache' from command line to 'False'
[1.536s] Level 5:colcon.colcon_core.verb:set package 'my_py_pkg' build argument 'cmake_clean_first' from command line to 'False'
[1.536s] Level 5:colcon.colcon_core.verb:set package 'my_py_pkg' build argument 'cmake_force_configure' from command line to 'False'
[1.536s] Level 5:colcon.colcon_core.verb:set package 'my_py_pkg' build argument 'ament_cmake_args' from command line to 'None'
[1.536s] Level 5:colcon.colcon_core.verb:set package 'my_py_pkg' build argument 'catkin_cmake_args' from command line to 'None'
[1.536s] Level 5:colcon.colcon_core.verb:set package 'my_py_pkg' build argument 'catkin_skip_building_tests' from command line to 'False'
[1.536s] DEBUG:colcon.colcon_core.verb:Building package 'my_py_pkg' with the following arguments: {'ament_cmake_args': None, 'build_base': '/home/thieulong/ROS2-WorkSpace/build/my_py_pkg', 'catkin_cmake_args': None, 'catkin_skip_building_tests': False, 'cmake_args': None, 'cmake_clean_cache': False, 'cmake_clean_first': False, 'cmake_force_configure': False, 'cmake_target': None, 'cmake_target_skip_unavailable': False, 'install_base': '/home/thieulong/ROS2-WorkSpace/install/my_py_pkg', 'merge_install': False, 'path': '/home/thieulong/ROS2-WorkSpace/src/my_py_pkg', 'symlink_install': False, 'test_result_base': None}
[1.554s] INFO:colcon.colcon_core.executor:Executing jobs using 'parallel' executor
[1.571s] DEBUG:colcon.colcon_parallel_executor.executor.parallel:run_until_complete
[1.572s] INFO:colcon.colcon_ros.task.ament_python.build:Building ROS package in '/home/thieulong/ROS2-WorkSpace/src/my_py_pkg' with build type 'ament_python'
[1.572s] Level 1:colcon.colcon_core.shell:create_environment_hook('my_py_pkg', 'ament_prefix_path')
[1.591s] INFO:colcon.colcon_core.plugin_system:Skipping extension 'colcon_core.shell.bat': Not used on non-Windows systems
[1.591s] INFO:colcon.colcon_core.shell:Creating environment hook '/home/thieulong/ROS2-WorkSpace/install/my_py_pkg/share/my_py_pkg/hook/ament_prefix_path.ps1'
[1.592s] INFO:colcon.colcon_core.shell:Creating environment descriptor '/home/thieulong/ROS2-WorkSpace/install/my_py_pkg/share/my_py_pkg/hook/ament_prefix_path.dsv'
[1.592s] INFO:colcon.colcon_core.shell:Creating environment hook '/home/thieulong/ROS2-WorkSpace/install/my_py_pkg/share/my_py_pkg/hook/ament_prefix_path.sh'
[1.612s] INFO:colcon.colcon_core.shell:Skip shell extension 'powershell' for command environment: Not usable outside of PowerShell
[1.612s] DEBUG:colcon.colcon_core.shell:Skip shell extension 'dsv' for command environment
[1.964s] INFO:colcon.colcon_core.task.python.build:Building Python package in '/home/thieulong/ROS2-WorkSpace/src/my_py_pkg'
[1.987s] INFO:colcon.colcon_core.shell:Skip shell extension 'powershell' for command environment: Not usable outside of PowerShell
[1.987s] DEBUG:colcon.colcon_core.shell:Skip shell extension 'dsv' for command environment
[2.427s] DEBUG:colcon.colcon_core.event_handler.log_command:Invoking command in '/home/thieulong/ROS2-WorkSpace/src/my_py_pkg': PYTHONPATH=/home/thieulong/ROS2-WorkSpace/build/my_py_pkg/prefix_override:/home/thieulong/ROS2-WorkSpace/install/my_py_pkg/lib/python3.10/site-packages:${PYTHONPATH} /usr/bin/python3 setup.py egg_info --egg-base ../../build/my_py_pkg build --build-base /home/thieulong/ROS2-WorkSpace/build/my_py_pkg/build install --record /home/thieulong/ROS2-WorkSpace/build/my_py_pkg/install.log --single-version-externally-managed
[2.780s] DEBUG:colcon.colcon_core.event_handler.log_command:Invoked command in '/home/thieulong/ROS2-WorkSpace/src/my_py_pkg' returned '0': PYTHONPATH=/home/thieulong/ROS2-WorkSpace/build/my_py_pkg/prefix_override:/home/thieulong/ROS2-WorkSpace/install/my_py_pkg/lib/python3.10/site-packages:${PYTHONPATH} /usr/bin/python3 setup.py egg_info --egg-base ../../build/my_py_pkg build --build-base /home/thieulong/ROS2-WorkSpace/build/my_py_pkg/build install --record /home/thieulong/ROS2-WorkSpace/build/my_py_pkg/install.log --single-version-externally-managed
[2.805s] Level 1:colcon.colcon_core.environment:checking '/home/thieulong/ROS2-WorkSpace/install/my_py_pkg' for CMake module files
[2.806s] Level 1:colcon.colcon_core.environment:checking '/home/thieulong/ROS2-WorkSpace/install/my_py_pkg' for CMake config files
[2.806s] Level 1:colcon.colcon_core.environment:checking '/home/thieulong/ROS2-WorkSpace/install/my_py_pkg/lib'
[2.807s] Level 1:colcon.colcon_core.environment:checking '/home/thieulong/ROS2-WorkSpace/install/my_py_pkg/bin'
[2.807s] Level 1:colcon.colcon_core.environment:checking '/home/thieulong/ROS2-WorkSpace/install/my_py_pkg/lib/pkgconfig/my_py_pkg.pc'
[2.807s] Level 1:colcon.colcon_core.environment:checking '/home/thieulong/ROS2-WorkSpace/install/my_py_pkg/lib/python3.10/site-packages'
[2.807s] Level 1:colcon.colcon_core.shell:create_environment_hook('my_py_pkg', 'pythonpath')
[2.829s] INFO:colcon.colcon_core.shell:Creating environment hook '/home/thieulong/ROS2-WorkSpace/install/my_py_pkg/share/my_py_pkg/hook/pythonpath.ps1'
[2.830s] INFO:colcon.colcon_core.shell:Creating environment descriptor '/home/thieulong/ROS2-WorkSpace/install/my_py_pkg/share/my_py_pkg/hook/pythonpath.dsv'
[2.830s] INFO:colcon.colcon_core.shell:Creating environment hook '/home/thieulong/ROS2-WorkSpace/install/my_py_pkg/share/my_py_pkg/hook/pythonpath.sh'
[2.830s] Level 1:colcon.colcon_core.environment:checking '/home/thieulong/ROS2-WorkSpace/install/my_py_pkg/bin'
[2.830s] Level 1:colcon.colcon_core.environment:create_environment_scripts_only(my_py_pkg)
[2.852s] INFO:colcon.colcon_core.shell:Creating package script '/home/thieulong/ROS2-WorkSpace/install/my_py_pkg/share/my_py_pkg/package.ps1'
[2.852s] INFO:colcon.colcon_core.shell:Creating package descriptor '/home/thieulong/ROS2-WorkSpace/install/my_py_pkg/share/my_py_pkg/package.dsv'
[2.853s] INFO:colcon.colcon_core.shell:Creating package script '/home/thieulong/ROS2-WorkSpace/install/my_py_pkg/share/my_py_pkg/package.sh'
[2.853s] INFO:colcon.colcon_core.shell:Creating package script '/home/thieulong/ROS2-WorkSpace/install/my_py_pkg/share/my_py_pkg/package.bash'
[2.854s] INFO:colcon.colcon_core.shell:Creating package script '/home/thieulong/ROS2-WorkSpace/install/my_py_pkg/share/my_py_pkg/package.zsh'
[2.855s] Level 1:colcon.colcon_core.environment:create_file_with_runtime_dependencies(/home/thieulong/ROS2-WorkSpace/install/my_py_pkg/share/colcon-core/packages/my_py_pkg)
[2.855s] DEBUG:colcon.colcon_parallel_executor.executor.parallel:closing loop
[2.855s] DEBUG:colcon.colcon_parallel_executor.executor.parallel:loop closed
[2.856s] DEBUG:colcon.colcon_parallel_executor.executor.parallel:run_until_complete finished with '0'
[2.856s] DEBUG:colcon.colcon_core.event_reactor:joining thread
[2.884s] INFO:colcon.colcon_core.plugin_system:Skipping extension 'colcon_notification.desktop_notification.terminal_notifier': Not used on non-Darwin systems
[2.884s] INFO:colcon.colcon_core.plugin_system:Skipping extension 'colcon_notification.desktop_notification.win32': Not used on non-Windows systems
[2.884s] INFO:colcon.colcon_notification.desktop_notification:Sending desktop notification using 'notify2'
[2.895s] DEBUG:colcon.colcon_core.event_reactor:joined thread
[2.922s] INFO:colcon.colcon_core.shell:Creating prefix script '/home/thieulong/ROS2-WorkSpace/install/local_setup.ps1'
[2.923s] INFO:colcon.colcon_core.shell:Creating prefix util module '/home/thieulong/ROS2-WorkSpace/install/_local_setup_util_ps1.py'
[2.925s] INFO:colcon.colcon_core.shell:Creating prefix chain script '/home/thieulong/ROS2-WorkSpace/install/setup.ps1'
[2.949s] INFO:colcon.colcon_core.shell:Creating prefix script '/home/thieulong/ROS2-WorkSpace/install/local_setup.sh'
[2.949s] INFO:colcon.colcon_core.shell:Creating prefix util module '/home/thieulong/ROS2-WorkSpace/install/_local_setup_util_sh.py'
[2.950s] INFO:colcon.colcon_core.shell:Creating prefix chain script '/home/thieulong/ROS2-WorkSpace/install/setup.sh'
[2.974s] INFO:colcon.colcon_core.shell:Creating prefix script '/home/thieulong/ROS2-WorkSpace/install/local_setup.bash'
[2.975s] INFO:colcon.colcon_core.shell:Creating prefix chain script '/home/thieulong/ROS2-WorkSpace/install/setup.bash'
[2.999s] INFO:colcon.colcon_core.shell:Creating prefix script '/home/thieulong/ROS2-WorkSpace/install/local_setup.zsh'
[3.000s] INFO:colcon.colcon_core.shell:Creating prefix chain script '/home/thieulong/ROS2-WorkSpace/install/setup.zsh'
