[35m[1mConsolidate compiler generated dependencies of target battery_status__rosidl_generator_c[0m
[  2%] Built target battery_status__cpp
[ 12%] Built target battery_status__rosidl_generator_c
[ 12%] Built target ament_cmake_python_copy_battery_status
[35m[1mConsolidate compiler generated dependencies of target battery_status__rosidl_typesupport_fastrtps_cpp[0m
[35m[1mConsolidate compiler generated dependencies of target battery_status__rosidl_typesupport_cpp[0m
[35m[1mConsolidate compiler generated dependencies of target battery_status__rosidl_typesupport_introspection_cpp[0m
[35m[1mConsolidate compiler generated dependencies of target battery_status__rosidl_typesupport_fastrtps_c[0m
[35m[1mConsolidate compiler generated dependencies of target battery_status__rosidl_typesupport_c[0m
[35m[1mConsolidate compiler generated dependencies of target battery_status__rosidl_typesupport_introspection_c[0m
[ 33%] Built target battery_status__rosidl_typesupport_fastrtps_cpp
[ 33%] Built target battery_status__rosidl_typesupport_cpp
[ 43%] Built target battery_status__rosidl_typesupport_c
[ 53%] Built target battery_status__rosidl_typesupport_introspection_c
[ 64%] Built target battery_status__rosidl_typesupport_introspection_cpp
[ 74%] Built target battery_status__rosidl_typesupport_fastrtps_c
[ 74%] Built target battery_status
[ 76%] Built target battery_status__py
[35m[1mConsolidate compiler generated dependencies of target battery_status__rosidl_generator_py[0m
[ 84%] Built target battery_status__rosidl_generator_py
[35m[1mConsolidate compiler generated dependencies of target battery_status__rosidl_typesupport_fastrtps_c__pyext[0m
[35m[1mConsolidate compiler generated dependencies of target battery_status__rosidl_typesupport_c__pyext[0m
[ 89%] Built target battery_status__rosidl_typesupport_fastrtps_c__pyext
[35m[1mConsolidate compiler generated dependencies of target battery_status__rosidl_typesupport_introspection_c__pyext[0m
[ 94%] Built target battery_status__rosidl_typesupport_c__pyext
[100%] Built target battery_status__rosidl_typesupport_introspection_c__pyext
running egg_info
writing battery_status.egg-info/PKG-INFO
writing dependency_links to battery_status.egg-info/dependency_links.txt
writing top-level names to battery_status.egg-info/top_level.txt
reading manifest file 'battery_status.egg-info/SOURCES.txt'
writing manifest file 'battery_status.egg-info/SOURCES.txt'
[100%] Built target ament_cmake_python_build_battery_status_egg
-- Install configuration: ""
-- Up-to-date: /home/thieulong/ROS2-WorkSpace/install/battery_status/share/ament_index/resource_index/rosidl_interfaces/battery_status
-- Up-to-date: /home/thieulong/ROS2-WorkSpace/install/battery_status/include/battery_status/battery_status
-- Up-to-date: /home/thieulong/ROS2-WorkSpace/install/battery_status/include/battery_status/battery_status/msg
-- Up-to-date: /home/thieulong/ROS2-WorkSpace/install/battery_status/include/battery_status/battery_status/msg/led_state.h
-- Up-to-date: /home/thieulong/ROS2-WorkSpace/install/battery_status/include/battery_status/battery_status/msg/rosidl_generator_c__visibility_control.h
-- Up-to-date: /home/thieulong/ROS2-WorkSpace/install/battery_status/include/battery_status/battery_status/msg/detail
-- Up-to-date: /home/thieulong/ROS2-WorkSpace/install/battery_status/include/battery_status/battery_status/msg/detail/led_state__functions.h
-- Up-to-date: /home/thieulong/ROS2-WorkSpace/install/battery_status/include/battery_status/battery_status/msg/detail/led_state__type_support.h
-- Up-to-date: /home/thieulong/ROS2-WorkSpace/install/battery_status/include/battery_status/battery_status/msg/detail/led_state__struct.h
-- Up-to-date: /home/thieulong/ROS2-WorkSpace/install/battery_status/include/battery_status/battery_status/msg/detail/led_state__functions.c
-- Up-to-date: /home/thieulong/ROS2-WorkSpace/install/battery_status/include/battery_status/battery_status/srv
-- Up-to-date: /home/thieulong/ROS2-WorkSpace/install/battery_status/include/battery_status/battery_status/srv/set_led.h
-- Up-to-date: /home/thieulong/ROS2-WorkSpace/install/battery_status/include/battery_status/battery_status/srv/detail
-- Up-to-date: /home/thieulong/ROS2-WorkSpace/install/battery_status/include/battery_status/battery_status/srv/detail/set_led__functions.h
-- Up-to-date: /home/thieulong/ROS2-WorkSpace/install/battery_status/include/battery_status/battery_status/srv/detail/set_led__type_support.h
-- Up-to-date: /home/thieulong/ROS2-WorkSpace/install/battery_status/include/battery_status/battery_status/srv/detail/set_led__functions.c
-- Up-to-date: /home/thieulong/ROS2-WorkSpace/install/battery_status/include/battery_status/battery_status/srv/detail/set_led__struct.h
-- Up-to-date: /home/thieulong/ROS2-WorkSpace/install/battery_status/share/battery_status/environment/library_path.sh
-- Up-to-date: /home/thieulong/ROS2-WorkSpace/install/battery_status/share/battery_status/environment/library_path.dsv
-- Up-to-date: /home/thieulong/ROS2-WorkSpace/install/battery_status/lib/libbattery_status__rosidl_generator_c.so
-- Up-to-date: /home/thieulong/ROS2-WorkSpace/install/battery_status/include/battery_status/battery_status
-- Up-to-date: /home/thieulong/ROS2-WorkSpace/install/battery_status/include/battery_status/battery_status/msg
-- Up-to-date: /home/thieulong/ROS2-WorkSpace/install/battery_status/include/battery_status/battery_status/msg/rosidl_typesupport_fastrtps_c__visibility_control.h
-- Up-to-date: /home/thieulong/ROS2-WorkSpace/install/battery_status/include/battery_status/battery_status/msg/detail
-- Up-to-date: /home/thieulong/ROS2-WorkSpace/install/battery_status/include/battery_status/battery_status/msg/detail/led_state__rosidl_typesupport_fastrtps_c.h
-- Up-to-date: /home/thieulong/ROS2-WorkSpace/install/battery_status/include/battery_status/battery_status/srv
-- Up-to-date: /home/thieulong/ROS2-WorkSpace/install/battery_status/include/battery_status/battery_status/srv/detail
-- Up-to-date: /home/thieulong/ROS2-WorkSpace/install/battery_status/include/battery_status/battery_status/srv/detail/set_led__rosidl_typesupport_fastrtps_c.h
-- Up-to-date: /home/thieulong/ROS2-WorkSpace/install/battery_status/lib/libbattery_status__rosidl_typesupport_fastrtps_c.so
-- Up-to-date: /home/thieulong/ROS2-WorkSpace/install/battery_status/include/battery_status/battery_status
-- Up-to-date: /home/thieulong/ROS2-WorkSpace/install/battery_status/include/battery_status/battery_status/msg
-- Up-to-date: /home/thieulong/ROS2-WorkSpace/install/battery_status/include/battery_status/battery_status/msg/detail
-- Up-to-date: /home/thieulong/ROS2-WorkSpace/install/battery_status/include/battery_status/battery_status/msg/detail/led_state__rosidl_typesupport_introspection_c.h
-- Up-to-date: /home/thieulong/ROS2-WorkSpace/install/battery_status/include/battery_status/battery_status/msg/detail/led_state__type_support.c
-- Up-to-date: /home/thieulong/ROS2-WorkSpace/install/battery_status/include/battery_status/battery_status/msg/rosidl_typesupport_introspection_c__visibility_control.h
-- Up-to-date: /home/thieulong/ROS2-WorkSpace/install/battery_status/include/battery_status/battery_status/srv
-- Up-to-date: /home/thieulong/ROS2-WorkSpace/install/battery_status/include/battery_status/battery_status/srv/detail
-- Up-to-date: /home/thieulong/ROS2-WorkSpace/install/battery_status/include/battery_status/battery_status/srv/detail/set_led__rosidl_typesupport_introspection_c.h
-- Up-to-date: /home/thieulong/ROS2-WorkSpace/install/battery_status/include/battery_status/battery_status/srv/detail/set_led__type_support.c
-- Up-to-date: /home/thieulong/ROS2-WorkSpace/install/battery_status/lib/libbattery_status__rosidl_typesupport_introspection_c.so
-- Up-to-date: /home/thieulong/ROS2-WorkSpace/install/battery_status/lib/libbattery_status__rosidl_typesupport_c.so
-- Up-to-date: /home/thieulong/ROS2-WorkSpace/install/battery_status/include/battery_status/battery_status
-- Up-to-date: /home/thieulong/ROS2-WorkSpace/install/battery_status/include/battery_status/battery_status/msg
-- Up-to-date: /home/thieulong/ROS2-WorkSpace/install/battery_status/include/battery_status/battery_status/msg/detail
-- Up-to-date: /home/thieulong/ROS2-WorkSpace/install/battery_status/include/battery_status/battery_status/msg/detail/led_state__traits.hpp
-- Up-to-date: /home/thieulong/ROS2-WorkSpace/install/battery_status/include/battery_status/battery_status/msg/detail/led_state__builder.hpp
-- Up-to-date: /home/thieulong/ROS2-WorkSpace/install/battery_status/include/battery_status/battery_status/msg/detail/led_state__struct.hpp
-- Up-to-date: /home/thieulong/ROS2-WorkSpace/install/battery_status/include/battery_status/battery_status/msg/led_state.hpp
-- Up-to-date: /home/thieulong/ROS2-WorkSpace/install/battery_status/include/battery_status/battery_status/srv
-- Up-to-date: /home/thieulong/ROS2-WorkSpace/install/battery_status/include/battery_status/battery_status/srv/detail
-- Up-to-date: /home/thieulong/ROS2-WorkSpace/install/battery_status/include/battery_status/battery_status/srv/detail/set_led__struct.hpp
-- Up-to-date: /home/thieulong/ROS2-WorkSpace/install/battery_status/include/battery_status/battery_status/srv/detail/set_led__traits.hpp
-- Up-to-date: /home/thieulong/ROS2-WorkSpace/install/battery_status/include/battery_status/battery_status/srv/detail/set_led__builder.hpp
-- Up-to-date: /home/thieulong/ROS2-WorkSpace/install/battery_status/include/battery_status/battery_status/srv/set_led.hpp
-- Up-to-date: /home/thieulong/ROS2-WorkSpace/install/battery_status/include/battery_status/battery_status
-- Up-to-date: /home/thieulong/ROS2-WorkSpace/install/battery_status/include/battery_status/battery_status/msg
-- Up-to-date: /home/thieulong/ROS2-WorkSpace/install/battery_status/include/battery_status/battery_status/msg/rosidl_typesupport_fastrtps_cpp__visibility_control.h
-- Up-to-date: /home/thieulong/ROS2-WorkSpace/install/battery_status/include/battery_status/battery_status/msg/detail
-- Up-to-date: /home/thieulong/ROS2-WorkSpace/install/battery_status/include/battery_status/battery_status/msg/detail/dds_fastrtps
-- Up-to-date: /home/thieulong/ROS2-WorkSpace/install/battery_status/include/battery_status/battery_status/msg/detail/led_state__rosidl_typesupport_fastrtps_cpp.hpp
-- Up-to-date: /home/thieulong/ROS2-WorkSpace/install/battery_status/include/battery_status/battery_status/srv
-- Up-to-date: /home/thieulong/ROS2-WorkSpace/install/battery_status/include/battery_status/battery_status/srv/detail
-- Up-to-date: /home/thieulong/ROS2-WorkSpace/install/battery_status/include/battery_status/battery_status/srv/detail/dds_fastrtps
-- Up-to-date: /home/thieulong/ROS2-WorkSpace/install/battery_status/include/battery_status/battery_status/srv/detail/set_led__rosidl_typesupport_fastrtps_cpp.hpp
-- Up-to-date: /home/thieulong/ROS2-WorkSpace/install/battery_status/lib/libbattery_status__rosidl_typesupport_fastrtps_cpp.so
-- Up-to-date: /home/thieulong/ROS2-WorkSpace/install/battery_status/include/battery_status/battery_status
-- Up-to-date: /home/thieulong/ROS2-WorkSpace/install/battery_status/include/battery_status/battery_status/msg
-- Up-to-date: /home/thieulong/ROS2-WorkSpace/install/battery_status/include/battery_status/battery_status/msg/detail
-- Up-to-date: /home/thieulong/ROS2-WorkSpace/install/battery_status/include/battery_status/battery_status/msg/detail/led_state__type_support.cpp
-- Up-to-date: /home/thieulong/ROS2-WorkSpace/install/battery_status/include/battery_status/battery_status/msg/detail/led_state__rosidl_typesupport_introspection_cpp.hpp
-- Up-to-date: /home/thieulong/ROS2-WorkSpace/install/battery_status/include/battery_status/battery_status/srv
-- Up-to-date: /home/thieulong/ROS2-WorkSpace/install/battery_status/include/battery_status/battery_status/srv/detail
-- Up-to-date: /home/thieulong/ROS2-WorkSpace/install/battery_status/include/battery_status/battery_status/srv/detail/set_led__type_support.cpp
-- Up-to-date: /home/thieulong/ROS2-WorkSpace/install/battery_status/include/battery_status/battery_status/srv/detail/set_led__rosidl_typesupport_introspection_cpp.hpp
-- Up-to-date: /home/thieulong/ROS2-WorkSpace/install/battery_status/lib/libbattery_status__rosidl_typesupport_introspection_cpp.so
-- Up-to-date: /home/thieulong/ROS2-WorkSpace/install/battery_status/lib/libbattery_status__rosidl_typesupport_cpp.so
-- Up-to-date: /home/thieulong/ROS2-WorkSpace/install/battery_status/share/battery_status/environment/pythonpath.sh
-- Up-to-date: /home/thieulong/ROS2-WorkSpace/install/battery_status/share/battery_status/environment/pythonpath.dsv
-- Up-to-date: /home/thieulong/ROS2-WorkSpace/install/battery_status/local/lib/python3.10/dist-packages/battery_status-0.0.0-py3.10.egg-info
-- Installing: /home/thieulong/ROS2-WorkSpace/install/battery_status/local/lib/python3.10/dist-packages/battery_status-0.0.0-py3.10.egg-info/PKG-INFO
-- Installing: /home/thieulong/ROS2-WorkSpace/install/battery_status/local/lib/python3.10/dist-packages/battery_status-0.0.0-py3.10.egg-info/top_level.txt
-- Installing: /home/thieulong/ROS2-WorkSpace/install/battery_status/local/lib/python3.10/dist-packages/battery_status-0.0.0-py3.10.egg-info/dependency_links.txt
-- Installing: /home/thieulong/ROS2-WorkSpace/install/battery_status/local/lib/python3.10/dist-packages/battery_status-0.0.0-py3.10.egg-info/SOURCES.txt
-- Up-to-date: /home/thieulong/ROS2-WorkSpace/install/battery_status/local/lib/python3.10/dist-packages/battery_status
-- Up-to-date: /home/thieulong/ROS2-WorkSpace/install/battery_status/local/lib/python3.10/dist-packages/battery_status/_battery_status_s.ep.rosidl_typesupport_fastrtps_c.c
-- Up-to-date: /home/thieulong/ROS2-WorkSpace/install/battery_status/local/lib/python3.10/dist-packages/battery_status/msg
-- Up-to-date: /home/thieulong/ROS2-WorkSpace/install/battery_status/local/lib/python3.10/dist-packages/battery_status/msg/_led_state_s.c
-- Up-to-date: /home/thieulong/ROS2-WorkSpace/install/battery_status/local/lib/python3.10/dist-packages/battery_status/msg/_led_state.py
-- Up-to-date: /home/thieulong/ROS2-WorkSpace/install/battery_status/local/lib/python3.10/dist-packages/battery_status/msg/__init__.py
-- Up-to-date: /home/thieulong/ROS2-WorkSpace/install/battery_status/local/lib/python3.10/dist-packages/battery_status/battery_status_s__rosidl_typesupport_c.cpython-310-x86_64-linux-gnu.so
-- Up-to-date: /home/thieulong/ROS2-WorkSpace/install/battery_status/local/lib/python3.10/dist-packages/battery_status/srv
-- Up-to-date: /home/thieulong/ROS2-WorkSpace/install/battery_status/local/lib/python3.10/dist-packages/battery_status/srv/_set_led_s.c
-- Up-to-date: /home/thieulong/ROS2-WorkSpace/install/battery_status/local/lib/python3.10/dist-packages/battery_status/srv/_set_led.py
-- Up-to-date: /home/thieulong/ROS2-WorkSpace/install/battery_status/local/lib/python3.10/dist-packages/battery_status/srv/__init__.py
-- Up-to-date: /home/thieulong/ROS2-WorkSpace/install/battery_status/local/lib/python3.10/dist-packages/battery_status/_battery_status_s.ep.rosidl_typesupport_introspection_c.c
-- Up-to-date: /home/thieulong/ROS2-WorkSpace/install/battery_status/local/lib/python3.10/dist-packages/battery_status/battery_status_s__rosidl_typesupport_introspection_c.cpython-310-x86_64-linux-gnu.so
-- Up-to-date: /home/thieulong/ROS2-WorkSpace/install/battery_status/local/lib/python3.10/dist-packages/battery_status/libbattery_status__rosidl_generator_py.so
-- Up-to-date: /home/thieulong/ROS2-WorkSpace/install/battery_status/local/lib/python3.10/dist-packages/battery_status/battery_status_s__rosidl_typesupport_fastrtps_c.cpython-310-x86_64-linux-gnu.so
-- Up-to-date: /home/thieulong/ROS2-WorkSpace/install/battery_status/local/lib/python3.10/dist-packages/battery_status/__init__.py
-- Up-to-date: /home/thieulong/ROS2-WorkSpace/install/battery_status/local/lib/python3.10/dist-packages/battery_status/_battery_status_s.ep.rosidl_typesupport_c.c
Listing '/home/thieulong/ROS2-WorkSpace/install/battery_status/local/lib/python3.10/dist-packages/battery_status'...
Listing '/home/thieulong/ROS2-WorkSpace/install/battery_status/local/lib/python3.10/dist-packages/battery_status/msg'...
Listing '/home/thieulong/ROS2-WorkSpace/install/battery_status/local/lib/python3.10/dist-packages/battery_status/srv'...
-- Up-to-date: /home/thieulong/ROS2-WorkSpace/install/battery_status/local/lib/python3.10/dist-packages/battery_status/battery_status_s__rosidl_typesupport_fastrtps_c.cpython-310-x86_64-linux-gnu.so
-- Up-to-date: /home/thieulong/ROS2-WorkSpace/install/battery_status/local/lib/python3.10/dist-packages/battery_status/battery_status_s__rosidl_typesupport_introspection_c.cpython-310-x86_64-linux-gnu.so
-- Up-to-date: /home/thieulong/ROS2-WorkSpace/install/battery_status/local/lib/python3.10/dist-packages/battery_status/battery_status_s__rosidl_typesupport_c.cpython-310-x86_64-linux-gnu.so
-- Up-to-date: /home/thieulong/ROS2-WorkSpace/install/battery_status/lib/libbattery_status__rosidl_generator_py.so
-- Up-to-date: /home/thieulong/ROS2-WorkSpace/install/battery_status/share/battery_status/msg/LEDState.idl
-- Up-to-date: /home/thieulong/ROS2-WorkSpace/install/battery_status/share/battery_status/srv/SetLED.idl
-- Up-to-date: /home/thieulong/ROS2-WorkSpace/install/battery_status/share/battery_status/msg/LEDState.msg
-- Up-to-date: /home/thieulong/ROS2-WorkSpace/install/battery_status/share/battery_status/srv/SetLED.srv
-- Up-to-date: /home/thieulong/ROS2-WorkSpace/install/battery_status/share/battery_status/srv/SetLED_Request.msg
-- Up-to-date: /home/thieulong/ROS2-WorkSpace/install/battery_status/share/battery_status/srv/SetLED_Response.msg
-- Up-to-date: /home/thieulong/ROS2-WorkSpace/install/battery_status/share/ament_index/resource_index/package_run_dependencies/battery_status
-- Up-to-date: /home/thieulong/ROS2-WorkSpace/install/battery_status/share/ament_index/resource_index/parent_prefix_path/battery_status
-- Up-to-date: /home/thieulong/ROS2-WorkSpace/install/battery_status/share/battery_status/environment/ament_prefix_path.sh
-- Up-to-date: /home/thieulong/ROS2-WorkSpace/install/battery_status/share/battery_status/environment/ament_prefix_path.dsv
-- Up-to-date: /home/thieulong/ROS2-WorkSpace/install/battery_status/share/battery_status/environment/path.sh
-- Up-to-date: /home/thieulong/ROS2-WorkSpace/install/battery_status/share/battery_status/environment/path.dsv
-- Up-to-date: /home/thieulong/ROS2-WorkSpace/install/battery_status/share/battery_status/local_setup.bash
-- Up-to-date: /home/thieulong/ROS2-WorkSpace/install/battery_status/share/battery_status/local_setup.sh
-- Up-to-date: /home/thieulong/ROS2-WorkSpace/install/battery_status/share/battery_status/local_setup.zsh
-- Up-to-date: /home/thieulong/ROS2-WorkSpace/install/battery_status/share/battery_status/local_setup.dsv
-- Installing: /home/thieulong/ROS2-WorkSpace/install/battery_status/share/battery_status/package.dsv
-- Up-to-date: /home/thieulong/ROS2-WorkSpace/install/battery_status/share/ament_index/resource_index/packages/battery_status
-- Up-to-date: /home/thieulong/ROS2-WorkSpace/install/battery_status/share/battery_status/cmake/export_battery_status__rosidl_generator_cExport.cmake
-- Up-to-date: /home/thieulong/ROS2-WorkSpace/install/battery_status/share/battery_status/cmake/export_battery_status__rosidl_generator_cExport-noconfig.cmake
-- Up-to-date: /home/thieulong/ROS2-WorkSpace/install/battery_status/share/battery_status/cmake/export_battery_status__rosidl_typesupport_fastrtps_cExport.cmake
-- Up-to-date: /home/thieulong/ROS2-WorkSpace/install/battery_status/share/battery_status/cmake/export_battery_status__rosidl_typesupport_fastrtps_cExport-noconfig.cmake
-- Up-to-date: /home/thieulong/ROS2-WorkSpace/install/battery_status/share/battery_status/cmake/battery_status__rosidl_typesupport_introspection_cExport.cmake
-- Up-to-date: /home/thieulong/ROS2-WorkSpace/install/battery_status/share/battery_status/cmake/battery_status__rosidl_typesupport_introspection_cExport-noconfig.cmake
-- Up-to-date: /home/thieulong/ROS2-WorkSpace/install/battery_status/share/battery_status/cmake/battery_status__rosidl_typesupport_cExport.cmake
-- Up-to-date: /home/thieulong/ROS2-WorkSpace/install/battery_status/share/battery_status/cmake/battery_status__rosidl_typesupport_cExport-noconfig.cmake
-- Up-to-date: /home/thieulong/ROS2-WorkSpace/install/battery_status/share/battery_status/cmake/export_battery_status__rosidl_generator_cppExport.cmake
-- Up-to-date: /home/thieulong/ROS2-WorkSpace/install/battery_status/share/battery_status/cmake/export_battery_status__rosidl_typesupport_fastrtps_cppExport.cmake
-- Up-to-date: /home/thieulong/ROS2-WorkSpace/install/battery_status/share/battery_status/cmake/export_battery_status__rosidl_typesupport_fastrtps_cppExport-noconfig.cmake
-- Up-to-date: /home/thieulong/ROS2-WorkSpace/install/battery_status/share/battery_status/cmake/battery_status__rosidl_typesupport_introspection_cppExport.cmake
-- Up-to-date: /home/thieulong/ROS2-WorkSpace/install/battery_status/share/battery_status/cmake/battery_status__rosidl_typesupport_introspection_cppExport-noconfig.cmake
-- Up-to-date: /home/thieulong/ROS2-WorkSpace/install/battery_status/share/battery_status/cmake/battery_status__rosidl_typesupport_cppExport.cmake
-- Up-to-date: /home/thieulong/ROS2-WorkSpace/install/battery_status/share/battery_status/cmake/battery_status__rosidl_typesupport_cppExport-noconfig.cmake
-- Up-to-date: /home/thieulong/ROS2-WorkSpace/install/battery_status/share/battery_status/cmake/export_battery_status__rosidl_generator_pyExport.cmake
-- Up-to-date: /home/thieulong/ROS2-WorkSpace/install/battery_status/share/battery_status/cmake/export_battery_status__rosidl_generator_pyExport-noconfig.cmake
-- Up-to-date: /home/thieulong/ROS2-WorkSpace/install/battery_status/share/battery_status/cmake/rosidl_cmake-extras.cmake
-- Up-to-date: /home/thieulong/ROS2-WorkSpace/install/battery_status/share/battery_status/cmake/ament_cmake_export_include_directories-extras.cmake
-- Up-to-date: /home/thieulong/ROS2-WorkSpace/install/battery_status/share/battery_status/cmake/ament_cmake_export_libraries-extras.cmake
-- Up-to-date: /home/thieulong/ROS2-WorkSpace/install/battery_status/share/battery_status/cmake/ament_cmake_export_targets-extras.cmake
-- Up-to-date: /home/thieulong/ROS2-WorkSpace/install/battery_status/share/battery_status/cmake/rosidl_cmake_export_typesupport_targets-extras.cmake
-- Up-to-date: /home/thieulong/ROS2-WorkSpace/install/battery_status/share/battery_status/cmake/ament_cmake_export_dependencies-extras.cmake
-- Up-to-date: /home/thieulong/ROS2-WorkSpace/install/battery_status/share/battery_status/cmake/rosidl_cmake_export_typesupport_libraries-extras.cmake
-- Up-to-date: /home/thieulong/ROS2-WorkSpace/install/battery_status/share/battery_status/cmake/battery_statusConfig.cmake
-- Up-to-date: /home/thieulong/ROS2-WorkSpace/install/battery_status/share/battery_status/cmake/battery_statusConfig-version.cmake
-- Up-to-date: /home/thieulong/ROS2-WorkSpace/install/battery_status/share/battery_status/package.xml
