[0.255s] Invoking command in '/home/thieulong/ROS2-WorkSpace/build/battery_status': CMAKE_PREFIX_PATH=${CMAKE_PREFIX_PATH}:/home/thieulong/ROS2-WorkSpace/install/my_py_pkg:/opt/ros/humble /usr/bin/cmake --build /home/thieulong/ROS2-WorkSpace/build/battery_status -- -j8 -l8
[0.341s] [35m[1mConsolidate compiler generated dependencies of target battery_status__rosidl_generator_c[0m
[0.365s] [  2%] Built target battery_status__cpp
[0.375s] [ 12%] Built target battery_status__rosidl_generator_c
[0.377s] [ 12%] Built target ament_cmake_python_copy_battery_status
[0.395s] [35m[1mConsolidate compiler generated dependencies of target battery_status__rosidl_typesupport_fastrtps_cpp[0m
[0.396s] [35m[1mConsolidate compiler generated dependencies of target battery_status__rosidl_typesupport_cpp[0m
[0.406s] [35m[1mConsolidate compiler generated dependencies of target battery_status__rosidl_typesupport_introspection_cpp[0m
[0.406s] [35m[1mConsolidate compiler generated dependencies of target battery_status__rosidl_typesupport_fastrtps_c[0m
[0.426s] [35m[1mConsolidate compiler generated dependencies of target battery_status__rosidl_typesupport_c[0m
[0.428s] [35m[1mConsolidate compiler generated dependencies of target battery_status__rosidl_typesupport_introspection_c[0m
[0.450s] [ 33%] Built target battery_status__rosidl_typesupport_fastrtps_cpp
[0.451s] [ 33%] Built target battery_status__rosidl_typesupport_cpp
[0.459s] [ 43%] Built target battery_status__rosidl_typesupport_c
[0.464s] [ 53%] Built target battery_status__rosidl_typesupport_introspection_c
[0.467s] [ 64%] Built target battery_status__rosidl_typesupport_introspection_cpp
[0.473s] [ 74%] Built target battery_status__rosidl_typesupport_fastrtps_c
[0.508s] [ 74%] Built target battery_status
[0.544s] [ 76%] Built target battery_status__py
[0.561s] [35m[1mConsolidate compiler generated dependencies of target battery_status__rosidl_generator_py[0m
[0.590s] [ 84%] Built target battery_status__rosidl_generator_py
[0.623s] [35m[1mConsolidate compiler generated dependencies of target battery_status__rosidl_typesupport_fastrtps_c__pyext[0m
[0.645s] [35m[1mConsolidate compiler generated dependencies of target battery_status__rosidl_typesupport_c__pyext[0m
[0.651s] [ 89%] Built target battery_status__rosidl_typesupport_fastrtps_c__pyext
[0.653s] [35m[1mConsolidate compiler generated dependencies of target battery_status__rosidl_typesupport_introspection_c__pyext[0m
[0.679s] [ 94%] Built target battery_status__rosidl_typesupport_c__pyext
[0.684s] [100%] Built target battery_status__rosidl_typesupport_introspection_c__pyext
[1.092s] running egg_info
[1.093s] writing battery_status.egg-info/PKG-INFO
[1.093s] writing dependency_links to battery_status.egg-info/dependency_links.txt
[1.093s] writing top-level names to battery_status.egg-info/top_level.txt
[1.123s] reading manifest file 'battery_status.egg-info/SOURCES.txt'
[1.124s] writing manifest file 'battery_status.egg-info/SOURCES.txt'
[1.241s] [100%] Built target ament_cmake_python_build_battery_status_egg
[1.262s] Invoked command in '/home/thieulong/ROS2-WorkSpace/build/battery_status' returned '0': CMAKE_PREFIX_PATH=${CMAKE_PREFIX_PATH}:/home/thieulong/ROS2-WorkSpace/install/my_py_pkg:/opt/ros/humble /usr/bin/cmake --build /home/thieulong/ROS2-WorkSpace/build/battery_status -- -j8 -l8
[1.421s] Invoking command in '/home/thieulong/ROS2-WorkSpace/build/battery_status': CMAKE_PREFIX_PATH=${CMAKE_PREFIX_PATH}:/home/thieulong/ROS2-WorkSpace/install/my_py_pkg:/opt/ros/humble /usr/bin/cmake --install /home/thieulong/ROS2-WorkSpace/build/battery_status
[1.448s] -- Install configuration: ""
[1.448s] -- Up-to-date: /home/thieulong/ROS2-WorkSpace/install/battery_status/share/ament_index/resource_index/rosidl_interfaces/battery_status
[1.449s] -- Up-to-date: /home/thieulong/ROS2-WorkSpace/install/battery_status/include/battery_status/battery_status
[1.449s] -- Up-to-date: /home/thieulong/ROS2-WorkSpace/install/battery_status/include/battery_status/battery_status/msg
[1.450s] -- Up-to-date: /home/thieulong/ROS2-WorkSpace/install/battery_status/include/battery_status/battery_status/msg/led_state.h
[1.450s] -- Up-to-date: /home/thieulong/ROS2-WorkSpace/install/battery_status/include/battery_status/battery_status/msg/rosidl_generator_c__visibility_control.h
[1.450s] -- Up-to-date: /home/thieulong/ROS2-WorkSpace/install/battery_status/include/battery_status/battery_status/msg/detail
[1.450s] -- Up-to-date: /home/thieulong/ROS2-WorkSpace/install/battery_status/include/battery_status/battery_status/msg/detail/led_state__functions.h
[1.450s] -- Up-to-date: /home/thieulong/ROS2-WorkSpace/install/battery_status/include/battery_status/battery_status/msg/detail/led_state__type_support.h
[1.450s] -- Up-to-date: /home/thieulong/ROS2-WorkSpace/install/battery_status/include/battery_status/battery_status/msg/detail/led_state__struct.h
[1.451s] -- Up-to-date: /home/thieulong/ROS2-WorkSpace/install/battery_status/include/battery_status/battery_status/msg/detail/led_state__functions.c
[1.451s] -- Up-to-date: /home/thieulong/ROS2-WorkSpace/install/battery_status/include/battery_status/battery_status/srv
[1.451s] -- Up-to-date: /home/thieulong/ROS2-WorkSpace/install/battery_status/include/battery_status/battery_status/srv/set_led.h
[1.451s] -- Up-to-date: /home/thieulong/ROS2-WorkSpace/install/battery_status/include/battery_status/battery_status/srv/detail
[1.453s] -- Up-to-date: /home/thieulong/ROS2-WorkSpace/install/battery_status/include/battery_status/battery_status/srv/detail/set_led__functions.h
[1.453s] -- Up-to-date: /home/thieulong/ROS2-WorkSpace/install/battery_status/include/battery_status/battery_status/srv/detail/set_led__type_support.h
[1.453s] -- Up-to-date: /home/thieulong/ROS2-WorkSpace/install/battery_status/include/battery_status/battery_status/srv/detail/set_led__functions.c
[1.453s] -- Up-to-date: /home/thieulong/ROS2-WorkSpace/install/battery_status/include/battery_status/battery_status/srv/detail/set_led__struct.h
[1.453s] -- Up-to-date: /home/thieulong/ROS2-WorkSpace/install/battery_status/share/battery_status/environment/library_path.sh
[1.454s] -- Up-to-date: /home/thieulong/ROS2-WorkSpace/install/battery_status/share/battery_status/environment/library_path.dsv
[1.454s] -- Up-to-date: /home/thieulong/ROS2-WorkSpace/install/battery_status/lib/libbattery_status__rosidl_generator_c.so
[1.454s] -- Up-to-date: /home/thieulong/ROS2-WorkSpace/install/battery_status/include/battery_status/battery_status
[1.454s] -- Up-to-date: /home/thieulong/ROS2-WorkSpace/install/battery_status/include/battery_status/battery_status/msg
[1.455s] -- Up-to-date: /home/thieulong/ROS2-WorkSpace/install/battery_status/include/battery_status/battery_status/msg/rosidl_typesupport_fastrtps_c__visibility_control.h
[1.455s] -- Up-to-date: /home/thieulong/ROS2-WorkSpace/install/battery_status/include/battery_status/battery_status/msg/detail
[1.455s] -- Up-to-date: /home/thieulong/ROS2-WorkSpace/install/battery_status/include/battery_status/battery_status/msg/detail/led_state__rosidl_typesupport_fastrtps_c.h
[1.455s] -- Up-to-date: /home/thieulong/ROS2-WorkSpace/install/battery_status/include/battery_status/battery_status/srv
[1.456s] -- Up-to-date: /home/thieulong/ROS2-WorkSpace/install/battery_status/include/battery_status/battery_status/srv/detail
[1.456s] -- Up-to-date: /home/thieulong/ROS2-WorkSpace/install/battery_status/include/battery_status/battery_status/srv/detail/set_led__rosidl_typesupport_fastrtps_c.h
[1.456s] -- Up-to-date: /home/thieulong/ROS2-WorkSpace/install/battery_status/lib/libbattery_status__rosidl_typesupport_fastrtps_c.so
[1.456s] -- Up-to-date: /home/thieulong/ROS2-WorkSpace/install/battery_status/include/battery_status/battery_status
[1.457s] -- Up-to-date: /home/thieulong/ROS2-WorkSpace/install/battery_status/include/battery_status/battery_status/msg
[1.457s] -- Up-to-date: /home/thieulong/ROS2-WorkSpace/install/battery_status/include/battery_status/battery_status/msg/detail
[1.457s] -- Up-to-date: /home/thieulong/ROS2-WorkSpace/install/battery_status/include/battery_status/battery_status/msg/detail/led_state__rosidl_typesupport_introspection_c.h
[1.457s] -- Up-to-date: /home/thieulong/ROS2-WorkSpace/install/battery_status/include/battery_status/battery_status/msg/detail/led_state__type_support.c
[1.457s] -- Up-to-date: /home/thieulong/ROS2-WorkSpace/install/battery_status/include/battery_status/battery_status/msg/rosidl_typesupport_introspection_c__visibility_control.h
[1.457s] -- Up-to-date: /home/thieulong/ROS2-WorkSpace/install/battery_status/include/battery_status/battery_status/srv
[1.458s] -- Up-to-date: /home/thieulong/ROS2-WorkSpace/install/battery_status/include/battery_status/battery_status/srv/detail
[1.458s] -- Up-to-date: /home/thieulong/ROS2-WorkSpace/install/battery_status/include/battery_status/battery_status/srv/detail/set_led__rosidl_typesupport_introspection_c.h
[1.458s] -- Up-to-date: /home/thieulong/ROS2-WorkSpace/install/battery_status/include/battery_status/battery_status/srv/detail/set_led__type_support.c
[1.458s] -- Up-to-date: /home/thieulong/ROS2-WorkSpace/install/battery_status/lib/libbattery_status__rosidl_typesupport_introspection_c.so
[1.459s] -- Up-to-date: /home/thieulong/ROS2-WorkSpace/install/battery_status/lib/libbattery_status__rosidl_typesupport_c.so
[1.459s] -- Up-to-date: /home/thieulong/ROS2-WorkSpace/install/battery_status/include/battery_status/battery_status
[1.459s] -- Up-to-date: /home/thieulong/ROS2-WorkSpace/install/battery_status/include/battery_status/battery_status/msg
[1.459s] -- Up-to-date: /home/thieulong/ROS2-WorkSpace/install/battery_status/include/battery_status/battery_status/msg/detail
[1.459s] -- Up-to-date: /home/thieulong/ROS2-WorkSpace/install/battery_status/include/battery_status/battery_status/msg/detail/led_state__traits.hpp
[1.460s] -- Up-to-date: /home/thieulong/ROS2-WorkSpace/install/battery_status/include/battery_status/battery_status/msg/detail/led_state__builder.hpp
[1.460s] -- Up-to-date: /home/thieulong/ROS2-WorkSpace/install/battery_status/include/battery_status/battery_status/msg/detail/led_state__struct.hpp
[1.460s] -- Up-to-date: /home/thieulong/ROS2-WorkSpace/install/battery_status/include/battery_status/battery_status/msg/led_state.hpp
[1.460s] -- Up-to-date: /home/thieulong/ROS2-WorkSpace/install/battery_status/include/battery_status/battery_status/srv
[1.460s] -- Up-to-date: /home/thieulong/ROS2-WorkSpace/install/battery_status/include/battery_status/battery_status/srv/detail
[1.460s] -- Up-to-date: /home/thieulong/ROS2-WorkSpace/install/battery_status/include/battery_status/battery_status/srv/detail/set_led__struct.hpp
[1.460s] -- Up-to-date: /home/thieulong/ROS2-WorkSpace/install/battery_status/include/battery_status/battery_status/srv/detail/set_led__traits.hpp
[1.460s] -- Up-to-date: /home/thieulong/ROS2-WorkSpace/install/battery_status/include/battery_status/battery_status/srv/detail/set_led__builder.hpp
[1.461s] -- Up-to-date: /home/thieulong/ROS2-WorkSpace/install/battery_status/include/battery_status/battery_status/srv/set_led.hpp
[1.461s] -- Up-to-date: /home/thieulong/ROS2-WorkSpace/install/battery_status/include/battery_status/battery_status
[1.461s] -- Up-to-date: /home/thieulong/ROS2-WorkSpace/install/battery_status/include/battery_status/battery_status/msg
[1.461s] -- Up-to-date: /home/thieulong/ROS2-WorkSpace/install/battery_status/include/battery_status/battery_status/msg/rosidl_typesupport_fastrtps_cpp__visibility_control.h
[1.461s] -- Up-to-date: /home/thieulong/ROS2-WorkSpace/install/battery_status/include/battery_status/battery_status/msg/detail
[1.461s] -- Up-to-date: /home/thieulong/ROS2-WorkSpace/install/battery_status/include/battery_status/battery_status/msg/detail/dds_fastrtps
[1.461s] -- Up-to-date: /home/thieulong/ROS2-WorkSpace/install/battery_status/include/battery_status/battery_status/msg/detail/led_state__rosidl_typesupport_fastrtps_cpp.hpp
[1.461s] -- Up-to-date: /home/thieulong/ROS2-WorkSpace/install/battery_status/include/battery_status/battery_status/srv
[1.461s] -- Up-to-date: /home/thieulong/ROS2-WorkSpace/install/battery_status/include/battery_status/battery_status/srv/detail
[1.462s] -- Up-to-date: /home/thieulong/ROS2-WorkSpace/install/battery_status/include/battery_status/battery_status/srv/detail/dds_fastrtps
[1.462s] -- Up-to-date: /home/thieulong/ROS2-WorkSpace/install/battery_status/include/battery_status/battery_status/srv/detail/set_led__rosidl_typesupport_fastrtps_cpp.hpp
[1.462s] -- Up-to-date: /home/thieulong/ROS2-WorkSpace/install/battery_status/lib/libbattery_status__rosidl_typesupport_fastrtps_cpp.so
[1.462s] -- Up-to-date: /home/thieulong/ROS2-WorkSpace/install/battery_status/include/battery_status/battery_status
[1.462s] -- Up-to-date: /home/thieulong/ROS2-WorkSpace/install/battery_status/include/battery_status/battery_status/msg
[1.462s] -- Up-to-date: /home/thieulong/ROS2-WorkSpace/install/battery_status/include/battery_status/battery_status/msg/detail
[1.462s] -- Up-to-date: /home/thieulong/ROS2-WorkSpace/install/battery_status/include/battery_status/battery_status/msg/detail/led_state__type_support.cpp
[1.462s] -- Up-to-date: /home/thieulong/ROS2-WorkSpace/install/battery_status/include/battery_status/battery_status/msg/detail/led_state__rosidl_typesupport_introspection_cpp.hpp
[1.462s] -- Up-to-date: /home/thieulong/ROS2-WorkSpace/install/battery_status/include/battery_status/battery_status/srv
[1.463s] -- Up-to-date: /home/thieulong/ROS2-WorkSpace/install/battery_status/include/battery_status/battery_status/srv/detail
[1.463s] -- Up-to-date: /home/thieulong/ROS2-WorkSpace/install/battery_status/include/battery_status/battery_status/srv/detail/set_led__type_support.cpp
[1.463s] -- Up-to-date: /home/thieulong/ROS2-WorkSpace/install/battery_status/include/battery_status/battery_status/srv/detail/set_led__rosidl_typesupport_introspection_cpp.hpp
[1.466s] -- Up-to-date: /home/thieulong/ROS2-WorkSpace/install/battery_status/lib/libbattery_status__rosidl_typesupport_introspection_cpp.so
[1.468s] -- Up-to-date: /home/thieulong/ROS2-WorkSpace/install/battery_status/lib/libbattery_status__rosidl_typesupport_cpp.so
[1.469s] -- Up-to-date: /home/thieulong/ROS2-WorkSpace/install/battery_status/share/battery_status/environment/pythonpath.sh
[1.469s] -- Up-to-date: /home/thieulong/ROS2-WorkSpace/install/battery_status/share/battery_status/environment/pythonpath.dsv
[1.470s] -- Up-to-date: /home/thieulong/ROS2-WorkSpace/install/battery_status/local/lib/python3.10/dist-packages/battery_status-0.0.0-py3.10.egg-info
[1.471s] -- Installing: /home/thieulong/ROS2-WorkSpace/install/battery_status/local/lib/python3.10/dist-packages/battery_status-0.0.0-py3.10.egg-info/PKG-INFO
[1.472s] -- Installing: /home/thieulong/ROS2-WorkSpace/install/battery_status/local/lib/python3.10/dist-packages/battery_status-0.0.0-py3.10.egg-info/top_level.txt
[1.473s] -- Installing: /home/thieulong/ROS2-WorkSpace/install/battery_status/local/lib/python3.10/dist-packages/battery_status-0.0.0-py3.10.egg-info/dependency_links.txt
[1.474s] -- Installing: /home/thieulong/ROS2-WorkSpace/install/battery_status/local/lib/python3.10/dist-packages/battery_status-0.0.0-py3.10.egg-info/SOURCES.txt
[1.475s] -- Up-to-date: /home/thieulong/ROS2-WorkSpace/install/battery_status/local/lib/python3.10/dist-packages/battery_status
[1.475s] -- Up-to-date: /home/thieulong/ROS2-WorkSpace/install/battery_status/local/lib/python3.10/dist-packages/battery_status/_battery_status_s.ep.rosidl_typesupport_fastrtps_c.c
[1.476s] -- Up-to-date: /home/thieulong/ROS2-WorkSpace/install/battery_status/local/lib/python3.10/dist-packages/battery_status/msg
[1.476s] -- Up-to-date: /home/thieulong/ROS2-WorkSpace/install/battery_status/local/lib/python3.10/dist-packages/battery_status/msg/_led_state_s.c
[1.476s] -- Up-to-date: /home/thieulong/ROS2-WorkSpace/install/battery_status/local/lib/python3.10/dist-packages/battery_status/msg/_led_state.py
[1.476s] -- Up-to-date: /home/thieulong/ROS2-WorkSpace/install/battery_status/local/lib/python3.10/dist-packages/battery_status/msg/__init__.py
[1.476s] -- Up-to-date: /home/thieulong/ROS2-WorkSpace/install/battery_status/local/lib/python3.10/dist-packages/battery_status/battery_status_s__rosidl_typesupport_c.cpython-310-x86_64-linux-gnu.so
[1.476s] -- Up-to-date: /home/thieulong/ROS2-WorkSpace/install/battery_status/local/lib/python3.10/dist-packages/battery_status/srv
[1.477s] -- Up-to-date: /home/thieulong/ROS2-WorkSpace/install/battery_status/local/lib/python3.10/dist-packages/battery_status/srv/_set_led_s.c
[1.477s] -- Up-to-date: /home/thieulong/ROS2-WorkSpace/install/battery_status/local/lib/python3.10/dist-packages/battery_status/srv/_set_led.py
[1.477s] -- Up-to-date: /home/thieulong/ROS2-WorkSpace/install/battery_status/local/lib/python3.10/dist-packages/battery_status/srv/__init__.py
[1.477s] -- Up-to-date: /home/thieulong/ROS2-WorkSpace/install/battery_status/local/lib/python3.10/dist-packages/battery_status/_battery_status_s.ep.rosidl_typesupport_introspection_c.c
[1.478s] -- Up-to-date: /home/thieulong/ROS2-WorkSpace/install/battery_status/local/lib/python3.10/dist-packages/battery_status/battery_status_s__rosidl_typesupport_introspection_c.cpython-310-x86_64-linux-gnu.so
[1.478s] -- Up-to-date: /home/thieulong/ROS2-WorkSpace/install/battery_status/local/lib/python3.10/dist-packages/battery_status/libbattery_status__rosidl_generator_py.so
[1.478s] -- Up-to-date: /home/thieulong/ROS2-WorkSpace/install/battery_status/local/lib/python3.10/dist-packages/battery_status/battery_status_s__rosidl_typesupport_fastrtps_c.cpython-310-x86_64-linux-gnu.so
[1.478s] -- Up-to-date: /home/thieulong/ROS2-WorkSpace/install/battery_status/local/lib/python3.10/dist-packages/battery_status/__init__.py
[1.478s] -- Up-to-date: /home/thieulong/ROS2-WorkSpace/install/battery_status/local/lib/python3.10/dist-packages/battery_status/_battery_status_s.ep.rosidl_typesupport_c.c
[1.558s] Listing '/home/thieulong/ROS2-WorkSpace/install/battery_status/local/lib/python3.10/dist-packages/battery_status'...
[1.558s] Listing '/home/thieulong/ROS2-WorkSpace/install/battery_status/local/lib/python3.10/dist-packages/battery_status/msg'...
[1.558s] Listing '/home/thieulong/ROS2-WorkSpace/install/battery_status/local/lib/python3.10/dist-packages/battery_status/srv'...
[1.570s] -- Up-to-date: /home/thieulong/ROS2-WorkSpace/install/battery_status/local/lib/python3.10/dist-packages/battery_status/battery_status_s__rosidl_typesupport_fastrtps_c.cpython-310-x86_64-linux-gnu.so
[1.571s] -- Up-to-date: /home/thieulong/ROS2-WorkSpace/install/battery_status/local/lib/python3.10/dist-packages/battery_status/battery_status_s__rosidl_typesupport_introspection_c.cpython-310-x86_64-linux-gnu.so
[1.572s] -- Up-to-date: /home/thieulong/ROS2-WorkSpace/install/battery_status/local/lib/python3.10/dist-packages/battery_status/battery_status_s__rosidl_typesupport_c.cpython-310-x86_64-linux-gnu.so
[1.573s] -- Up-to-date: /home/thieulong/ROS2-WorkSpace/install/battery_status/lib/libbattery_status__rosidl_generator_py.so
[1.573s] -- Up-to-date: /home/thieulong/ROS2-WorkSpace/install/battery_status/share/battery_status/msg/LEDState.idl
[1.573s] -- Up-to-date: /home/thieulong/ROS2-WorkSpace/install/battery_status/share/battery_status/srv/SetLED.idl
[1.574s] -- Up-to-date: /home/thieulong/ROS2-WorkSpace/install/battery_status/share/battery_status/msg/LEDState.msg
[1.574s] -- Up-to-date: /home/thieulong/ROS2-WorkSpace/install/battery_status/share/battery_status/srv/SetLED.srv
[1.574s] -- Up-to-date: /home/thieulong/ROS2-WorkSpace/install/battery_status/share/battery_status/srv/SetLED_Request.msg
[1.574s] -- Up-to-date: /home/thieulong/ROS2-WorkSpace/install/battery_status/share/battery_status/srv/SetLED_Response.msg
[1.574s] -- Up-to-date: /home/thieulong/ROS2-WorkSpace/install/battery_status/share/ament_index/resource_index/package_run_dependencies/battery_status
[1.574s] -- Up-to-date: /home/thieulong/ROS2-WorkSpace/install/battery_status/share/ament_index/resource_index/parent_prefix_path/battery_status
[1.576s] -- Up-to-date: /home/thieulong/ROS2-WorkSpace/install/battery_status/share/battery_status/environment/ament_prefix_path.sh
[1.576s] -- Up-to-date: /home/thieulong/ROS2-WorkSpace/install/battery_status/share/battery_status/environment/ament_prefix_path.dsv
[1.576s] -- Up-to-date: /home/thieulong/ROS2-WorkSpace/install/battery_status/share/battery_status/environment/path.sh
[1.576s] -- Up-to-date: /home/thieulong/ROS2-WorkSpace/install/battery_status/share/battery_status/environment/path.dsv
[1.577s] -- Up-to-date: /home/thieulong/ROS2-WorkSpace/install/battery_status/share/battery_status/local_setup.bash
[1.577s] -- Up-to-date: /home/thieulong/ROS2-WorkSpace/install/battery_status/share/battery_status/local_setup.sh
[1.577s] -- Up-to-date: /home/thieulong/ROS2-WorkSpace/install/battery_status/share/battery_status/local_setup.zsh
[1.577s] -- Up-to-date: /home/thieulong/ROS2-WorkSpace/install/battery_status/share/battery_status/local_setup.dsv
[1.577s] -- Installing: /home/thieulong/ROS2-WorkSpace/install/battery_status/share/battery_status/package.dsv
[1.577s] -- Up-to-date: /home/thieulong/ROS2-WorkSpace/install/battery_status/share/ament_index/resource_index/packages/battery_status
[1.577s] -- Up-to-date: /home/thieulong/ROS2-WorkSpace/install/battery_status/share/battery_status/cmake/export_battery_status__rosidl_generator_cExport.cmake
[1.577s] -- Up-to-date: /home/thieulong/ROS2-WorkSpace/install/battery_status/share/battery_status/cmake/export_battery_status__rosidl_generator_cExport-noconfig.cmake
[1.578s] -- Up-to-date: /home/thieulong/ROS2-WorkSpace/install/battery_status/share/battery_status/cmake/export_battery_status__rosidl_typesupport_fastrtps_cExport.cmake
[1.578s] -- Up-to-date: /home/thieulong/ROS2-WorkSpace/install/battery_status/share/battery_status/cmake/export_battery_status__rosidl_typesupport_fastrtps_cExport-noconfig.cmake
[1.579s] -- Up-to-date: /home/thieulong/ROS2-WorkSpace/install/battery_status/share/battery_status/cmake/battery_status__rosidl_typesupport_introspection_cExport.cmake
[1.579s] -- Up-to-date: /home/thieulong/ROS2-WorkSpace/install/battery_status/share/battery_status/cmake/battery_status__rosidl_typesupport_introspection_cExport-noconfig.cmake
[1.579s] -- Up-to-date: /home/thieulong/ROS2-WorkSpace/install/battery_status/share/battery_status/cmake/battery_status__rosidl_typesupport_cExport.cmake
[1.579s] -- Up-to-date: /home/thieulong/ROS2-WorkSpace/install/battery_status/share/battery_status/cmake/battery_status__rosidl_typesupport_cExport-noconfig.cmake
[1.580s] -- Up-to-date: /home/thieulong/ROS2-WorkSpace/install/battery_status/share/battery_status/cmake/export_battery_status__rosidl_generator_cppExport.cmake
[1.580s] -- Up-to-date: /home/thieulong/ROS2-WorkSpace/install/battery_status/share/battery_status/cmake/export_battery_status__rosidl_typesupport_fastrtps_cppExport.cmake
[1.580s] -- Up-to-date: /home/thieulong/ROS2-WorkSpace/install/battery_status/share/battery_status/cmake/export_battery_status__rosidl_typesupport_fastrtps_cppExport-noconfig.cmake
[1.581s] -- Up-to-date: /home/thieulong/ROS2-WorkSpace/install/battery_status/share/battery_status/cmake/battery_status__rosidl_typesupport_introspection_cppExport.cmake
[1.581s] -- Up-to-date: /home/thieulong/ROS2-WorkSpace/install/battery_status/share/battery_status/cmake/battery_status__rosidl_typesupport_introspection_cppExport-noconfig.cmake
[1.582s] -- Up-to-date: /home/thieulong/ROS2-WorkSpace/install/battery_status/share/battery_status/cmake/battery_status__rosidl_typesupport_cppExport.cmake
[1.582s] -- Up-to-date: /home/thieulong/ROS2-WorkSpace/install/battery_status/share/battery_status/cmake/battery_status__rosidl_typesupport_cppExport-noconfig.cmake
[1.589s] -- Up-to-date: /home/thieulong/ROS2-WorkSpace/install/battery_status/share/battery_status/cmake/export_battery_status__rosidl_generator_pyExport.cmake
[1.590s] -- Up-to-date: /home/thieulong/ROS2-WorkSpace/install/battery_status/share/battery_status/cmake/export_battery_status__rosidl_generator_pyExport-noconfig.cmake
[1.590s] -- Up-to-date: /home/thieulong/ROS2-WorkSpace/install/battery_status/share/battery_status/cmake/rosidl_cmake-extras.cmake
[1.590s] -- Up-to-date: /home/thieulong/ROS2-WorkSpace/install/battery_status/share/battery_status/cmake/ament_cmake_export_include_directories-extras.cmake
[1.590s] -- Up-to-date: /home/thieulong/ROS2-WorkSpace/install/battery_status/share/battery_status/cmake/ament_cmake_export_libraries-extras.cmake
[1.591s] -- Up-to-date: /home/thieulong/ROS2-WorkSpace/install/battery_status/share/battery_status/cmake/ament_cmake_export_targets-extras.cmake
[1.592s] -- Up-to-date: /home/thieulong/ROS2-WorkSpace/install/battery_status/share/battery_status/cmake/rosidl_cmake_export_typesupport_targets-extras.cmake
[1.592s] -- Up-to-date: /home/thieulong/ROS2-WorkSpace/install/battery_status/share/battery_status/cmake/ament_cmake_export_dependencies-extras.cmake
[1.593s] -- Up-to-date: /home/thieulong/ROS2-WorkSpace/install/battery_status/share/battery_status/cmake/rosidl_cmake_export_typesupport_libraries-extras.cmake
[1.593s] -- Up-to-date: /home/thieulong/ROS2-WorkSpace/install/battery_status/share/battery_status/cmake/battery_statusConfig.cmake
[1.604s] -- Up-to-date: /home/thieulong/ROS2-WorkSpace/install/battery_status/share/battery_status/cmake/battery_statusConfig-version.cmake
[1.605s] -- Up-to-date: /home/thieulong/ROS2-WorkSpace/install/battery_status/share/battery_status/package.xml
[1.605s] Invoked command in '/home/thieulong/ROS2-WorkSpace/build/battery_status' returned '0': CMAKE_PREFIX_PATH=${CMAKE_PREFIX_PATH}:/home/thieulong/ROS2-WorkSpace/install/my_py_pkg:/opt/ros/humble /usr/bin/cmake --install /home/thieulong/ROS2-WorkSpace/build/battery_status
