[0.096s] Invoking command in '/home/thieulong/ROS2-WorkSpace/build/my_cpp_pkg': CMAKE_PREFIX_PATH=${CMAKE_PREFIX_PATH}:/home/thieulong/ROS2-WorkSpace/install/my_py_pkg:/opt/ros/humble /usr/bin/cmake --build /home/thieulong/ROS2-WorkSpace/build/my_cpp_pkg -- -j8 -l8
[0.132s] [35m[1mConsolidate compiler generated dependencies of target smartphone[0m
[0.144s] [ 66%] Built target cpp_node
[0.144s] [ 66%] Built target robot_news_station
[0.151s] [ 83%] [32mBuilding CXX object CMakeFiles/smartphone.dir/src/smartphone.cpp.o[0m
[7.959s] [100%] [32m[1mLinking CXX executable smartphone[0m
[8.335s] [100%] Built target smartphone
[8.345s] Invoked command in '/home/thieulong/ROS2-WorkSpace/build/my_cpp_pkg' returned '0': CMAKE_PREFIX_PATH=${CMAKE_PREFIX_PATH}:/home/thieulong/ROS2-WorkSpace/install/my_py_pkg:/opt/ros/humble /usr/bin/cmake --build /home/thieulong/ROS2-WorkSpace/build/my_cpp_pkg -- -j8 -l8
[8.380s] Invoking command in '/home/thieulong/ROS2-WorkSpace/build/my_cpp_pkg': CMAKE_PREFIX_PATH=${CMAKE_PREFIX_PATH}:/home/thieulong/ROS2-WorkSpace/install/my_py_pkg:/opt/ros/humble /usr/bin/cmake --install /home/thieulong/ROS2-WorkSpace/build/my_cpp_pkg
[8.386s] -- Install configuration: ""
[8.387s] -- Execute custom install script
[8.387s] -- Up-to-date symlink: /home/thieulong/ROS2-WorkSpace/install/my_cpp_pkg/lib/my_cpp_pkg/cpp_node
[8.387s] -- Up-to-date symlink: /home/thieulong/ROS2-WorkSpace/install/my_cpp_pkg/lib/my_cpp_pkg/robot_news_station
[8.387s] -- Symlinking: /home/thieulong/ROS2-WorkSpace/install/my_cpp_pkg/lib/my_cpp_pkg/smartphone
[8.396s] -- Up-to-date symlink: /home/thieulong/ROS2-WorkSpace/install/my_cpp_pkg/share/ament_index/resource_index/package_run_dependencies/my_cpp_pkg
[8.396s] -- Up-to-date symlink: /home/thieulong/ROS2-WorkSpace/install/my_cpp_pkg/share/ament_index/resource_index/parent_prefix_path/my_cpp_pkg
[8.396s] -- Up-to-date symlink: /home/thieulong/ROS2-WorkSpace/install/my_cpp_pkg/share/my_cpp_pkg/environment/ament_prefix_path.sh
[8.396s] -- Up-to-date symlink: /home/thieulong/ROS2-WorkSpace/install/my_cpp_pkg/share/my_cpp_pkg/environment/ament_prefix_path.dsv
[8.396s] -- Up-to-date symlink: /home/thieulong/ROS2-WorkSpace/install/my_cpp_pkg/share/my_cpp_pkg/environment/path.sh
[8.397s] -- Up-to-date symlink: /home/thieulong/ROS2-WorkSpace/install/my_cpp_pkg/share/my_cpp_pkg/environment/path.dsv
[8.397s] -- Up-to-date symlink: /home/thieulong/ROS2-WorkSpace/install/my_cpp_pkg/share/my_cpp_pkg/local_setup.bash
[8.397s] -- Up-to-date symlink: /home/thieulong/ROS2-WorkSpace/install/my_cpp_pkg/share/my_cpp_pkg/local_setup.sh
[8.397s] -- Up-to-date symlink: /home/thieulong/ROS2-WorkSpace/install/my_cpp_pkg/share/my_cpp_pkg/local_setup.zsh
[8.397s] -- Up-to-date symlink: /home/thieulong/ROS2-WorkSpace/install/my_cpp_pkg/share/my_cpp_pkg/local_setup.dsv
[8.397s] -- Symlinking: /home/thieulong/ROS2-WorkSpace/install/my_cpp_pkg/share/my_cpp_pkg/package.dsv
[8.406s] -- Up-to-date symlink: /home/thieulong/ROS2-WorkSpace/install/my_cpp_pkg/share/ament_index/resource_index/packages/my_cpp_pkg
[8.406s] -- Up-to-date symlink: /home/thieulong/ROS2-WorkSpace/install/my_cpp_pkg/share/my_cpp_pkg/cmake/my_cpp_pkgConfig.cmake
[8.406s] -- Up-to-date symlink: /home/thieulong/ROS2-WorkSpace/install/my_cpp_pkg/share/my_cpp_pkg/cmake/my_cpp_pkgConfig-version.cmake
[8.406s] -- Up-to-date symlink: /home/thieulong/ROS2-WorkSpace/install/my_cpp_pkg/share/my_cpp_pkg/package.xml
[8.409s] Invoked command in '/home/thieulong/ROS2-WorkSpace/build/my_cpp_pkg' returned '0': CMAKE_PREFIX_PATH=${CMAKE_PREFIX_PATH}:/home/thieulong/ROS2-WorkSpace/install/my_py_pkg:/opt/ros/humble /usr/bin/cmake --install /home/thieulong/ROS2-WorkSpace/build/my_cpp_pkg
