[0.998s] Invoking command in '/home/thieulong/ROS2-WorkSpace/build/my_py_pkg': PYTHONPATH=/home/thieulong/ROS2-WorkSpace/build/my_py_pkg/prefix_override:/home/thieulong/ROS2-WorkSpace/install/my_py_pkg/lib/python3.10/site-packages:${PYTHONPATH} /usr/bin/python3 setup.py develop --editable --build-directory /home/thieulong/ROS2-WorkSpace/build/my_py_pkg/build --no-deps install_data
[1.336s] running develop
[1.595s] running egg_info
[1.596s] writing my_py_pkg.egg-info/PKG-INFO
[1.596s] writing dependency_links to my_py_pkg.egg-info/dependency_links.txt
[1.596s] writing entry points to my_py_pkg.egg-info/entry_points.txt
[1.596s] writing requirements to my_py_pkg.egg-info/requires.txt
[1.596s] writing top-level names to my_py_pkg.egg-info/top_level.txt
[1.598s] reading manifest file 'my_py_pkg.egg-info/SOURCES.txt'
[1.599s] writing manifest file 'my_py_pkg.egg-info/SOURCES.txt'
[1.600s] running build_ext
[1.600s] Creating /home/thieulong/ROS2-WorkSpace/install/my_py_pkg/lib/python3.10/site-packages/my-py-pkg.egg-link (link to .)
[1.601s] Installing add_two_ints_server script to /home/thieulong/ROS2-WorkSpace/install/my_py_pkg/lib/my_py_pkg
[1.601s] Installing number_counter script to /home/thieulong/ROS2-WorkSpace/install/my_py_pkg/lib/my_py_pkg
[1.601s] Installing number_publisher script to /home/thieulong/ROS2-WorkSpace/install/my_py_pkg/lib/my_py_pkg
[1.601s] Installing py_node script to /home/thieulong/ROS2-WorkSpace/install/my_py_pkg/lib/my_py_pkg
[1.602s] Installing robot_news_station script to /home/thieulong/ROS2-WorkSpace/install/my_py_pkg/lib/my_py_pkg
[1.602s] Installing smartphone script to /home/thieulong/ROS2-WorkSpace/install/my_py_pkg/lib/my_py_pkg
[1.602s] 
[1.602s] Installed /home/thieulong/ROS2-WorkSpace/build/my_py_pkg
[1.602s] running install_data
[1.638s] Invoked command in '/home/thieulong/ROS2-WorkSpace/build/my_py_pkg' returned '0': PYTHONPATH=/home/thieulong/ROS2-WorkSpace/build/my_py_pkg/prefix_override:/home/thieulong/ROS2-WorkSpace/install/my_py_pkg/lib/python3.10/site-packages:${PYTHONPATH} /usr/bin/python3 setup.py develop --editable --build-directory /home/thieulong/ROS2-WorkSpace/build/my_py_pkg/build --no-deps install_data
