[1.060s] Invoking command in '/home/thieulong/ROS2-WorkSpace/src/my_py_pkg': PYTHONPATH=/home/thieulong/ROS2-WorkSpace/build/my_py_pkg/prefix_override:/home/thieulong/ROS2-WorkSpace/install/my_py_pkg/lib/python3.10/site-packages:${PYTHONPATH} /usr/bin/python3 setup.py egg_info --egg-base ../../build/my_py_pkg build --build-base /home/thieulong/ROS2-WorkSpace/build/my_py_pkg/build install --record /home/thieulong/ROS2-WorkSpace/build/my_py_pkg/install.log --single-version-externally-managed
[1.385s] running egg_info
[1.386s] writing ../../build/my_py_pkg/my_py_pkg.egg-info/PKG-INFO
[1.386s] writing dependency_links to ../../build/my_py_pkg/my_py_pkg.egg-info/dependency_links.txt
[1.386s] writing entry points to ../../build/my_py_pkg/my_py_pkg.egg-info/entry_points.txt
[1.386s] writing requirements to ../../build/my_py_pkg/my_py_pkg.egg-info/requires.txt
[1.386s] writing top-level names to ../../build/my_py_pkg/my_py_pkg.egg-info/top_level.txt
[1.388s] reading manifest file '../../build/my_py_pkg/my_py_pkg.egg-info/SOURCES.txt'
[1.389s] writing manifest file '../../build/my_py_pkg/my_py_pkg.egg-info/SOURCES.txt'
[1.389s] running build
[1.389s] running build_py
[1.390s] copying my_py_pkg/my_first_node.py -> /home/thieulong/ROS2-WorkSpace/build/my_py_pkg/build/lib/my_py_pkg
[1.390s] running install
[1.390s] running install_lib
[1.391s] copying /home/thieulong/ROS2-WorkSpace/build/my_py_pkg/build/lib/my_py_pkg/my_first_node.py -> /home/thieulong/ROS2-WorkSpace/install/my_py_pkg/lib/python3.10/site-packages/my_py_pkg
[1.391s] byte-compiling /home/thieulong/ROS2-WorkSpace/install/my_py_pkg/lib/python3.10/site-packages/my_py_pkg/my_first_node.py to my_first_node.cpython-310.pyc
[1.392s] running install_data
[1.392s]   File "/home/thieulong/ROS2-WorkSpace/install/my_py_pkg/lib/python3.10/site-packages/my_py_pkg/my_first_node.py", line 15
[1.392s]     self.get_logger().info("Hello" str(self.counter_))
[1.392s]                            ^^^^^^^^^^^^^^^^^^^^^^^^^^
[1.392s] SyntaxError: invalid syntax. Perhaps you forgot a comma?
[1.392s] 
[1.393s] running install_egg_info
[1.394s] removing '/home/thieulong/ROS2-WorkSpace/install/my_py_pkg/lib/python3.10/site-packages/my_py_pkg-0.0.0-py3.10.egg-info' (and everything under it)
[1.395s] Copying ../../build/my_py_pkg/my_py_pkg.egg-info to /home/thieulong/ROS2-WorkSpace/install/my_py_pkg/lib/python3.10/site-packages/my_py_pkg-0.0.0-py3.10.egg-info
[1.395s] running install_scripts
[1.416s] Installing py_node script to /home/thieulong/ROS2-WorkSpace/install/my_py_pkg/lib/my_py_pkg
[1.416s] writing list of installed files to '/home/thieulong/ROS2-WorkSpace/build/my_py_pkg/install.log'
[1.446s] Invoked command in '/home/thieulong/ROS2-WorkSpace/src/my_py_pkg' returned '0': PYTHONPATH=/home/thieulong/ROS2-WorkSpace/build/my_py_pkg/prefix_override:/home/thieulong/ROS2-WorkSpace/install/my_py_pkg/lib/python3.10/site-packages:${PYTHONPATH} /usr/bin/python3 setup.py egg_info --egg-base ../../build/my_py_pkg build --build-base /home/thieulong/ROS2-WorkSpace/build/my_py_pkg/build install --record /home/thieulong/ROS2-WorkSpace/build/my_py_pkg/install.log --single-version-externally-managed
