[0.827s] Invoking command in '/home/thieulong/ROS2-WorkSpace/build/my_py_pkg': PYTHONPATH=/home/thieulong/ROS2-WorkSpace/build/my_py_pkg/prefix_override:/home/thieulong/ROS2-WorkSpace/install/my_py_pkg/lib/python3.10/site-packages:${PYTHONPATH} /usr/bin/python3 setup.py develop --editable --build-directory /home/thieulong/ROS2-WorkSpace/build/my_py_pkg/build --no-deps install_data
[1.122s] running develop
[1.348s] running egg_info
[1.348s] writing my_py_pkg.egg-info/PKG-INFO
[1.348s] writing dependency_links to my_py_pkg.egg-info/dependency_links.txt
[1.348s] writing entry points to my_py_pkg.egg-info/entry_points.txt
[1.348s] writing requirements to my_py_pkg.egg-info/requires.txt
[1.348s] writing top-level names to my_py_pkg.egg-info/top_level.txt
[1.350s] reading manifest file 'my_py_pkg.egg-info/SOURCES.txt'
[1.350s] writing manifest file 'my_py_pkg.egg-info/SOURCES.txt'
[1.352s] running build_ext
[1.352s] Creating /home/thieulong/ROS2-WorkSpace/install/my_py_pkg/lib/python3.10/site-packages/my-py-pkg.egg-link (link to .)
[1.353s] Installing number_counter script to /home/thieulong/ROS2-WorkSpace/install/my_py_pkg/lib/my_py_pkg
[1.353s] Installing number_publisher script to /home/thieulong/ROS2-WorkSpace/install/my_py_pkg/lib/my_py_pkg
[1.353s] Installing py_node script to /home/thieulong/ROS2-WorkSpace/install/my_py_pkg/lib/my_py_pkg
[1.353s] Installing robot_news_station script to /home/thieulong/ROS2-WorkSpace/install/my_py_pkg/lib/my_py_pkg
[1.353s] Installing smartphone script to /home/thieulong/ROS2-WorkSpace/install/my_py_pkg/lib/my_py_pkg
[1.353s] 
[1.353s] Installed /home/thieulong/ROS2-WorkSpace/build/my_py_pkg
[1.353s] running install_data
[1.385s] Invoked command in '/home/thieulong/ROS2-WorkSpace/build/my_py_pkg' returned '0': PYTHONPATH=/home/thieulong/ROS2-WorkSpace/build/my_py_pkg/prefix_override:/home/thieulong/ROS2-WorkSpace/install/my_py_pkg/lib/python3.10/site-packages:${PYTHONPATH} /usr/bin/python3 setup.py develop --editable --build-directory /home/thieulong/ROS2-WorkSpace/build/my_py_pkg/build --no-deps install_data
