[1.919s] DEBUG:colcon:Command line arguments: ['/usr/bin/colcon', 'build']
[1.919s] DEBUG:colcon:Parsed command line arguments: Namespace(log_base=None, log_level=None, verb_name='build', build_base='build', install_base='install', merge_install=False, symlink_install=False, test_result_base=None, continue_on_error=False, executor='parallel', parallel_workers=8, event_handlers=None, ignore_user_meta=False, metas=['./colcon.meta'], base_paths=['.'], packages_ignore=None, packages_ignore_regex=None, paths=None, packages_up_to=None, packages_up_to_regex=None, packages_above=None, packages_above_and_dependencies=None, packages_above_depth=None, packages_select_by_dep=None, packages_skip_by_dep=None, packages_skip_up_to=None, packages_select_build_failed=False, packages_skip_build_finished=False, packages_select_test_failures=False, packages_skip_test_passed=False, packages_select=None, packages_skip=None, packages_select_regex=None, packages_skip_regex=None, packages_start=None, packages_end=None, allow_overriding=[], cmake_args=None, cmake_target=None, cmake_target_skip_unavailable=False, cmake_clean_cache=False, cmake_clean_first=False, cmake_force_configure=False, ament_cmake_args=None, catkin_cmake_args=None, catkin_skip_building_tests=False, verb_parser=<colcon_defaults.argument_parser.defaults.DefaultArgumentsDecorator object at 0x7fa166fe3bb0>, verb_extension=<colcon_core.verb.build.BuildVerb object at 0x7fa166e1db40>, main=<bound method BuildVerb.main of <colcon_core.verb.build.BuildVerb object at 0x7fa166e1db40>>)
[2.000s] Level 1:colcon.colcon_core.package_discovery:discover_packages(colcon_meta) check parameters
[2.000s] Level 1:colcon.colcon_core.package_discovery:discover_packages(recursive) check parameters
[2.000s] Level 1:colcon.colcon_core.package_discovery:discover_packages(ignore) check parameters
[2.000s] Level 1:colcon.colcon_core.package_discovery:discover_packages(path) check parameters
[2.000s] Level 1:colcon.colcon_core.package_discovery:discover_packages(colcon_meta) discover
[2.000s] Level 1:colcon.colcon_core.package_discovery:discover_packages(recursive) discover
[2.000s] INFO:colcon.colcon_core.package_discovery:Crawling recursively for packages in '/home/thieulong/ROS2-WorkSpace'
[2.000s] Level 1:colcon.colcon_core.package_identification:_identify(.) by extensions ['ignore', 'ignore_ament_install']
[2.000s] Level 1:colcon.colcon_core.package_identification:_identify(.) by extension 'ignore'
[2.001s] Level 1:colcon.colcon_core.package_identification:_identify(.) by extension 'ignore_ament_install'
[2.001s] Level 1:colcon.colcon_core.package_identification:_identify(.) by extensions ['colcon_pkg']
[2.001s] Level 1:colcon.colcon_core.package_identification:_identify(.) by extension 'colcon_pkg'
[2.001s] Level 1:colcon.colcon_core.package_identification:_identify(.) by extensions ['colcon_meta']
[2.001s] Level 1:colcon.colcon_core.package_identification:_identify(.) by extension 'colcon_meta'
[2.001s] Level 1:colcon.colcon_core.package_identification:_identify(.) by extensions ['ros']
[2.001s] Level 1:colcon.colcon_core.package_identification:_identify(.) by extension 'ros'
[2.015s] Level 1:colcon.colcon_core.package_identification:_identify(.) by extensions ['cmake', 'python']
[2.015s] Level 1:colcon.colcon_core.package_identification:_identify(.) by extension 'cmake'
[2.015s] Level 1:colcon.colcon_core.package_identification:_identify(.) by extension 'python'
[2.015s] Level 1:colcon.colcon_core.package_identification:_identify(.) by extensions ['python_setup_py']
[2.015s] Level 1:colcon.colcon_core.package_identification:_identify(.) by extension 'python_setup_py'
[2.015s] Level 1:colcon.colcon_core.package_identification:_identify(build) by extensions ['ignore', 'ignore_ament_install']
[2.015s] Level 1:colcon.colcon_core.package_identification:_identify(build) by extension 'ignore'
[2.015s] Level 1:colcon.colcon_core.package_identification:_identify(build) ignored
[2.015s] Level 1:colcon.colcon_core.package_identification:_identify(install) by extensions ['ignore', 'ignore_ament_install']
[2.016s] Level 1:colcon.colcon_core.package_identification:_identify(install) by extension 'ignore'
[2.016s] Level 1:colcon.colcon_core.package_identification:_identify(install) ignored
[2.016s] Level 1:colcon.colcon_core.package_identification:_identify(log) by extensions ['ignore', 'ignore_ament_install']
[2.016s] Level 1:colcon.colcon_core.package_identification:_identify(log) by extension 'ignore'
[2.016s] Level 1:colcon.colcon_core.package_identification:_identify(log) ignored
[2.016s] Level 1:colcon.colcon_core.package_identification:_identify(my_robot_interfaces) by extensions ['ignore', 'ignore_ament_install']
[2.016s] Level 1:colcon.colcon_core.package_identification:_identify(my_robot_interfaces) by extension 'ignore'
[2.016s] Level 1:colcon.colcon_core.package_identification:_identify(my_robot_interfaces) by extension 'ignore_ament_install'
[2.016s] Level 1:colcon.colcon_core.package_identification:_identify(my_robot_interfaces) by extensions ['colcon_pkg']
[2.016s] Level 1:colcon.colcon_core.package_identification:_identify(my_robot_interfaces) by extension 'colcon_pkg'
[2.016s] Level 1:colcon.colcon_core.package_identification:_identify(my_robot_interfaces) by extensions ['colcon_meta']
[2.016s] Level 1:colcon.colcon_core.package_identification:_identify(my_robot_interfaces) by extension 'colcon_meta'
[2.016s] Level 1:colcon.colcon_core.package_identification:_identify(my_robot_interfaces) by extensions ['ros']
[2.016s] Level 1:colcon.colcon_core.package_identification:_identify(my_robot_interfaces) by extension 'ros'
[2.021s] DEBUG:colcon.colcon_core.package_identification:Package 'my_robot_interfaces' with type 'ros.ament_cmake' and name 'my_robot_interfaces'
[2.021s] Level 1:colcon.colcon_core.package_identification:_identify(src) by extensions ['ignore', 'ignore_ament_install']
[2.021s] Level 1:colcon.colcon_core.package_identification:_identify(src) by extension 'ignore'
[2.021s] Level 1:colcon.colcon_core.package_identification:_identify(src) by extension 'ignore_ament_install'
[2.021s] Level 1:colcon.colcon_core.package_identification:_identify(src) by extensions ['colcon_pkg']
[2.021s] Level 1:colcon.colcon_core.package_identification:_identify(src) by extension 'colcon_pkg'
[2.021s] Level 1:colcon.colcon_core.package_identification:_identify(src) by extensions ['colcon_meta']
[2.021s] Level 1:colcon.colcon_core.package_identification:_identify(src) by extension 'colcon_meta'
[2.021s] Level 1:colcon.colcon_core.package_identification:_identify(src) by extensions ['ros']
[2.021s] Level 1:colcon.colcon_core.package_identification:_identify(src) by extension 'ros'
[2.021s] Level 1:colcon.colcon_core.package_identification:_identify(src) by extensions ['cmake', 'python']
[2.021s] Level 1:colcon.colcon_core.package_identification:_identify(src) by extension 'cmake'
[2.022s] Level 1:colcon.colcon_core.package_identification:_identify(src) by extension 'python'
[2.022s] Level 1:colcon.colcon_core.package_identification:_identify(src) by extensions ['python_setup_py']
[2.022s] Level 1:colcon.colcon_core.package_identification:_identify(src) by extension 'python_setup_py'
[2.022s] Level 1:colcon.colcon_core.package_identification:_identify(src/battery_status) by extensions ['ignore', 'ignore_ament_install']
[2.022s] Level 1:colcon.colcon_core.package_identification:_identify(src/battery_status) by extension 'ignore'
[2.022s] Level 1:colcon.colcon_core.package_identification:_identify(src/battery_status) by extension 'ignore_ament_install'
[2.022s] Level 1:colcon.colcon_core.package_identification:_identify(src/battery_status) by extensions ['colcon_pkg']
[2.022s] Level 1:colcon.colcon_core.package_identification:_identify(src/battery_status) by extension 'colcon_pkg'
[2.022s] Level 1:colcon.colcon_core.package_identification:_identify(src/battery_status) by extensions ['colcon_meta']
[2.022s] Level 1:colcon.colcon_core.package_identification:_identify(src/battery_status) by extension 'colcon_meta'
[2.022s] Level 1:colcon.colcon_core.package_identification:_identify(src/battery_status) by extensions ['ros']
[2.022s] Level 1:colcon.colcon_core.package_identification:_identify(src/battery_status) by extension 'ros'
[2.023s] DEBUG:colcon.colcon_core.package_identification:Package 'src/battery_status' with type 'ros.ament_cmake' and name 'battery_status'
[2.023s] Level 1:colcon.colcon_core.package_identification:_identify(src/build) by extensions ['ignore', 'ignore_ament_install']
[2.023s] Level 1:colcon.colcon_core.package_identification:_identify(src/build) by extension 'ignore'
[2.023s] Level 1:colcon.colcon_core.package_identification:_identify(src/build) ignored
[2.023s] Level 1:colcon.colcon_core.package_identification:_identify(src/install) by extensions ['ignore', 'ignore_ament_install']
[2.023s] Level 1:colcon.colcon_core.package_identification:_identify(src/install) by extension 'ignore'
[2.023s] Level 1:colcon.colcon_core.package_identification:_identify(src/install) ignored
[2.024s] Level 1:colcon.colcon_core.package_identification:_identify(src/log) by extensions ['ignore', 'ignore_ament_install']
[2.024s] Level 1:colcon.colcon_core.package_identification:_identify(src/log) by extension 'ignore'
[2.024s] Level 1:colcon.colcon_core.package_identification:_identify(src/log) ignored
[2.024s] Level 1:colcon.colcon_core.package_identification:_identify(src/my_cpp_pkg) by extensions ['ignore', 'ignore_ament_install']
[2.024s] Level 1:colcon.colcon_core.package_identification:_identify(src/my_cpp_pkg) by extension 'ignore'
[2.024s] Level 1:colcon.colcon_core.package_identification:_identify(src/my_cpp_pkg) by extension 'ignore_ament_install'
[2.024s] Level 1:colcon.colcon_core.package_identification:_identify(src/my_cpp_pkg) by extensions ['colcon_pkg']
[2.024s] Level 1:colcon.colcon_core.package_identification:_identify(src/my_cpp_pkg) by extension 'colcon_pkg'
[2.024s] Level 1:colcon.colcon_core.package_identification:_identify(src/my_cpp_pkg) by extensions ['colcon_meta']
[2.024s] Level 1:colcon.colcon_core.package_identification:_identify(src/my_cpp_pkg) by extension 'colcon_meta'
[2.024s] Level 1:colcon.colcon_core.package_identification:_identify(src/my_cpp_pkg) by extensions ['ros']
[2.024s] Level 1:colcon.colcon_core.package_identification:_identify(src/my_cpp_pkg) by extension 'ros'
[2.026s] DEBUG:colcon.colcon_core.package_identification:Package 'src/my_cpp_pkg' with type 'ros.ament_cmake' and name 'my_cpp_pkg'
[2.026s] Level 1:colcon.colcon_core.package_identification:_identify(src/my_py_pkg) by extensions ['ignore', 'ignore_ament_install']
[2.026s] Level 1:colcon.colcon_core.package_identification:_identify(src/my_py_pkg) by extension 'ignore'
[2.026s] Level 1:colcon.colcon_core.package_identification:_identify(src/my_py_pkg) by extension 'ignore_ament_install'
[2.026s] Level 1:colcon.colcon_core.package_identification:_identify(src/my_py_pkg) by extensions ['colcon_pkg']
[2.026s] Level 1:colcon.colcon_core.package_identification:_identify(src/my_py_pkg) by extension 'colcon_pkg'
[2.026s] Level 1:colcon.colcon_core.package_identification:_identify(src/my_py_pkg) by extensions ['colcon_meta']
[2.027s] Level 1:colcon.colcon_core.package_identification:_identify(src/my_py_pkg) by extension 'colcon_meta'
[2.027s] Level 1:colcon.colcon_core.package_identification:_identify(src/my_py_pkg) by extensions ['ros']
[2.027s] Level 1:colcon.colcon_core.package_identification:_identify(src/my_py_pkg) by extension 'ros'
[2.028s] DEBUG:colcon.colcon_core.package_identification:Package 'src/my_py_pkg' with type 'ros.ament_python' and name 'my_py_pkg'
[2.028s] Level 1:colcon.colcon_core.package_discovery:discover_packages(recursive) using defaults
[2.028s] Level 1:colcon.colcon_core.package_discovery:discover_packages(ignore) discover
[2.028s] Level 1:colcon.colcon_core.package_discovery:discover_packages(ignore) using defaults
[2.028s] Level 1:colcon.colcon_core.package_discovery:discover_packages(path) discover
[2.028s] Level 1:colcon.colcon_core.package_discovery:discover_packages(path) using defaults
[2.206s] Level 1:colcon.colcon_core.package_discovery:discover_packages(prefix_path) check parameters
[2.206s] Level 1:colcon.colcon_core.package_discovery:discover_packages(prefix_path) discover
[2.261s] DEBUG:colcon.colcon_installed_package_information.package_discovery:Found 4 installed packages in /home/thieulong/ROS2-WorkSpace/install
[2.288s] DEBUG:colcon.colcon_installed_package_information.package_discovery:Found 270 installed packages in /opt/ros/humble
[2.290s] Level 1:colcon.colcon_core.package_discovery:discover_packages(prefix_path) using defaults
[2.428s] Level 5:colcon.colcon_core.verb:set package 'battery_status' build argument 'cmake_args' from command line to 'None'
[2.428s] Level 5:colcon.colcon_core.verb:set package 'battery_status' build argument 'cmake_target' from command line to 'None'
[2.428s] Level 5:colcon.colcon_core.verb:set package 'battery_status' build argument 'cmake_target_skip_unavailable' from command line to 'False'
[2.428s] Level 5:colcon.colcon_core.verb:set package 'battery_status' build argument 'cmake_clean_cache' from command line to 'False'
[2.428s] Level 5:colcon.colcon_core.verb:set package 'battery_status' build argument 'cmake_clean_first' from command line to 'False'
[2.428s] Level 5:colcon.colcon_core.verb:set package 'battery_status' build argument 'cmake_force_configure' from command line to 'False'
[2.428s] Level 5:colcon.colcon_core.verb:set package 'battery_status' build argument 'ament_cmake_args' from command line to 'None'
[2.428s] Level 5:colcon.colcon_core.verb:set package 'battery_status' build argument 'catkin_cmake_args' from command line to 'None'
[2.428s] Level 5:colcon.colcon_core.verb:set package 'battery_status' build argument 'catkin_skip_building_tests' from command line to 'False'
[2.428s] DEBUG:colcon.colcon_core.verb:Building package 'battery_status' with the following arguments: {'ament_cmake_args': None, 'build_base': '/home/thieulong/ROS2-WorkSpace/build/battery_status', 'catkin_cmake_args': None, 'catkin_skip_building_tests': False, 'cmake_args': None, 'cmake_clean_cache': False, 'cmake_clean_first': False, 'cmake_force_configure': False, 'cmake_target': None, 'cmake_target_skip_unavailable': False, 'install_base': '/home/thieulong/ROS2-WorkSpace/install/battery_status', 'merge_install': False, 'path': '/home/thieulong/ROS2-WorkSpace/src/battery_status', 'symlink_install': False, 'test_result_base': None}
[2.458s] Level 5:colcon.colcon_core.verb:set package 'my_cpp_pkg' build argument 'cmake_args' from command line to 'None'
[2.458s] Level 5:colcon.colcon_core.verb:set package 'my_cpp_pkg' build argument 'cmake_target' from command line to 'None'
[2.458s] Level 5:colcon.colcon_core.verb:set package 'my_cpp_pkg' build argument 'cmake_target_skip_unavailable' from command line to 'False'
[2.459s] Level 5:colcon.colcon_core.verb:set package 'my_cpp_pkg' build argument 'cmake_clean_cache' from command line to 'False'
[2.459s] Level 5:colcon.colcon_core.verb:set package 'my_cpp_pkg' build argument 'cmake_clean_first' from command line to 'False'
[2.459s] Level 5:colcon.colcon_core.verb:set package 'my_cpp_pkg' build argument 'cmake_force_configure' from command line to 'False'
[2.459s] Level 5:colcon.colcon_core.verb:set package 'my_cpp_pkg' build argument 'ament_cmake_args' from command line to 'None'
[2.459s] Level 5:colcon.colcon_core.verb:set package 'my_cpp_pkg' build argument 'catkin_cmake_args' from command line to 'None'
[2.459s] Level 5:colcon.colcon_core.verb:set package 'my_cpp_pkg' build argument 'catkin_skip_building_tests' from command line to 'False'
[2.459s] DEBUG:colcon.colcon_core.verb:Building package 'my_cpp_pkg' with the following arguments: {'ament_cmake_args': None, 'build_base': '/home/thieulong/ROS2-WorkSpace/build/my_cpp_pkg', 'catkin_cmake_args': None, 'catkin_skip_building_tests': False, 'cmake_args': None, 'cmake_clean_cache': False, 'cmake_clean_first': False, 'cmake_force_configure': False, 'cmake_target': None, 'cmake_target_skip_unavailable': False, 'install_base': '/home/thieulong/ROS2-WorkSpace/install/my_cpp_pkg', 'merge_install': False, 'path': '/home/thieulong/ROS2-WorkSpace/src/my_cpp_pkg', 'symlink_install': False, 'test_result_base': None}
[2.484s] Level 5:colcon.colcon_core.verb:set package 'my_robot_interfaces' build argument 'cmake_args' from command line to 'None'
[2.485s] Level 5:colcon.colcon_core.verb:set package 'my_robot_interfaces' build argument 'cmake_target' from command line to 'None'
[2.485s] Level 5:colcon.colcon_core.verb:set package 'my_robot_interfaces' build argument 'cmake_target_skip_unavailable' from command line to 'False'
[2.485s] Level 5:colcon.colcon_core.verb:set package 'my_robot_interfaces' build argument 'cmake_clean_cache' from command line to 'False'
[2.485s] Level 5:colcon.colcon_core.verb:set package 'my_robot_interfaces' build argument 'cmake_clean_first' from command line to 'False'
[2.485s] Level 5:colcon.colcon_core.verb:set package 'my_robot_interfaces' build argument 'cmake_force_configure' from command line to 'False'
[2.485s] Level 5:colcon.colcon_core.verb:set package 'my_robot_interfaces' build argument 'ament_cmake_args' from command line to 'None'
[2.485s] Level 5:colcon.colcon_core.verb:set package 'my_robot_interfaces' build argument 'catkin_cmake_args' from command line to 'None'
[2.485s] Level 5:colcon.colcon_core.verb:set package 'my_robot_interfaces' build argument 'catkin_skip_building_tests' from command line to 'False'
[2.485s] DEBUG:colcon.colcon_core.verb:Building package 'my_robot_interfaces' with the following arguments: {'ament_cmake_args': None, 'build_base': '/home/thieulong/ROS2-WorkSpace/build/my_robot_interfaces', 'catkin_cmake_args': None, 'catkin_skip_building_tests': False, 'cmake_args': None, 'cmake_clean_cache': False, 'cmake_clean_first': False, 'cmake_force_configure': False, 'cmake_target': None, 'cmake_target_skip_unavailable': False, 'install_base': '/home/thieulong/ROS2-WorkSpace/install/my_robot_interfaces', 'merge_install': False, 'path': '/home/thieulong/ROS2-WorkSpace/my_robot_interfaces', 'symlink_install': False, 'test_result_base': None}
[2.518s] Level 5:colcon.colcon_core.verb:set package 'my_py_pkg' build argument 'cmake_args' from command line to 'None'
[2.518s] Level 5:colcon.colcon_core.verb:set package 'my_py_pkg' build argument 'cmake_target' from command line to 'None'
[2.518s] Level 5:colcon.colcon_core.verb:set package 'my_py_pkg' build argument 'cmake_target_skip_unavailable' from command line to 'False'
[2.518s] Level 5:colcon.colcon_core.verb:set package 'my_py_pkg' build argument 'cmake_clean_cache' from command line to 'False'
[2.518s] Level 5:colcon.colcon_core.verb:set package 'my_py_pkg' build argument 'cmake_clean_first' from command line to 'False'
[2.518s] Level 5:colcon.colcon_core.verb:set package 'my_py_pkg' build argument 'cmake_force_configure' from command line to 'False'
[2.518s] Level 5:colcon.colcon_core.verb:set package 'my_py_pkg' build argument 'ament_cmake_args' from command line to 'None'
[2.518s] Level 5:colcon.colcon_core.verb:set package 'my_py_pkg' build argument 'catkin_cmake_args' from command line to 'None'
[2.518s] Level 5:colcon.colcon_core.verb:set package 'my_py_pkg' build argument 'catkin_skip_building_tests' from command line to 'False'
[2.518s] DEBUG:colcon.colcon_core.verb:Building package 'my_py_pkg' with the following arguments: {'ament_cmake_args': None, 'build_base': '/home/thieulong/ROS2-WorkSpace/build/my_py_pkg', 'catkin_cmake_args': None, 'catkin_skip_building_tests': False, 'cmake_args': None, 'cmake_clean_cache': False, 'cmake_clean_first': False, 'cmake_force_configure': False, 'cmake_target': None, 'cmake_target_skip_unavailable': False, 'install_base': '/home/thieulong/ROS2-WorkSpace/install/my_py_pkg', 'merge_install': False, 'path': '/home/thieulong/ROS2-WorkSpace/src/my_py_pkg', 'symlink_install': False, 'test_result_base': None}
[2.571s] INFO:colcon.colcon_core.executor:Executing jobs using 'parallel' executor
[2.606s] DEBUG:colcon.colcon_parallel_executor.executor.parallel:run_until_complete
[2.606s] INFO:colcon.colcon_ros.task.ament_cmake.build:Building ROS package in '/home/thieulong/ROS2-WorkSpace/my_robot_interfaces' with build type 'ament_cmake'
[2.607s] INFO:colcon.colcon_cmake.task.cmake.build:Building CMake package in '/home/thieulong/ROS2-WorkSpace/my_robot_interfaces'
[2.644s] INFO:colcon.colcon_core.plugin_system:Skipping extension 'colcon_core.shell.bat': Not used on non-Windows systems
[2.644s] INFO:colcon.colcon_core.shell:Skip shell extension 'powershell' for command environment: Not usable outside of PowerShell
[2.645s] DEBUG:colcon.colcon_core.shell:Skip shell extension 'dsv' for command environment
[2.737s] INFO:colcon.colcon_ros.task.ament_cmake.build:Building ROS package in '/home/thieulong/ROS2-WorkSpace/src/battery_status' with build type 'ament_cmake'
[2.738s] INFO:colcon.colcon_cmake.task.cmake.build:Building CMake package in '/home/thieulong/ROS2-WorkSpace/src/battery_status'
[2.772s] INFO:colcon.colcon_core.shell:Skip shell extension 'powershell' for command environment: Not usable outside of PowerShell
[2.772s] DEBUG:colcon.colcon_core.shell:Skip shell extension 'dsv' for command environment
[2.860s] INFO:colcon.colcon_ros.task.ament_cmake.build:Building ROS package in '/home/thieulong/ROS2-WorkSpace/src/my_cpp_pkg' with build type 'ament_cmake'
[2.860s] INFO:colcon.colcon_cmake.task.cmake.build:Building CMake package in '/home/thieulong/ROS2-WorkSpace/src/my_cpp_pkg'
[2.893s] INFO:colcon.colcon_core.shell:Skip shell extension 'powershell' for command environment: Not usable outside of PowerShell
[2.893s] DEBUG:colcon.colcon_core.shell:Skip shell extension 'dsv' for command environment
[2.985s] DEBUG:colcon.colcon_core.event_handler.log_command:Invoking command in '/home/thieulong/ROS2-WorkSpace/build/my_robot_interfaces': CMAKE_PREFIX_PATH=${CMAKE_PREFIX_PATH}:/home/thieulong/ROS2-WorkSpace/install/my_py_pkg:/opt/ros/humble /usr/bin/cmake --build /home/thieulong/ROS2-WorkSpace/build/my_robot_interfaces -- -j8 -l8
[2.993s] DEBUG:colcon.colcon_core.event_handler.log_command:Invoking command in '/home/thieulong/ROS2-WorkSpace/build/battery_status': CMAKE_PREFIX_PATH=${CMAKE_PREFIX_PATH}:/home/thieulong/ROS2-WorkSpace/install/my_py_pkg:/opt/ros/humble /usr/bin/cmake --build /home/thieulong/ROS2-WorkSpace/build/battery_status -- -j8 -l8
[3.000s] DEBUG:colcon.colcon_core.event_handler.log_command:Invoking command in '/home/thieulong/ROS2-WorkSpace/build/my_cpp_pkg': CMAKE_PREFIX_PATH=${CMAKE_PREFIX_PATH}:/home/thieulong/ROS2-WorkSpace/install/my_py_pkg:/opt/ros/humble /usr/bin/cmake --build /home/thieulong/ROS2-WorkSpace/build/my_cpp_pkg -- -j8 -l8
[4.000s] DEBUG:colcon.colcon_core.event_handler.log_command:Invoked command in '/home/thieulong/ROS2-WorkSpace/build/battery_status' returned '0': CMAKE_PREFIX_PATH=${CMAKE_PREFIX_PATH}:/home/thieulong/ROS2-WorkSpace/install/my_py_pkg:/opt/ros/humble /usr/bin/cmake --build /home/thieulong/ROS2-WorkSpace/build/battery_status -- -j8 -l8
[4.159s] DEBUG:colcon.colcon_core.event_handler.log_command:Invoking command in '/home/thieulong/ROS2-WorkSpace/build/battery_status': CMAKE_PREFIX_PATH=${CMAKE_PREFIX_PATH}:/home/thieulong/ROS2-WorkSpace/install/my_py_pkg:/opt/ros/humble /usr/bin/cmake --install /home/thieulong/ROS2-WorkSpace/build/battery_status
[4.328s] Level 1:colcon.colcon_core.environment:create_environment_scripts_only(battery_status)
[4.343s] DEBUG:colcon.colcon_core.event_handler.log_command:Invoked command in '/home/thieulong/ROS2-WorkSpace/build/battery_status' returned '0': CMAKE_PREFIX_PATH=${CMAKE_PREFIX_PATH}:/home/thieulong/ROS2-WorkSpace/install/my_py_pkg:/opt/ros/humble /usr/bin/cmake --install /home/thieulong/ROS2-WorkSpace/build/battery_status
[4.399s] Level 1:colcon.colcon_core.environment:checking '/home/thieulong/ROS2-WorkSpace/install/battery_status' for CMake module files
[4.402s] Level 1:colcon.colcon_core.environment:checking '/home/thieulong/ROS2-WorkSpace/install/battery_status' for CMake config files
[4.407s] Level 1:colcon.colcon_core.shell:create_environment_hook('battery_status', 'cmake_prefix_path')
[4.471s] INFO:colcon.colcon_core.shell:Creating environment hook '/home/thieulong/ROS2-WorkSpace/install/battery_status/share/battery_status/hook/cmake_prefix_path.ps1'
[4.473s] INFO:colcon.colcon_core.shell:Creating environment descriptor '/home/thieulong/ROS2-WorkSpace/install/battery_status/share/battery_status/hook/cmake_prefix_path.dsv'
[4.474s] INFO:colcon.colcon_core.shell:Creating environment hook '/home/thieulong/ROS2-WorkSpace/install/battery_status/share/battery_status/hook/cmake_prefix_path.sh'
[4.475s] Level 1:colcon.colcon_core.environment:checking '/home/thieulong/ROS2-WorkSpace/install/battery_status/lib'
[4.476s] Level 1:colcon.colcon_core.shell:create_environment_hook('battery_status', 'ld_library_path_lib')
[4.520s] INFO:colcon.colcon_core.shell:Creating environment hook '/home/thieulong/ROS2-WorkSpace/install/battery_status/share/battery_status/hook/ld_library_path_lib.ps1'
[4.520s] INFO:colcon.colcon_core.shell:Creating environment descriptor '/home/thieulong/ROS2-WorkSpace/install/battery_status/share/battery_status/hook/ld_library_path_lib.dsv'
[4.521s] INFO:colcon.colcon_core.shell:Creating environment hook '/home/thieulong/ROS2-WorkSpace/install/battery_status/share/battery_status/hook/ld_library_path_lib.sh'
[4.521s] Level 1:colcon.colcon_core.environment:checking '/home/thieulong/ROS2-WorkSpace/install/battery_status/bin'
[4.521s] Level 1:colcon.colcon_core.environment:checking '/home/thieulong/ROS2-WorkSpace/install/battery_status/lib/pkgconfig/battery_status.pc'
[4.522s] Level 1:colcon.colcon_core.environment:checking '/home/thieulong/ROS2-WorkSpace/install/battery_status/lib/python3.10/site-packages'
[4.522s] Level 1:colcon.colcon_core.environment:checking '/home/thieulong/ROS2-WorkSpace/install/battery_status/bin'
[4.602s] INFO:colcon.colcon_core.shell:Creating package script '/home/thieulong/ROS2-WorkSpace/install/battery_status/share/battery_status/package.ps1'
[4.604s] INFO:colcon.colcon_core.shell:Creating package descriptor '/home/thieulong/ROS2-WorkSpace/install/battery_status/share/battery_status/package.dsv'
[4.606s] INFO:colcon.colcon_core.shell:Creating package script '/home/thieulong/ROS2-WorkSpace/install/battery_status/share/battery_status/package.sh'
[4.608s] INFO:colcon.colcon_core.shell:Creating package script '/home/thieulong/ROS2-WorkSpace/install/battery_status/share/battery_status/package.bash'
[4.613s] INFO:colcon.colcon_core.shell:Creating package script '/home/thieulong/ROS2-WorkSpace/install/battery_status/share/battery_status/package.zsh'
[4.615s] Level 1:colcon.colcon_core.environment:create_file_with_runtime_dependencies(/home/thieulong/ROS2-WorkSpace/install/battery_status/share/colcon-core/packages/battery_status)
[4.880s] Level 1:colcon.colcon_core.environment:create_environment_scripts_only(battery_status)
[4.951s] Level 1:colcon.colcon_core.environment:checking '/home/thieulong/ROS2-WorkSpace/install/battery_status' for CMake module files
[4.954s] Level 1:colcon.colcon_core.environment:checking '/home/thieulong/ROS2-WorkSpace/install/battery_status' for CMake config files
[4.955s] Level 1:colcon.colcon_core.shell:create_environment_hook('battery_status', 'cmake_prefix_path')
[5.012s] INFO:colcon.colcon_core.shell:Creating environment hook '/home/thieulong/ROS2-WorkSpace/install/battery_status/share/battery_status/hook/cmake_prefix_path.ps1'
[5.013s] INFO:colcon.colcon_core.shell:Creating environment descriptor '/home/thieulong/ROS2-WorkSpace/install/battery_status/share/battery_status/hook/cmake_prefix_path.dsv'
[5.014s] INFO:colcon.colcon_core.shell:Creating environment hook '/home/thieulong/ROS2-WorkSpace/install/battery_status/share/battery_status/hook/cmake_prefix_path.sh'
[5.014s] Level 1:colcon.colcon_core.environment:checking '/home/thieulong/ROS2-WorkSpace/install/battery_status/lib'
[5.015s] Level 1:colcon.colcon_core.shell:create_environment_hook('battery_status', 'ld_library_path_lib')
[5.058s] INFO:colcon.colcon_core.shell:Creating environment hook '/home/thieulong/ROS2-WorkSpace/install/battery_status/share/battery_status/hook/ld_library_path_lib.ps1'
[5.060s] INFO:colcon.colcon_core.shell:Creating environment descriptor '/home/thieulong/ROS2-WorkSpace/install/battery_status/share/battery_status/hook/ld_library_path_lib.dsv'
[5.061s] INFO:colcon.colcon_core.shell:Creating environment hook '/home/thieulong/ROS2-WorkSpace/install/battery_status/share/battery_status/hook/ld_library_path_lib.sh'
[5.062s] Level 1:colcon.colcon_core.environment:checking '/home/thieulong/ROS2-WorkSpace/install/battery_status/bin'
[5.062s] Level 1:colcon.colcon_core.environment:checking '/home/thieulong/ROS2-WorkSpace/install/battery_status/lib/pkgconfig/battery_status.pc'
[5.063s] Level 1:colcon.colcon_core.environment:checking '/home/thieulong/ROS2-WorkSpace/install/battery_status/lib/python3.10/site-packages'
[5.063s] Level 1:colcon.colcon_core.environment:checking '/home/thieulong/ROS2-WorkSpace/install/battery_status/bin'
[5.128s] INFO:colcon.colcon_core.shell:Creating package script '/home/thieulong/ROS2-WorkSpace/install/battery_status/share/battery_status/package.ps1'
[5.129s] INFO:colcon.colcon_core.shell:Creating package descriptor '/home/thieulong/ROS2-WorkSpace/install/battery_status/share/battery_status/package.dsv'
[5.150s] INFO:colcon.colcon_core.shell:Creating package script '/home/thieulong/ROS2-WorkSpace/install/battery_status/share/battery_status/package.sh'
[5.155s] INFO:colcon.colcon_core.shell:Creating package script '/home/thieulong/ROS2-WorkSpace/install/battery_status/share/battery_status/package.bash'
[5.156s] INFO:colcon.colcon_core.shell:Creating package script '/home/thieulong/ROS2-WorkSpace/install/battery_status/share/battery_status/package.zsh'
[5.157s] Level 1:colcon.colcon_core.environment:create_file_with_runtime_dependencies(/home/thieulong/ROS2-WorkSpace/install/battery_status/share/colcon-core/packages/battery_status)
[6.777s] DEBUG:colcon.colcon_core.event_handler.log_command:Invoked command in '/home/thieulong/ROS2-WorkSpace/build/my_robot_interfaces' returned '0': CMAKE_PREFIX_PATH=${CMAKE_PREFIX_PATH}:/home/thieulong/ROS2-WorkSpace/install/my_py_pkg:/opt/ros/humble /usr/bin/cmake --build /home/thieulong/ROS2-WorkSpace/build/my_robot_interfaces -- -j8 -l8
[6.901s] DEBUG:colcon.colcon_core.event_handler.log_command:Invoking command in '/home/thieulong/ROS2-WorkSpace/build/my_robot_interfaces': CMAKE_PREFIX_PATH=${CMAKE_PREFIX_PATH}:/home/thieulong/ROS2-WorkSpace/install/my_py_pkg:/opt/ros/humble /usr/bin/cmake --install /home/thieulong/ROS2-WorkSpace/build/my_robot_interfaces
[7.038s] Level 1:colcon.colcon_core.environment:create_environment_scripts_only(my_robot_interfaces)
[7.039s] DEBUG:colcon.colcon_core.event_handler.log_command:Invoked command in '/home/thieulong/ROS2-WorkSpace/build/my_robot_interfaces' returned '0': CMAKE_PREFIX_PATH=${CMAKE_PREFIX_PATH}:/home/thieulong/ROS2-WorkSpace/install/my_py_pkg:/opt/ros/humble /usr/bin/cmake --install /home/thieulong/ROS2-WorkSpace/build/my_robot_interfaces
[7.090s] Level 1:colcon.colcon_core.environment:checking '/home/thieulong/ROS2-WorkSpace/install/my_robot_interfaces' for CMake module files
[7.091s] Level 1:colcon.colcon_core.environment:checking '/home/thieulong/ROS2-WorkSpace/install/my_robot_interfaces' for CMake config files
[7.094s] Level 1:colcon.colcon_core.shell:create_environment_hook('my_robot_interfaces', 'cmake_prefix_path')
[7.134s] INFO:colcon.colcon_core.shell:Creating environment hook '/home/thieulong/ROS2-WorkSpace/install/my_robot_interfaces/share/my_robot_interfaces/hook/cmake_prefix_path.ps1'
[7.135s] INFO:colcon.colcon_core.shell:Creating environment descriptor '/home/thieulong/ROS2-WorkSpace/install/my_robot_interfaces/share/my_robot_interfaces/hook/cmake_prefix_path.dsv'
[7.135s] INFO:colcon.colcon_core.shell:Creating environment hook '/home/thieulong/ROS2-WorkSpace/install/my_robot_interfaces/share/my_robot_interfaces/hook/cmake_prefix_path.sh'
[7.137s] Level 1:colcon.colcon_core.environment:checking '/home/thieulong/ROS2-WorkSpace/install/my_robot_interfaces/lib'
[7.138s] Level 1:colcon.colcon_core.shell:create_environment_hook('my_robot_interfaces', 'ld_library_path_lib')
[7.181s] INFO:colcon.colcon_core.shell:Creating environment hook '/home/thieulong/ROS2-WorkSpace/install/my_robot_interfaces/share/my_robot_interfaces/hook/ld_library_path_lib.ps1'
[7.182s] INFO:colcon.colcon_core.shell:Creating environment descriptor '/home/thieulong/ROS2-WorkSpace/install/my_robot_interfaces/share/my_robot_interfaces/hook/ld_library_path_lib.dsv'
[7.182s] INFO:colcon.colcon_core.shell:Creating environment hook '/home/thieulong/ROS2-WorkSpace/install/my_robot_interfaces/share/my_robot_interfaces/hook/ld_library_path_lib.sh'
[7.183s] Level 1:colcon.colcon_core.environment:checking '/home/thieulong/ROS2-WorkSpace/install/my_robot_interfaces/bin'
[7.183s] Level 1:colcon.colcon_core.environment:checking '/home/thieulong/ROS2-WorkSpace/install/my_robot_interfaces/lib/pkgconfig/my_robot_interfaces.pc'
[7.184s] Level 1:colcon.colcon_core.environment:checking '/home/thieulong/ROS2-WorkSpace/install/my_robot_interfaces/lib/python3.10/site-packages'
[7.184s] Level 1:colcon.colcon_core.environment:checking '/home/thieulong/ROS2-WorkSpace/install/my_robot_interfaces/bin'
[7.223s] INFO:colcon.colcon_core.shell:Creating package script '/home/thieulong/ROS2-WorkSpace/install/my_robot_interfaces/share/my_robot_interfaces/package.ps1'
[7.224s] INFO:colcon.colcon_core.shell:Creating package descriptor '/home/thieulong/ROS2-WorkSpace/install/my_robot_interfaces/share/my_robot_interfaces/package.dsv'
[7.225s] INFO:colcon.colcon_core.shell:Creating package script '/home/thieulong/ROS2-WorkSpace/install/my_robot_interfaces/share/my_robot_interfaces/package.sh'
[7.226s] INFO:colcon.colcon_core.shell:Creating package script '/home/thieulong/ROS2-WorkSpace/install/my_robot_interfaces/share/my_robot_interfaces/package.bash'
[7.226s] INFO:colcon.colcon_core.shell:Creating package script '/home/thieulong/ROS2-WorkSpace/install/my_robot_interfaces/share/my_robot_interfaces/package.zsh'
[7.227s] Level 1:colcon.colcon_core.environment:create_file_with_runtime_dependencies(/home/thieulong/ROS2-WorkSpace/install/my_robot_interfaces/share/colcon-core/packages/my_robot_interfaces)
[7.464s] Level 1:colcon.colcon_core.environment:create_environment_scripts_only(my_robot_interfaces)
[7.505s] Level 1:colcon.colcon_core.environment:checking '/home/thieulong/ROS2-WorkSpace/install/my_robot_interfaces' for CMake module files
[7.506s] Level 1:colcon.colcon_core.environment:checking '/home/thieulong/ROS2-WorkSpace/install/my_robot_interfaces' for CMake config files
[7.509s] Level 1:colcon.colcon_core.shell:create_environment_hook('my_robot_interfaces', 'cmake_prefix_path')
[7.582s] INFO:colcon.colcon_core.shell:Creating environment hook '/home/thieulong/ROS2-WorkSpace/install/my_robot_interfaces/share/my_robot_interfaces/hook/cmake_prefix_path.ps1'
[7.583s] INFO:colcon.colcon_core.shell:Creating environment descriptor '/home/thieulong/ROS2-WorkSpace/install/my_robot_interfaces/share/my_robot_interfaces/hook/cmake_prefix_path.dsv'
[7.584s] INFO:colcon.colcon_core.shell:Creating environment hook '/home/thieulong/ROS2-WorkSpace/install/my_robot_interfaces/share/my_robot_interfaces/hook/cmake_prefix_path.sh'
[7.585s] Level 1:colcon.colcon_core.environment:checking '/home/thieulong/ROS2-WorkSpace/install/my_robot_interfaces/lib'
[7.585s] Level 1:colcon.colcon_core.shell:create_environment_hook('my_robot_interfaces', 'ld_library_path_lib')
[7.636s] INFO:colcon.colcon_core.shell:Creating environment hook '/home/thieulong/ROS2-WorkSpace/install/my_robot_interfaces/share/my_robot_interfaces/hook/ld_library_path_lib.ps1'
[7.637s] INFO:colcon.colcon_core.shell:Creating environment descriptor '/home/thieulong/ROS2-WorkSpace/install/my_robot_interfaces/share/my_robot_interfaces/hook/ld_library_path_lib.dsv'
[7.637s] INFO:colcon.colcon_core.shell:Creating environment hook '/home/thieulong/ROS2-WorkSpace/install/my_robot_interfaces/share/my_robot_interfaces/hook/ld_library_path_lib.sh'
[7.638s] Level 1:colcon.colcon_core.environment:checking '/home/thieulong/ROS2-WorkSpace/install/my_robot_interfaces/bin'
[7.638s] Level 1:colcon.colcon_core.environment:checking '/home/thieulong/ROS2-WorkSpace/install/my_robot_interfaces/lib/pkgconfig/my_robot_interfaces.pc'
[7.638s] Level 1:colcon.colcon_core.environment:checking '/home/thieulong/ROS2-WorkSpace/install/my_robot_interfaces/lib/python3.10/site-packages'
[7.639s] Level 1:colcon.colcon_core.environment:checking '/home/thieulong/ROS2-WorkSpace/install/my_robot_interfaces/bin'
[7.689s] INFO:colcon.colcon_core.shell:Creating package script '/home/thieulong/ROS2-WorkSpace/install/my_robot_interfaces/share/my_robot_interfaces/package.ps1'
[7.690s] INFO:colcon.colcon_core.shell:Creating package descriptor '/home/thieulong/ROS2-WorkSpace/install/my_robot_interfaces/share/my_robot_interfaces/package.dsv'
[7.691s] INFO:colcon.colcon_core.shell:Creating package script '/home/thieulong/ROS2-WorkSpace/install/my_robot_interfaces/share/my_robot_interfaces/package.sh'
[7.691s] INFO:colcon.colcon_core.shell:Creating package script '/home/thieulong/ROS2-WorkSpace/install/my_robot_interfaces/share/my_robot_interfaces/package.bash'
[7.692s] INFO:colcon.colcon_core.shell:Creating package script '/home/thieulong/ROS2-WorkSpace/install/my_robot_interfaces/share/my_robot_interfaces/package.zsh'
[7.693s] Level 1:colcon.colcon_core.environment:create_file_with_runtime_dependencies(/home/thieulong/ROS2-WorkSpace/install/my_robot_interfaces/share/colcon-core/packages/my_robot_interfaces)
[7.693s] INFO:colcon.colcon_ros.task.ament_python.build:Building ROS package in '/home/thieulong/ROS2-WorkSpace/src/my_py_pkg' with build type 'ament_python'
[7.694s] Level 1:colcon.colcon_core.shell:create_environment_hook('my_py_pkg', 'ament_prefix_path')
[7.745s] INFO:colcon.colcon_core.shell:Creating environment hook '/home/thieulong/ROS2-WorkSpace/install/my_py_pkg/share/my_py_pkg/hook/ament_prefix_path.ps1'
[7.747s] INFO:colcon.colcon_core.shell:Creating environment descriptor '/home/thieulong/ROS2-WorkSpace/install/my_py_pkg/share/my_py_pkg/hook/ament_prefix_path.dsv'
[7.748s] INFO:colcon.colcon_core.shell:Creating environment hook '/home/thieulong/ROS2-WorkSpace/install/my_py_pkg/share/my_py_pkg/hook/ament_prefix_path.sh'
[7.813s] INFO:colcon.colcon_core.shell:Skip shell extension 'powershell' for command environment: Not usable outside of PowerShell
[7.813s] DEBUG:colcon.colcon_core.shell:Skip shell extension 'dsv' for command environment
[8.856s] INFO:colcon.colcon_core.task.python.build:Building Python package in '/home/thieulong/ROS2-WorkSpace/src/my_py_pkg'
[8.919s] INFO:colcon.colcon_core.shell:Skip shell extension 'powershell' for command environment: Not usable outside of PowerShell
[8.919s] DEBUG:colcon.colcon_core.shell:Skip shell extension 'dsv' for command environment
[10.029s] DEBUG:colcon.colcon_core.event_handler.log_command:Invoking command in '/home/thieulong/ROS2-WorkSpace/src/my_py_pkg': PYTHONPATH=/home/thieulong/ROS2-WorkSpace/build/my_py_pkg/prefix_override:/home/thieulong/ROS2-WorkSpace/install/my_py_pkg/lib/python3.10/site-packages:${PYTHONPATH} /usr/bin/python3 setup.py egg_info --egg-base ../../build/my_py_pkg build --build-base /home/thieulong/ROS2-WorkSpace/build/my_py_pkg/build install --record /home/thieulong/ROS2-WorkSpace/build/my_py_pkg/install.log --single-version-externally-managed
[11.041s] DEBUG:colcon.colcon_core.event_handler.log_command:Invoked command in '/home/thieulong/ROS2-WorkSpace/src/my_py_pkg' returned '0': PYTHONPATH=/home/thieulong/ROS2-WorkSpace/build/my_py_pkg/prefix_override:/home/thieulong/ROS2-WorkSpace/install/my_py_pkg/lib/python3.10/site-packages:${PYTHONPATH} /usr/bin/python3 setup.py egg_info --egg-base ../../build/my_py_pkg build --build-base /home/thieulong/ROS2-WorkSpace/build/my_py_pkg/build install --record /home/thieulong/ROS2-WorkSpace/build/my_py_pkg/install.log --single-version-externally-managed
[11.087s] Level 1:colcon.colcon_core.environment:checking '/home/thieulong/ROS2-WorkSpace/install/my_py_pkg' for CMake module files
[11.088s] Level 1:colcon.colcon_core.environment:checking '/home/thieulong/ROS2-WorkSpace/install/my_py_pkg' for CMake config files
[11.090s] Level 1:colcon.colcon_core.environment:checking '/home/thieulong/ROS2-WorkSpace/install/my_py_pkg/lib'
[11.090s] Level 1:colcon.colcon_core.environment:checking '/home/thieulong/ROS2-WorkSpace/install/my_py_pkg/bin'
[11.090s] Level 1:colcon.colcon_core.environment:checking '/home/thieulong/ROS2-WorkSpace/install/my_py_pkg/lib/pkgconfig/my_py_pkg.pc'
[11.091s] Level 1:colcon.colcon_core.environment:checking '/home/thieulong/ROS2-WorkSpace/install/my_py_pkg/lib/python3.10/site-packages'
[11.091s] Level 1:colcon.colcon_core.shell:create_environment_hook('my_py_pkg', 'pythonpath')
[11.157s] INFO:colcon.colcon_core.shell:Creating environment hook '/home/thieulong/ROS2-WorkSpace/install/my_py_pkg/share/my_py_pkg/hook/pythonpath.ps1'
[11.158s] INFO:colcon.colcon_core.shell:Creating environment descriptor '/home/thieulong/ROS2-WorkSpace/install/my_py_pkg/share/my_py_pkg/hook/pythonpath.dsv'
[11.158s] INFO:colcon.colcon_core.shell:Creating environment hook '/home/thieulong/ROS2-WorkSpace/install/my_py_pkg/share/my_py_pkg/hook/pythonpath.sh'
[11.159s] Level 1:colcon.colcon_core.environment:checking '/home/thieulong/ROS2-WorkSpace/install/my_py_pkg/bin'
[11.159s] Level 1:colcon.colcon_core.environment:create_environment_scripts_only(my_py_pkg)
[11.203s] INFO:colcon.colcon_core.shell:Creating package script '/home/thieulong/ROS2-WorkSpace/install/my_py_pkg/share/my_py_pkg/package.ps1'
[11.204s] INFO:colcon.colcon_core.shell:Creating package descriptor '/home/thieulong/ROS2-WorkSpace/install/my_py_pkg/share/my_py_pkg/package.dsv'
[11.205s] INFO:colcon.colcon_core.shell:Creating package script '/home/thieulong/ROS2-WorkSpace/install/my_py_pkg/share/my_py_pkg/package.sh'
[11.205s] INFO:colcon.colcon_core.shell:Creating package script '/home/thieulong/ROS2-WorkSpace/install/my_py_pkg/share/my_py_pkg/package.bash'
[11.206s] INFO:colcon.colcon_core.shell:Creating package script '/home/thieulong/ROS2-WorkSpace/install/my_py_pkg/share/my_py_pkg/package.zsh'
[11.206s] Level 1:colcon.colcon_core.environment:create_file_with_runtime_dependencies(/home/thieulong/ROS2-WorkSpace/install/my_py_pkg/share/colcon-core/packages/my_py_pkg)
[20.169s] DEBUG:colcon.colcon_core.event_handler.log_command:Invoked command in '/home/thieulong/ROS2-WorkSpace/build/my_cpp_pkg' returned '0': CMAKE_PREFIX_PATH=${CMAKE_PREFIX_PATH}:/home/thieulong/ROS2-WorkSpace/install/my_py_pkg:/opt/ros/humble /usr/bin/cmake --build /home/thieulong/ROS2-WorkSpace/build/my_cpp_pkg -- -j8 -l8
[20.213s] DEBUG:colcon.colcon_core.event_handler.log_command:Invoking command in '/home/thieulong/ROS2-WorkSpace/build/my_cpp_pkg': CMAKE_PREFIX_PATH=${CMAKE_PREFIX_PATH}:/home/thieulong/ROS2-WorkSpace/install/my_py_pkg:/opt/ros/humble /usr/bin/cmake --install /home/thieulong/ROS2-WorkSpace/build/my_cpp_pkg
[20.249s] Level 1:colcon.colcon_core.environment:create_environment_scripts_only(my_cpp_pkg)
[20.250s] DEBUG:colcon.colcon_core.event_handler.log_command:Invoked command in '/home/thieulong/ROS2-WorkSpace/build/my_cpp_pkg' returned '0': CMAKE_PREFIX_PATH=${CMAKE_PREFIX_PATH}:/home/thieulong/ROS2-WorkSpace/install/my_py_pkg:/opt/ros/humble /usr/bin/cmake --install /home/thieulong/ROS2-WorkSpace/build/my_cpp_pkg
[20.283s] Level 1:colcon.colcon_core.environment:checking '/home/thieulong/ROS2-WorkSpace/install/my_cpp_pkg' for CMake module files
[20.284s] Level 1:colcon.colcon_core.environment:checking '/home/thieulong/ROS2-WorkSpace/install/my_cpp_pkg' for CMake config files
[20.284s] Level 1:colcon.colcon_core.shell:create_environment_hook('my_cpp_pkg', 'cmake_prefix_path')
[20.312s] INFO:colcon.colcon_core.shell:Creating environment hook '/home/thieulong/ROS2-WorkSpace/install/my_cpp_pkg/share/my_cpp_pkg/hook/cmake_prefix_path.ps1'
[20.313s] INFO:colcon.colcon_core.shell:Creating environment descriptor '/home/thieulong/ROS2-WorkSpace/install/my_cpp_pkg/share/my_cpp_pkg/hook/cmake_prefix_path.dsv'
[20.313s] INFO:colcon.colcon_core.shell:Creating environment hook '/home/thieulong/ROS2-WorkSpace/install/my_cpp_pkg/share/my_cpp_pkg/hook/cmake_prefix_path.sh'
[20.315s] Level 1:colcon.colcon_core.environment:checking '/home/thieulong/ROS2-WorkSpace/install/my_cpp_pkg/lib'
[20.315s] Level 1:colcon.colcon_core.environment:checking '/home/thieulong/ROS2-WorkSpace/install/my_cpp_pkg/bin'
[20.315s] Level 1:colcon.colcon_core.environment:checking '/home/thieulong/ROS2-WorkSpace/install/my_cpp_pkg/lib/pkgconfig/my_cpp_pkg.pc'
[20.315s] Level 1:colcon.colcon_core.environment:checking '/home/thieulong/ROS2-WorkSpace/install/my_cpp_pkg/lib/python3.10/site-packages'
[20.316s] Level 1:colcon.colcon_core.environment:checking '/home/thieulong/ROS2-WorkSpace/install/my_cpp_pkg/bin'
[20.344s] INFO:colcon.colcon_core.shell:Creating package script '/home/thieulong/ROS2-WorkSpace/install/my_cpp_pkg/share/my_cpp_pkg/package.ps1'
[20.345s] INFO:colcon.colcon_core.shell:Creating package descriptor '/home/thieulong/ROS2-WorkSpace/install/my_cpp_pkg/share/my_cpp_pkg/package.dsv'
[20.346s] INFO:colcon.colcon_core.shell:Creating package script '/home/thieulong/ROS2-WorkSpace/install/my_cpp_pkg/share/my_cpp_pkg/package.sh'
[20.346s] INFO:colcon.colcon_core.shell:Creating package script '/home/thieulong/ROS2-WorkSpace/install/my_cpp_pkg/share/my_cpp_pkg/package.bash'
[20.347s] INFO:colcon.colcon_core.shell:Creating package script '/home/thieulong/ROS2-WorkSpace/install/my_cpp_pkg/share/my_cpp_pkg/package.zsh'
[20.347s] Level 1:colcon.colcon_core.environment:create_file_with_runtime_dependencies(/home/thieulong/ROS2-WorkSpace/install/my_cpp_pkg/share/colcon-core/packages/my_cpp_pkg)
[20.418s] Level 1:colcon.colcon_core.environment:create_environment_scripts_only(my_cpp_pkg)
[20.462s] Level 1:colcon.colcon_core.environment:checking '/home/thieulong/ROS2-WorkSpace/install/my_cpp_pkg' for CMake module files
[20.464s] Level 1:colcon.colcon_core.environment:checking '/home/thieulong/ROS2-WorkSpace/install/my_cpp_pkg' for CMake config files
[20.464s] Level 1:colcon.colcon_core.shell:create_environment_hook('my_cpp_pkg', 'cmake_prefix_path')
[20.493s] INFO:colcon.colcon_core.shell:Creating environment hook '/home/thieulong/ROS2-WorkSpace/install/my_cpp_pkg/share/my_cpp_pkg/hook/cmake_prefix_path.ps1'
[20.494s] INFO:colcon.colcon_core.shell:Creating environment descriptor '/home/thieulong/ROS2-WorkSpace/install/my_cpp_pkg/share/my_cpp_pkg/hook/cmake_prefix_path.dsv'
[20.494s] INFO:colcon.colcon_core.shell:Creating environment hook '/home/thieulong/ROS2-WorkSpace/install/my_cpp_pkg/share/my_cpp_pkg/hook/cmake_prefix_path.sh'
[20.495s] Level 1:colcon.colcon_core.environment:checking '/home/thieulong/ROS2-WorkSpace/install/my_cpp_pkg/lib'
[20.495s] Level 1:colcon.colcon_core.environment:checking '/home/thieulong/ROS2-WorkSpace/install/my_cpp_pkg/bin'
[20.495s] Level 1:colcon.colcon_core.environment:checking '/home/thieulong/ROS2-WorkSpace/install/my_cpp_pkg/lib/pkgconfig/my_cpp_pkg.pc'
[20.496s] Level 1:colcon.colcon_core.environment:checking '/home/thieulong/ROS2-WorkSpace/install/my_cpp_pkg/lib/python3.10/site-packages'
[20.496s] Level 1:colcon.colcon_core.environment:checking '/home/thieulong/ROS2-WorkSpace/install/my_cpp_pkg/bin'
[20.528s] INFO:colcon.colcon_core.shell:Creating package script '/home/thieulong/ROS2-WorkSpace/install/my_cpp_pkg/share/my_cpp_pkg/package.ps1'
[20.530s] INFO:colcon.colcon_core.shell:Creating package descriptor '/home/thieulong/ROS2-WorkSpace/install/my_cpp_pkg/share/my_cpp_pkg/package.dsv'
[20.531s] INFO:colcon.colcon_core.shell:Creating package script '/home/thieulong/ROS2-WorkSpace/install/my_cpp_pkg/share/my_cpp_pkg/package.sh'
[20.531s] INFO:colcon.colcon_core.shell:Creating package script '/home/thieulong/ROS2-WorkSpace/install/my_cpp_pkg/share/my_cpp_pkg/package.bash'
[20.532s] INFO:colcon.colcon_core.shell:Creating package script '/home/thieulong/ROS2-WorkSpace/install/my_cpp_pkg/share/my_cpp_pkg/package.zsh'
[20.533s] Level 1:colcon.colcon_core.environment:create_file_with_runtime_dependencies(/home/thieulong/ROS2-WorkSpace/install/my_cpp_pkg/share/colcon-core/packages/my_cpp_pkg)
[20.534s] DEBUG:colcon.colcon_parallel_executor.executor.parallel:closing loop
[20.537s] DEBUG:colcon.colcon_parallel_executor.executor.parallel:loop closed
[20.538s] DEBUG:colcon.colcon_parallel_executor.executor.parallel:run_until_complete finished with '0'
[20.538s] DEBUG:colcon.colcon_core.event_reactor:joining thread
[20.596s] INFO:colcon.colcon_core.plugin_system:Skipping extension 'colcon_notification.desktop_notification.terminal_notifier': Not used on non-Darwin systems
[20.596s] INFO:colcon.colcon_core.plugin_system:Skipping extension 'colcon_notification.desktop_notification.win32': Not used on non-Windows systems
[20.596s] INFO:colcon.colcon_notification.desktop_notification:Sending desktop notification using 'notify2'
[20.621s] DEBUG:colcon.colcon_core.event_reactor:joined thread
[20.651s] INFO:colcon.colcon_core.shell:Creating prefix script '/home/thieulong/ROS2-WorkSpace/install/local_setup.ps1'
[20.652s] INFO:colcon.colcon_core.shell:Creating prefix util module '/home/thieulong/ROS2-WorkSpace/install/_local_setup_util_ps1.py'
[20.654s] INFO:colcon.colcon_core.shell:Creating prefix chain script '/home/thieulong/ROS2-WorkSpace/install/setup.ps1'
[20.697s] INFO:colcon.colcon_core.shell:Creating prefix script '/home/thieulong/ROS2-WorkSpace/install/local_setup.sh'
[20.700s] INFO:colcon.colcon_core.shell:Creating prefix util module '/home/thieulong/ROS2-WorkSpace/install/_local_setup_util_sh.py'
[20.701s] INFO:colcon.colcon_core.shell:Creating prefix chain script '/home/thieulong/ROS2-WorkSpace/install/setup.sh'
[20.740s] INFO:colcon.colcon_core.shell:Creating prefix script '/home/thieulong/ROS2-WorkSpace/install/local_setup.bash'
[20.741s] INFO:colcon.colcon_core.shell:Creating prefix chain script '/home/thieulong/ROS2-WorkSpace/install/setup.bash'
[20.783s] INFO:colcon.colcon_core.shell:Creating prefix script '/home/thieulong/ROS2-WorkSpace/install/local_setup.zsh'
[20.784s] INFO:colcon.colcon_core.shell:Creating prefix chain script '/home/thieulong/ROS2-WorkSpace/install/setup.zsh'
